2026-03-28 12:09:05  INFO      __main__ — === AmbitionBox Scraper starting ===
2026-03-28 12:09:05  INFO      __main__ — Target : Bcg  (slug=bcg)
2026-03-28 12:09:05  INFO      __main__ — Output : output/bcg_reviews.csv
2026-03-28 12:09:05  WARNING   __main__ — playwright-stealth not installed. Installing now...
2026-03-28 12:09:07  WARNING   __main__ — Could not auto-install playwright-stealth — run manually: pip install playwright-stealth
2026-03-28 12:09:08  INFO      __main__ — Browser launched: chrome
2026-03-28 12:09:08  INFO      __main__ — Warm-up: visiting ambitionbox.com homepage…
2026-03-28 12:09:16  INFO      __main__ — Warm-up complete
2026-03-28 12:09:16  INFO      __main__ — Loading reviews page 1…
2026-03-28 12:09:47  INFO      parser — Company meta → name= | rating=None | reviews=None | industry=None
2026-03-28 12:09:47  INFO      __main__ — Total reviews: unknown  → 1 pages to scrape
2026-03-28 12:09:47  INFO      __main__ — Page  1/1 — 0 reviews written  [████████████████████████████████████████] 1/1  (100.0%)
2026-03-28 12:09:47  INFO      __main__ — === Scraping complete — 0 reviews written to output/bcg_reviews.csv ===
2026-03-28 12:33:26  INFO      __main__ — === AmbitionBox Scraper starting ===
2026-03-28 12:33:26  INFO      __main__ — Target : Bcg  (slug=bcg)
2026-03-28 12:33:26  INFO      __main__ — Output : output/bcg_reviews.csv
2026-03-28 12:33:26  WARNING   __main__ — playwright-stealth not installed. Installing now...
2026-03-28 12:33:27  WARNING   __main__ — Could not auto-install playwright-stealth — run manually: pip install playwright-stealth
2026-03-28 12:33:28  INFO      __main__ — Browser launched: chrome
2026-03-28 12:33:29  INFO      __main__ — Warm-up: visiting ambitionbox.com homepage…
2026-03-28 12:33:37  INFO      __main__ — Warm-up complete
2026-03-28 12:33:37  INFO      __main__ — Loading reviews page 1…
2026-03-28 12:34:05  INFO      parser — Company meta → name=60+  BCG Associate Consultant Interview Questions & Answers 2026 | AmbitionBox | rating=None | reviews=None | industry=None
2026-03-28 12:34:05  INFO      __main__ — Total reviews: unknown  → 1 pages to scrape
2026-03-28 12:34:05  INFO      __main__ — Page  1/1 — 0 reviews written  [████████████████████████████████████████] 1/1  (100.0%)
2026-03-28 12:34:06  INFO      __main__ — === Scraping complete — 0 reviews written to output/bcg_reviews.csv ===
2026-03-28 12:34:38  INFO      __main__ — === AmbitionBox Scraper starting ===
2026-03-28 12:34:38  INFO      __main__ — Target : Bcg  (slug=bcg)
2026-03-28 12:34:38  INFO      __main__ — Output : output/bcg_reviews.csv
2026-03-28 12:34:38  WARNING   __main__ — playwright-stealth not installed. Installing now...
2026-03-28 12:34:39  WARNING   __main__ — Could not auto-install playwright-stealth — run manually: pip install playwright-stealth
2026-03-28 12:34:40  INFO      __main__ — Browser launched: chrome
2026-03-28 12:34:41  INFO      __main__ — Warm-up: visiting ambitionbox.com homepage…
2026-03-28 12:34:48  INFO      __main__ — Warm-up complete
2026-03-28 12:34:48  INFO      __main__ — Loading reviews page 1…
2026-03-28 12:35:18  INFO      parser — Company meta → name=60+  BCG Associate Consultant Interview Questions & Answers 2026 | AmbitionBox | rating=None | reviews=None | industry=None
2026-03-28 12:35:18  INFO      __main__ — Total reviews: unknown  → 1 pages to scrape
2026-03-28 12:35:18  INFO      __main__ — Page  1/1 — 0 reviews written  [████████████████████████████████████████] 1/1  (100.0%)
2026-03-28 12:35:19  INFO      __main__ — === Scraping complete — 0 reviews written to output/bcg_reviews.csv ===
2026-03-28 12:40:29  INFO      __main__ — === AmbitionBox Scraper starting ===
2026-03-28 12:40:29  INFO      __main__ — Target : Bcg  (slug=bcg)
2026-03-28 12:40:29  INFO      __main__ — Output : output/bcg_reviews.csv
2026-03-28 12:40:29  WARNING   __main__ — playwright-stealth not installed. Installing now...
2026-03-28 12:40:31  WARNING   __main__ — Could not auto-install playwright-stealth — run manually: pip install playwright-stealth
2026-03-28 12:40:32  INFO      __main__ — Browser launched: chrome
2026-03-28 12:40:32  INFO      __main__ — Warm-up: visiting ambitionbox.com homepage…
2026-03-28 12:40:38  INFO      __main__ — Warm-up complete
2026-03-28 12:40:38  INFO      __main__ — Loading reviews page 1…
2026-03-28 12:40:46  INFO      parser — Company meta → name=BCG | rating=3.6 | reviews=499 | industry=Management Consulting
2026-03-28 12:40:46  INFO      __main__ — Total reviews: 499  → 50 pages to scrape
2026-03-28 12:40:46  INFO      __main__ — Page  1/50 — 20 reviews written  [░░░░░░░░░░░░░░░░░░░░░░░░░░░░░░░░░░░░░░░░] 1/50  (2.0%)
2026-03-28 12:40:57  INFO      __main__ — Page   2/50 — 20 reviews written  [█░░░░░░░░░░░░░░░░░░░░░░░░░░░░░░░░░░░░░░░] 2/50  (4.0%)
2026-03-28 12:41:07  INFO      __main__ — Page   3/50 — 20 reviews written  [██░░░░░░░░░░░░░░░░░░░░░░░░░░░░░░░░░░░░░░] 3/50  (6.0%)
2026-03-28 12:41:18  INFO      __main__ — Page   4/50 — 20 reviews written  [███░░░░░░░░░░░░░░░░░░░░░░░░░░░░░░░░░░░░░] 4/50  (8.0%)
2026-03-28 12:42:01  INFO      __main__ — Page   5/50 — 20 reviews written  [████░░░░░░░░░░░░░░░░░░░░░░░░░░░░░░░░░░░░] 5/50  (10.0%)
2026-03-28 12:42:44  INFO      __main__ — Page   6/50 — 20 reviews written  [████░░░░░░░░░░░░░░░░░░░░░░░░░░░░░░░░░░░░] 6/50  (12.0%)
2026-03-28 12:42:58  INFO      __main__ — Page   7/50 — 20 reviews written  [█████░░░░░░░░░░░░░░░░░░░░░░░░░░░░░░░░░░░] 7/50  (14.0%)
2026-03-28 12:43:13  INFO      __main__ — Page   8/50 — 20 reviews written  [██████░░░░░░░░░░░░░░░░░░░░░░░░░░░░░░░░░░] 8/50  (16.0%)
2026-03-28 12:43:28  INFO      __main__ — Page   9/50 — 20 reviews written  [███████░░░░░░░░░░░░░░░░░░░░░░░░░░░░░░░░░] 9/50  (18.0%)
2026-03-28 12:43:39  INFO      __main__ — Page  10/50 — 20 reviews written  [████████░░░░░░░░░░░░░░░░░░░░░░░░░░░░░░░░] 10/50  (20.0%)
2026-03-28 12:44:18  INFO      __main__ — Page  11/50 — 20 reviews written  [████████░░░░░░░░░░░░░░░░░░░░░░░░░░░░░░░░] 11/50  (22.0%)
2026-03-28 12:44:28  INFO      __main__ — Page  12/50 — 20 reviews written  [█████████░░░░░░░░░░░░░░░░░░░░░░░░░░░░░░░] 12/50  (24.0%)
2026-03-28 12:44:40  INFO      __main__ — Page  13/50 — 20 reviews written  [██████████░░░░░░░░░░░░░░░░░░░░░░░░░░░░░░] 13/50  (26.0%)
2026-03-28 12:46:21  INFO      __main__ — Page  14/50 — 20 reviews written  [███████████░░░░░░░░░░░░░░░░░░░░░░░░░░░░░] 14/50  (28.0%)
2026-03-28 12:47:01  INFO      __main__ — Page  15/50 — 20 reviews written  [████████████░░░░░░░░░░░░░░░░░░░░░░░░░░░░] 15/50  (30.0%)
2026-03-28 12:47:13  INFO      __main__ — Page  16/50 — 20 reviews written  [████████████░░░░░░░░░░░░░░░░░░░░░░░░░░░░] 16/50  (32.0%)
2026-03-28 12:47:26  INFO      __main__ — Page  17/50 — 20 reviews written  [█████████████░░░░░░░░░░░░░░░░░░░░░░░░░░░] 17/50  (34.0%)
2026-03-28 12:47:36  INFO      __main__ — Page  18/50 — 20 reviews written  [██████████████░░░░░░░░░░░░░░░░░░░░░░░░░░] 18/50  (36.0%)
2026-03-28 12:47:48  INFO      __main__ — Page  19/50 — 20 reviews written  [███████████████░░░░░░░░░░░░░░░░░░░░░░░░░] 19/50  (38.0%)
2026-03-28 12:47:58  INFO      __main__ — Page  20/50 — 20 reviews written  [████████████████░░░░░░░░░░░░░░░░░░░░░░░░] 20/50  (40.0%)
2026-03-28 12:48:39  INFO      __main__ — Page  21/50 — 20 reviews written  [████████████████░░░░░░░░░░░░░░░░░░░░░░░░] 21/50  (42.0%)
2026-03-28 12:48:49  INFO      __main__ — Page  22/50 — 20 reviews written  [█████████████████░░░░░░░░░░░░░░░░░░░░░░░] 22/50  (44.0%)
2026-03-28 12:49:59  INFO      __main__ — Page  23/50 — 20 reviews written  [██████████████████░░░░░░░░░░░░░░░░░░░░░░] 23/50  (46.0%)
2026-03-28 12:50:11  INFO      __main__ — Page  24/50 — 20 reviews written  [███████████████████░░░░░░░░░░░░░░░░░░░░░] 24/50  (48.0%)
2026-03-28 12:50:24  INFO      __main__ — Page  25/50 — 16 reviews written  [████████████████████░░░░░░░░░░░░░░░░░░░░] 25/50  (50.0%)
2026-03-28 12:50:52  WARNING   __main__ — Timed out waiting for review cards — parsing whatever loaded
2026-03-28 12:50:55  WARNING   __main__ — No reviews on page 26 (empty streak: 1)
