2026-03-28 11:49:10  INFO      __main__ — === AmbitionBox Scraper starting ===
2026-03-28 11:49:10  INFO      __main__ — Target : Delhi Duty Free Services  (slug=delhi duty free services)
2026-03-28 11:49:10  INFO      __main__ — Output : output/delhi duty free services_reviews.csv
2026-03-28 11:49:10  WARNING   __main__ — playwright-stealth not installed. Installing now...
2026-03-28 11:49:11  WARNING   __main__ — Could not auto-install playwright-stealth — run manually: pip install playwright-stealth
2026-03-28 11:49:12  INFO      __main__ — Browser launched: chrome
2026-03-28 11:49:12  INFO      __main__ — Warm-up: visiting ambitionbox.com homepage…
2026-03-28 11:49:19  INFO      __main__ — Warm-up complete
2026-03-28 11:49:19  INFO      __main__ — Loading reviews page 1…
2026-03-28 11:49:59  INFO      parser — Company meta → name=Delhi Duty Free Services | rating=3.8 | reviews=288 | industry=Retail
2026-03-28 11:50:00  INFO      __main__ — Total reviews: 288  → 29 pages to scrape
2026-03-28 11:50:00  INFO      __main__ — Page  1/29 — 20 reviews written  [█░░░░░░░░░░░░░░░░░░░░░░░░░░░░░░░░░░░░░░░] 1/29  (3.4%)
2026-03-28 11:50:41  INFO      __main__ — Page   2/29 — 20 reviews written  [██░░░░░░░░░░░░░░░░░░░░░░░░░░░░░░░░░░░░░░] 2/29  (6.9%)
2026-03-28 11:50:54  INFO      __main__ — Page   3/29 — 20 reviews written  [████░░░░░░░░░░░░░░░░░░░░░░░░░░░░░░░░░░░░] 3/29  (10.3%)
2026-03-28 11:51:08  INFO      __main__ — Page   4/29 — 20 reviews written  [█████░░░░░░░░░░░░░░░░░░░░░░░░░░░░░░░░░░░] 4/29  (13.8%)
2026-03-28 11:51:26  INFO      __main__ — Page   5/29 — 20 reviews written  [██████░░░░░░░░░░░░░░░░░░░░░░░░░░░░░░░░░░] 5/29  (17.2%)
2026-03-28 11:52:11  INFO      __main__ — Page   6/29 — 20 reviews written  [████████░░░░░░░░░░░░░░░░░░░░░░░░░░░░░░░░] 6/29  (20.7%)
2026-03-28 11:52:23  INFO      __main__ — Page   7/29 — 20 reviews written  [█████████░░░░░░░░░░░░░░░░░░░░░░░░░░░░░░░] 7/29  (24.1%)
2026-03-28 11:52:36  INFO      __main__ — Page   8/29 — 20 reviews written  [███████████░░░░░░░░░░░░░░░░░░░░░░░░░░░░░] 8/29  (27.6%)
2026-03-28 11:54:57  INFO      __main__ — Page   9/29 — 20 reviews written  [████████████░░░░░░░░░░░░░░░░░░░░░░░░░░░░] 9/29  (31.0%)
2026-03-28 11:55:11  INFO      __main__ — Page  10/29 — 20 reviews written  [█████████████░░░░░░░░░░░░░░░░░░░░░░░░░░░] 10/29  (34.5%)
2026-03-28 11:56:25  INFO      __main__ — Page  11/29 — 20 reviews written  [███████████████░░░░░░░░░░░░░░░░░░░░░░░░░] 11/29  (37.9%)
2026-03-28 11:57:17  INFO      __main__ — Page  12/29 — 20 reviews written  [████████████████░░░░░░░░░░░░░░░░░░░░░░░░] 12/29  (41.4%)
2026-03-28 11:57:33  INFO      __main__ — Page  13/29 — 20 reviews written  [█████████████████░░░░░░░░░░░░░░░░░░░░░░░] 13/29  (44.8%)
2026-03-28 11:58:13  INFO      __main__ — Page  14/29 — 20 reviews written  [███████████████████░░░░░░░░░░░░░░░░░░░░░] 14/29  (48.3%)
2026-03-28 11:58:26  INFO      __main__ — Page  15/29 — 8 reviews written  [████████████████████░░░░░░░░░░░░░░░░░░░░] 15/29  (51.7%)
2026-03-28 11:58:52  WARNING   __main__ — Timed out waiting for review cards — parsing whatever loaded
2026-03-28 11:58:55  WARNING   __main__ — No reviews on page 16 (empty streak: 1)
2026-03-28 11:59:22  WARNING   __main__ — Timed out waiting for review cards — parsing whatever loaded
2026-03-28 11:59:25  WARNING   __main__ — No reviews on page 17 (empty streak: 2)
2026-03-28 11:59:25  INFO      __main__ — 2 consecutive empty pages — assuming end of reviews
2026-03-28 11:59:25  INFO      __main__ — === Scraping complete — 288 reviews written to output/delhi duty free services_reviews.csv ===
