2026-03-28 12:38:21  INFO      __main__ — === AmbitionBox Scraper starting ===
2026-03-28 12:38:21  INFO      __main__ — Target : Google  (slug=google)
2026-03-28 12:38:21  INFO      __main__ — Output : output/google_reviews.csv
2026-03-28 12:38:21  WARNING   __main__ — playwright-stealth not installed. Installing now...
2026-03-28 12:38:22  WARNING   __main__ — Could not auto-install playwright-stealth — run manually: pip install playwright-stealth
2026-03-28 12:38:23  INFO      __main__ — Browser launched: chrome
2026-03-28 12:38:24  INFO      __main__ — Warm-up: visiting ambitionbox.com homepage…
2026-03-28 12:38:30  INFO      __main__ — Warm-up complete
2026-03-28 12:38:30  INFO      __main__ — Loading reviews page 1…
2026-03-28 12:38:41  INFO      parser — Company meta → name=Google | rating=4.4 | reviews=1.9k | industry=Software Product
2026-03-28 12:38:41  INFO      __main__ — Total reviews: 1.9k  → 1 pages to scrape
2026-03-28 12:38:41  INFO      __main__ — Page  1/1 — 18 reviews written  [████████████████████████████████████████] 1/1  (100.0%)
2026-03-28 12:38:42  INFO      __main__ — === Scraping complete — 18 reviews written to output/google_reviews.csv ===
2026-03-28 13:16:13  INFO      __main__ — === AmbitionBox Scraper starting ===
2026-03-28 13:16:13  INFO      __main__ — Target : Google  (slug=google)
2026-03-28 13:16:13  INFO      __main__ — Output : output/google_reviews.csv
2026-03-28 13:16:13  WARNING   __main__ — playwright-stealth not installed. Installing now...
2026-03-28 13:16:14  WARNING   __main__ — Could not auto-install playwright-stealth — run manually: pip install playwright-stealth
2026-03-28 13:16:15  INFO      __main__ — Browser launched: chrome
2026-03-28 13:16:16  INFO      __main__ — Warm-up: visiting ambitionbox.com homepage…
2026-03-28 13:16:30  INFO      __main__ — Warm-up complete
2026-03-28 13:16:30  INFO      __main__ — Loading reviews page 1…
2026-03-28 13:17:01  INFO      parser — Company meta → name=Google | rating=4.4 | reviews=1.9k | industry=Software Product
2026-03-28 13:17:01  INFO      __main__ — Total reviews: 1.9k  → 95 pages to scrape
2026-03-28 13:17:01  INFO      __main__ — Page  1/95 — 20 reviews written  [░░░░░░░░░░░░░░░░░░░░░░░░░░░░░░░░░░░░░░░░] 1/95  (1.1%)
2026-03-28 13:17:14  INFO      __main__ — Page   2/95 — 20 reviews written  [░░░░░░░░░░░░░░░░░░░░░░░░░░░░░░░░░░░░░░░░] 2/95  (2.1%)
2026-03-28 13:17:24  INFO      __main__ — Page   3/95 — 20 reviews written  [█░░░░░░░░░░░░░░░░░░░░░░░░░░░░░░░░░░░░░░░] 3/95  (3.2%)
2026-03-28 13:18:06  INFO      __main__ — Page   4/95 — 20 reviews written  [█░░░░░░░░░░░░░░░░░░░░░░░░░░░░░░░░░░░░░░░] 4/95  (4.2%)
2026-03-28 13:19:02  INFO      __main__ — Page   5/95 — 20 reviews written  [██░░░░░░░░░░░░░░░░░░░░░░░░░░░░░░░░░░░░░░] 5/95  (5.3%)
2026-03-28 13:19:18  INFO      __main__ — Page   6/95 — 20 reviews written  [██░░░░░░░░░░░░░░░░░░░░░░░░░░░░░░░░░░░░░░] 6/95  (6.3%)
2026-03-28 13:20:02  INFO      __main__ — Page   7/95 — 20 reviews written  [██░░░░░░░░░░░░░░░░░░░░░░░░░░░░░░░░░░░░░░] 7/95  (7.4%)
2026-03-28 13:20:17  INFO      __main__ — Page   8/95 — 20 reviews written  [███░░░░░░░░░░░░░░░░░░░░░░░░░░░░░░░░░░░░░] 8/95  (8.4%)
2026-03-28 13:20:30  INFO      __main__ — Page   9/95 — 20 reviews written  [███░░░░░░░░░░░░░░░░░░░░░░░░░░░░░░░░░░░░░] 9/95  (9.5%)
2026-03-28 13:20:40  INFO      __main__ — Page  10/95 — 20 reviews written  [████░░░░░░░░░░░░░░░░░░░░░░░░░░░░░░░░░░░░] 10/95  (10.5%)
2026-03-28 13:20:50  INFO      __main__ — Page  11/95 — 20 reviews written  [████░░░░░░░░░░░░░░░░░░░░░░░░░░░░░░░░░░░░] 11/95  (11.6%)
2026-03-28 13:20:58  INFO      __main__ — Page  12/95 — 20 reviews written  [█████░░░░░░░░░░░░░░░░░░░░░░░░░░░░░░░░░░░] 12/95  (12.6%)
2026-03-28 13:21:10  INFO      __main__ — Page  13/95 — 20 reviews written  [█████░░░░░░░░░░░░░░░░░░░░░░░░░░░░░░░░░░░] 13/95  (13.7%)
2026-03-28 13:21:21  INFO      __main__ — Page  14/95 — 20 reviews written  [█████░░░░░░░░░░░░░░░░░░░░░░░░░░░░░░░░░░░] 14/95  (14.7%)
2026-03-28 13:21:30  INFO      __main__ — Page  15/95 — 20 reviews written  [██████░░░░░░░░░░░░░░░░░░░░░░░░░░░░░░░░░░] 15/95  (15.8%)
2026-03-28 13:21:43  INFO      __main__ — Page  16/95 — 20 reviews written  [██████░░░░░░░░░░░░░░░░░░░░░░░░░░░░░░░░░░] 16/95  (16.8%)
2026-03-28 13:21:52  INFO      __main__ — Page  17/95 — 20 reviews written  [███████░░░░░░░░░░░░░░░░░░░░░░░░░░░░░░░░░] 17/95  (17.9%)
2026-03-28 13:22:34  INFO      __main__ — Page  18/95 — 20 reviews written  [███████░░░░░░░░░░░░░░░░░░░░░░░░░░░░░░░░░] 18/95  (18.9%)
2026-03-28 13:22:43  INFO      __main__ — Page  19/95 — 20 reviews written  [████████░░░░░░░░░░░░░░░░░░░░░░░░░░░░░░░░] 19/95  (20.0%)
2026-03-28 13:22:55  INFO      __main__ — Page  20/95 — 20 reviews written  [████████░░░░░░░░░░░░░░░░░░░░░░░░░░░░░░░░] 20/95  (21.1%)
2026-03-28 13:23:07  INFO      __main__ — Page  21/95 — 20 reviews written  [████████░░░░░░░░░░░░░░░░░░░░░░░░░░░░░░░░] 21/95  (22.1%)
2026-03-28 13:23:16  INFO      __main__ — Page  22/95 — 20 reviews written  [█████████░░░░░░░░░░░░░░░░░░░░░░░░░░░░░░░] 22/95  (23.2%)
2026-03-28 13:23:58  INFO      __main__ — Page  23/95 — 20 reviews written  [█████████░░░░░░░░░░░░░░░░░░░░░░░░░░░░░░░] 23/95  (24.2%)
2026-03-28 13:24:08  INFO      __main__ — Page  24/95 — 20 reviews written  [██████████░░░░░░░░░░░░░░░░░░░░░░░░░░░░░░] 24/95  (25.3%)
2026-03-28 13:24:20  INFO      __main__ — Page  25/95 — 20 reviews written  [██████████░░░░░░░░░░░░░░░░░░░░░░░░░░░░░░] 25/95  (26.3%)
2026-03-28 13:24:28  INFO      __main__ — Page  26/95 — 20 reviews written  [██████████░░░░░░░░░░░░░░░░░░░░░░░░░░░░░░] 26/95  (27.4%)
2026-03-28 13:24:36  INFO      __main__ — Page  27/95 — 20 reviews written  [███████████░░░░░░░░░░░░░░░░░░░░░░░░░░░░░] 27/95  (28.4%)
2026-03-28 13:24:48  INFO      __main__ — Page  28/95 — 20 reviews written  [███████████░░░░░░░░░░░░░░░░░░░░░░░░░░░░░] 28/95  (29.5%)
2026-03-28 13:24:57  INFO      __main__ — Page  29/95 — 20 reviews written  [████████████░░░░░░░░░░░░░░░░░░░░░░░░░░░░] 29/95  (30.5%)
2026-03-28 13:25:05  INFO      __main__ — Page  30/95 — 20 reviews written  [████████████░░░░░░░░░░░░░░░░░░░░░░░░░░░░] 30/95  (31.6%)
2026-03-28 13:25:15  INFO      __main__ — Page  31/95 — 20 reviews written  [█████████████░░░░░░░░░░░░░░░░░░░░░░░░░░░] 31/95  (32.6%)
2026-03-28 13:25:55  INFO      __main__ — Page  32/95 — 20 reviews written  [█████████████░░░░░░░░░░░░░░░░░░░░░░░░░░░] 32/95  (33.7%)
2026-03-28 13:26:07  INFO      __main__ — Page  33/95 — 20 reviews written  [█████████████░░░░░░░░░░░░░░░░░░░░░░░░░░░] 33/95  (34.7%)
2026-03-28 13:26:18  INFO      __main__ — Page  34/95 — 20 reviews written  [██████████████░░░░░░░░░░░░░░░░░░░░░░░░░░] 34/95  (35.8%)
2026-03-28 13:26:30  INFO      __main__ — Page  35/95 — 20 reviews written  [██████████████░░░░░░░░░░░░░░░░░░░░░░░░░░] 35/95  (36.8%)
2026-03-28 13:26:39  INFO      __main__ — Page  36/95 — 20 reviews written  [███████████████░░░░░░░░░░░░░░░░░░░░░░░░░] 36/95  (37.9%)
2026-03-28 13:26:49  INFO      __main__ — Page  37/95 — 20 reviews written  [███████████████░░░░░░░░░░░░░░░░░░░░░░░░░] 37/95  (38.9%)
2026-03-28 13:27:00  INFO      __main__ — Page  38/95 — 20 reviews written  [████████████████░░░░░░░░░░░░░░░░░░░░░░░░] 38/95  (40.0%)
2026-03-28 13:27:10  INFO      __main__ — Page  39/95 — 20 reviews written  [████████████████░░░░░░░░░░░░░░░░░░░░░░░░] 39/95  (41.1%)
2026-03-28 13:27:21  INFO      __main__ — Page  40/95 — 20 reviews written  [████████████████░░░░░░░░░░░░░░░░░░░░░░░░] 40/95  (42.1%)
2026-03-28 13:27:33  INFO      __main__ — Page  41/95 — 20 reviews written  [█████████████████░░░░░░░░░░░░░░░░░░░░░░░] 41/95  (43.2%)
2026-03-28 13:27:44  INFO      __main__ — Page  42/95 — 20 reviews written  [█████████████████░░░░░░░░░░░░░░░░░░░░░░░] 42/95  (44.2%)
2026-03-28 13:27:56  INFO      __main__ — Page  43/95 — 20 reviews written  [██████████████████░░░░░░░░░░░░░░░░░░░░░░] 43/95  (45.3%)
2026-03-28 13:28:07  INFO      __main__ — Page  44/95 — 20 reviews written  [██████████████████░░░░░░░░░░░░░░░░░░░░░░] 44/95  (46.3%)
2026-03-28 13:28:16  INFO      __main__ — Page  45/95 — 20 reviews written  [██████████████████░░░░░░░░░░░░░░░░░░░░░░] 45/95  (47.4%)
2026-03-28 13:28:25  INFO      __main__ — Page  46/95 — 20 reviews written  [███████████████████░░░░░░░░░░░░░░░░░░░░░] 46/95  (48.4%)
2026-03-28 13:28:36  INFO      __main__ — Page  47/95 — 20 reviews written  [███████████████████░░░░░░░░░░░░░░░░░░░░░] 47/95  (49.5%)
2026-03-28 13:28:45  INFO      __main__ — Page  48/95 — 20 reviews written  [████████████████████░░░░░░░░░░░░░░░░░░░░] 48/95  (50.5%)
2026-03-28 13:28:59  INFO      __main__ — Page  49/95 — 20 reviews written  [████████████████████░░░░░░░░░░░░░░░░░░░░] 49/95  (51.6%)
2026-03-28 13:29:11  INFO      __main__ — Page  50/95 — 20 reviews written  [█████████████████████░░░░░░░░░░░░░░░░░░░] 50/95  (52.6%)
2026-03-28 13:29:20  INFO      __main__ — Page  51/95 — 20 reviews written  [█████████████████████░░░░░░░░░░░░░░░░░░░] 51/95  (53.7%)
2026-03-28 13:29:32  INFO      __main__ — Page  52/95 — 20 reviews written  [█████████████████████░░░░░░░░░░░░░░░░░░░] 52/95  (54.7%)
2026-03-28 13:29:40  INFO      __main__ — Page  53/95 — 20 reviews written  [██████████████████████░░░░░░░░░░░░░░░░░░] 53/95  (55.8%)
2026-03-28 13:29:52  INFO      __main__ — Page  54/95 — 20 reviews written  [██████████████████████░░░░░░░░░░░░░░░░░░] 54/95  (56.8%)
2026-03-28 13:30:01  INFO      __main__ — Page  55/95 — 20 reviews written  [███████████████████████░░░░░░░░░░░░░░░░░] 55/95  (57.9%)
2026-03-28 13:30:11  INFO      __main__ — Page  56/95 — 20 reviews written  [███████████████████████░░░░░░░░░░░░░░░░░] 56/95  (58.9%)
2026-03-28 13:30:22  INFO      __main__ — Page  57/95 — 20 reviews written  [████████████████████████░░░░░░░░░░░░░░░░] 57/95  (60.0%)
2026-03-28 13:30:33  INFO      __main__ — Page  58/95 — 20 reviews written  [████████████████████████░░░░░░░░░░░░░░░░] 58/95  (61.1%)
2026-03-28 13:30:44  INFO      __main__ — Page  59/95 — 20 reviews written  [████████████████████████░░░░░░░░░░░░░░░░] 59/95  (62.1%)
2026-03-28 13:30:53  INFO      __main__ — Page  60/95 — 20 reviews written  [█████████████████████████░░░░░░░░░░░░░░░] 60/95  (63.2%)
2026-03-28 13:31:04  INFO      __main__ — Page  61/95 — 20 reviews written  [█████████████████████████░░░░░░░░░░░░░░░] 61/95  (64.2%)
2026-03-28 13:31:16  INFO      __main__ — Page  62/95 — 20 reviews written  [██████████████████████████░░░░░░░░░░░░░░] 62/95  (65.3%)
2026-03-28 13:31:27  INFO      __main__ — Page  63/95 — 20 reviews written  [██████████████████████████░░░░░░░░░░░░░░] 63/95  (66.3%)
2026-03-28 13:31:38  INFO      __main__ — Page  64/95 — 20 reviews written  [██████████████████████████░░░░░░░░░░░░░░] 64/95  (67.4%)
2026-03-28 13:31:50  INFO      __main__ — Page  65/95 — 20 reviews written  [███████████████████████████░░░░░░░░░░░░░] 65/95  (68.4%)
2026-03-28 13:32:01  INFO      __main__ — Page  66/95 — 20 reviews written  [███████████████████████████░░░░░░░░░░░░░] 66/95  (69.5%)
2026-03-28 13:32:13  INFO      __main__ — Page  67/95 — 20 reviews written  [████████████████████████████░░░░░░░░░░░░] 67/95  (70.5%)
2026-03-28 13:32:22  INFO      __main__ — Page  68/95 — 20 reviews written  [████████████████████████████░░░░░░░░░░░░] 68/95  (71.6%)
2026-03-28 13:32:30  INFO      __main__ — Page  69/95 — 20 reviews written  [█████████████████████████████░░░░░░░░░░░] 69/95  (72.6%)
2026-03-28 13:32:42  INFO      __main__ — Page  70/95 — 20 reviews written  [█████████████████████████████░░░░░░░░░░░] 70/95  (73.7%)
2026-03-28 13:32:51  INFO      __main__ — Page  71/95 — 20 reviews written  [█████████████████████████████░░░░░░░░░░░] 71/95  (74.7%)
2026-03-28 13:33:02  INFO      __main__ — Page  72/95 — 20 reviews written  [██████████████████████████████░░░░░░░░░░] 72/95  (75.8%)
2026-03-28 13:33:15  INFO      __main__ — Page  73/95 — 20 reviews written  [██████████████████████████████░░░░░░░░░░] 73/95  (76.8%)
2026-03-28 13:33:26  INFO      __main__ — Page  74/95 — 20 reviews written  [███████████████████████████████░░░░░░░░░] 74/95  (77.9%)
2026-03-28 13:33:37  INFO      __main__ — Page  75/95 — 20 reviews written  [███████████████████████████████░░░░░░░░░] 75/95  (78.9%)
2026-03-28 13:33:46  INFO      __main__ — Page  76/95 — 20 reviews written  [████████████████████████████████░░░░░░░░] 76/95  (80.0%)
2026-03-28 13:33:55  INFO      __main__ — Page  77/95 — 20 reviews written  [████████████████████████████████░░░░░░░░] 77/95  (81.1%)
2026-03-28 13:34:08  INFO      __main__ — Page  78/95 — 20 reviews written  [████████████████████████████████░░░░░░░░] 78/95  (82.1%)
2026-03-28 13:34:18  INFO      __main__ — Page  79/95 — 20 reviews written  [█████████████████████████████████░░░░░░░] 79/95  (83.2%)
2026-03-28 13:34:26  INFO      __main__ — Page  80/95 — 20 reviews written  [█████████████████████████████████░░░░░░░] 80/95  (84.2%)
2026-03-28 13:35:09  INFO      __main__ — Page  81/95 — 20 reviews written  [██████████████████████████████████░░░░░░] 81/95  (85.3%)
2026-03-28 13:35:19  INFO      __main__ — Page  82/95 — 20 reviews written  [██████████████████████████████████░░░░░░] 82/95  (86.3%)
2026-03-28 13:35:30  INFO      __main__ — Page  83/95 — 20 reviews written  [██████████████████████████████████░░░░░░] 83/95  (87.4%)
2026-03-28 13:36:12  INFO      __main__ — Page  84/95 — 20 reviews written  [███████████████████████████████████░░░░░] 84/95  (88.4%)
2026-03-28 13:36:23  INFO      __main__ — Page  85/95 — 20 reviews written  [███████████████████████████████████░░░░░] 85/95  (89.5%)
2026-03-28 13:36:34  INFO      __main__ — Page  86/95 — 20 reviews written  [████████████████████████████████████░░░░] 86/95  (90.5%)
2026-03-28 13:36:42  INFO      __main__ — Page  87/95 — 20 reviews written  [████████████████████████████████████░░░░] 87/95  (91.6%)
2026-03-28 13:36:53  INFO      __main__ — Page  88/95 — 20 reviews written  [█████████████████████████████████████░░░] 88/95  (92.6%)
2026-03-28 13:37:08  INFO      __main__ — Page  89/95 — 20 reviews written  [█████████████████████████████████████░░░] 89/95  (93.7%)
2026-03-28 13:37:18  INFO      __main__ — Page  90/95 — 20 reviews written  [█████████████████████████████████████░░░] 90/95  (94.7%)
2026-03-28 13:37:28  INFO      __main__ — Page  91/95 — 20 reviews written  [██████████████████████████████████████░░] 91/95  (95.8%)
2026-03-28 13:37:39  INFO      __main__ — Page  92/95 — 20 reviews written  [██████████████████████████████████████░░] 92/95  (96.8%)
2026-03-28 13:37:49  INFO      __main__ — Page  93/95 — 20 reviews written  [███████████████████████████████████████░] 93/95  (97.9%)
2026-03-28 13:38:00  INFO      __main__ — Page  94/95 — 20 reviews written  [███████████████████████████████████████░] 94/95  (98.9%)
2026-03-28 13:38:13  INFO      __main__ — Page  95/95 — 15 reviews written  [████████████████████████████████████████] 95/95  (100.0%)
2026-03-28 13:38:13  INFO      __main__ — === Scraping complete — 1895 reviews written to output/google_reviews.csv ===
