2026-03-29 22:22:09  INFO      __main__ — === AmbitionBox Scraper ===
2026-03-29 22:22:09  INFO      __main__ — Target : ITC
2026-03-29 22:22:09  WARNING   __main__ — playwright-stealth not installed. Auto-installing...
2026-03-29 22:22:11  INFO      __main__ — Browser launched: chrome
2026-03-29 22:22:12  INFO      __main__ — Warm-up: visiting ambitionbox.com homepage…
2026-03-29 22:22:28  INFO      parser — Company meta → name=ITC | rating=3.9 | reviews=7.1k | industry=FMCG
2026-03-29 22:22:28  INFO      __main__ — Target has 7.1k total reviews → 355 pages
2026-03-29 22:22:28  INFO      __main__ — Page   1/355 — 8 reviews written [░░░░░░░░░░░░░░░░░░░░░░░░░░░░░░░░░░░░░░░░] 1/355  (0.3%)
2026-03-29 22:22:39  INFO      __main__ — Page   2/355 — 20 reviews written [░░░░░░░░░░░░░░░░░░░░░░░░░░░░░░░░░░░░░░░░] 2/355  (0.6%)
2026-03-29 22:22:50  INFO      __main__ — Page   3/355 — 20 reviews written [░░░░░░░░░░░░░░░░░░░░░░░░░░░░░░░░░░░░░░░░] 3/355  (0.8%)
2026-03-29 22:22:59  INFO      __main__ — Page   4/355 — 20 reviews written [░░░░░░░░░░░░░░░░░░░░░░░░░░░░░░░░░░░░░░░░] 4/355  (1.1%)
2026-03-29 22:24:41  INFO      __main__ — Page   5/355 — 20 reviews written [░░░░░░░░░░░░░░░░░░░░░░░░░░░░░░░░░░░░░░░░] 5/355  (1.4%)
2026-03-29 22:24:52  INFO      __main__ — Page   6/355 — 20 reviews written [░░░░░░░░░░░░░░░░░░░░░░░░░░░░░░░░░░░░░░░░] 6/355  (1.7%)
2026-03-29 22:25:01  INFO      __main__ — Page   7/355 — 20 reviews written [░░░░░░░░░░░░░░░░░░░░░░░░░░░░░░░░░░░░░░░░] 7/355  (2.0%)
2026-03-29 22:25:12  INFO      __main__ — Page   8/355 — 20 reviews written [░░░░░░░░░░░░░░░░░░░░░░░░░░░░░░░░░░░░░░░░] 8/355  (2.3%)
2026-03-29 22:25:56  INFO      __main__ — Page   9/355 — 20 reviews written [█░░░░░░░░░░░░░░░░░░░░░░░░░░░░░░░░░░░░░░░] 9/355  (2.5%)
2026-03-29 22:26:12  INFO      __main__ — Page  10/355 — 20 reviews written [█░░░░░░░░░░░░░░░░░░░░░░░░░░░░░░░░░░░░░░░] 10/355  (2.8%)
2026-03-29 22:26:26  INFO      __main__ — Page  11/355 — 20 reviews written [█░░░░░░░░░░░░░░░░░░░░░░░░░░░░░░░░░░░░░░░] 11/355  (3.1%)
2026-03-29 22:26:40  INFO      __main__ — Page  12/355 — 20 reviews written [█░░░░░░░░░░░░░░░░░░░░░░░░░░░░░░░░░░░░░░░] 12/355  (3.4%)
2026-03-29 22:26:54  INFO      __main__ — Page  13/355 — 20 reviews written [█░░░░░░░░░░░░░░░░░░░░░░░░░░░░░░░░░░░░░░░] 13/355  (3.7%)
2026-03-29 22:27:07  INFO      __main__ — Page  14/355 — 20 reviews written [█░░░░░░░░░░░░░░░░░░░░░░░░░░░░░░░░░░░░░░░] 14/355  (3.9%)
2026-03-29 22:27:51  INFO      __main__ — Page  15/355 — 20 reviews written [█░░░░░░░░░░░░░░░░░░░░░░░░░░░░░░░░░░░░░░░] 15/355  (4.2%)
2026-03-29 22:28:05  INFO      __main__ — Page  16/355 — 20 reviews written [█░░░░░░░░░░░░░░░░░░░░░░░░░░░░░░░░░░░░░░░] 16/355  (4.5%)
2026-03-29 22:28:19  INFO      __main__ — Page  17/355 — 20 reviews written [█░░░░░░░░░░░░░░░░░░░░░░░░░░░░░░░░░░░░░░░] 17/355  (4.8%)
2026-03-29 22:28:29  INFO      __main__ — Page  18/355 — 20 reviews written [██░░░░░░░░░░░░░░░░░░░░░░░░░░░░░░░░░░░░░░] 18/355  (5.1%)
2026-03-29 22:28:39  INFO      __main__ — Page  19/355 — 20 reviews written [██░░░░░░░░░░░░░░░░░░░░░░░░░░░░░░░░░░░░░░] 19/355  (5.4%)
2026-03-29 22:28:51  INFO      __main__ — Page  20/355 — 20 reviews written [██░░░░░░░░░░░░░░░░░░░░░░░░░░░░░░░░░░░░░░] 20/355  (5.6%)
2026-03-29 22:29:01  INFO      __main__ — Page  21/355 — 20 reviews written [██░░░░░░░░░░░░░░░░░░░░░░░░░░░░░░░░░░░░░░] 21/355  (5.9%)
2026-03-29 22:29:11  INFO      __main__ — Page  22/355 — 20 reviews written [██░░░░░░░░░░░░░░░░░░░░░░░░░░░░░░░░░░░░░░] 22/355  (6.2%)
2026-03-29 22:29:23  INFO      __main__ — Page  23/355 — 20 reviews written [██░░░░░░░░░░░░░░░░░░░░░░░░░░░░░░░░░░░░░░] 23/355  (6.5%)
2026-03-29 22:29:35  INFO      __main__ — Page  24/355 — 20 reviews written [██░░░░░░░░░░░░░░░░░░░░░░░░░░░░░░░░░░░░░░] 24/355  (6.8%)
2026-03-29 22:29:45  INFO      __main__ — Page  25/355 — 20 reviews written [██░░░░░░░░░░░░░░░░░░░░░░░░░░░░░░░░░░░░░░] 25/355  (7.0%)
2026-03-29 22:29:57  INFO      __main__ — Page  26/355 — 20 reviews written [██░░░░░░░░░░░░░░░░░░░░░░░░░░░░░░░░░░░░░░] 26/355  (7.3%)
2026-03-29 22:30:07  INFO      __main__ — Page  27/355 — 20 reviews written [███░░░░░░░░░░░░░░░░░░░░░░░░░░░░░░░░░░░░░] 27/355  (7.6%)
2026-03-29 22:30:15  INFO      __main__ — Page  28/355 — 20 reviews written [███░░░░░░░░░░░░░░░░░░░░░░░░░░░░░░░░░░░░░] 28/355  (7.9%)
2026-03-29 22:30:27  INFO      __main__ — Page  29/355 — 20 reviews written [███░░░░░░░░░░░░░░░░░░░░░░░░░░░░░░░░░░░░░] 29/355  (8.2%)
2026-03-29 22:30:38  INFO      __main__ — Page  30/355 — 20 reviews written [███░░░░░░░░░░░░░░░░░░░░░░░░░░░░░░░░░░░░░] 30/355  (8.5%)
2026-03-29 22:30:50  INFO      __main__ — Page  31/355 — 20 reviews written [███░░░░░░░░░░░░░░░░░░░░░░░░░░░░░░░░░░░░░] 31/355  (8.7%)
2026-03-29 22:30:59  INFO      __main__ — Page  32/355 — 20 reviews written [███░░░░░░░░░░░░░░░░░░░░░░░░░░░░░░░░░░░░░] 32/355  (9.0%)
2026-03-29 22:31:09  INFO      __main__ — Page  33/355 — 20 reviews written [███░░░░░░░░░░░░░░░░░░░░░░░░░░░░░░░░░░░░░] 33/355  (9.3%)
2026-03-29 22:31:18  INFO      __main__ — Page  34/355 — 20 reviews written [███░░░░░░░░░░░░░░░░░░░░░░░░░░░░░░░░░░░░░] 34/355  (9.6%)
2026-03-29 22:31:29  INFO      __main__ — Page  35/355 — 20 reviews written [███░░░░░░░░░░░░░░░░░░░░░░░░░░░░░░░░░░░░░] 35/355  (9.9%)
2026-03-29 22:31:41  INFO      __main__ — Page  36/355 — 20 reviews written [████░░░░░░░░░░░░░░░░░░░░░░░░░░░░░░░░░░░░] 36/355  (10.1%)
2026-03-29 22:31:51  INFO      __main__ — Page  37/355 — 20 reviews written [████░░░░░░░░░░░░░░░░░░░░░░░░░░░░░░░░░░░░] 37/355  (10.4%)
2026-03-29 22:32:01  INFO      __main__ — Page  38/355 — 20 reviews written [████░░░░░░░░░░░░░░░░░░░░░░░░░░░░░░░░░░░░] 38/355  (10.7%)
2026-03-29 22:32:13  INFO      __main__ — Page  39/355 — 20 reviews written [████░░░░░░░░░░░░░░░░░░░░░░░░░░░░░░░░░░░░] 39/355  (11.0%)
2026-03-29 22:32:23  INFO      __main__ — Page  40/355 — 20 reviews written [████░░░░░░░░░░░░░░░░░░░░░░░░░░░░░░░░░░░░] 40/355  (11.3%)
2026-03-29 22:32:36  INFO      __main__ — Page  41/355 — 20 reviews written [████░░░░░░░░░░░░░░░░░░░░░░░░░░░░░░░░░░░░] 41/355  (11.5%)
2026-03-29 22:32:47  INFO      __main__ — Page  42/355 — 20 reviews written [████░░░░░░░░░░░░░░░░░░░░░░░░░░░░░░░░░░░░] 42/355  (11.8%)
2026-03-29 22:32:59  INFO      __main__ — Page  43/355 — 20 reviews written [████░░░░░░░░░░░░░░░░░░░░░░░░░░░░░░░░░░░░] 43/355  (12.1%)
2026-03-29 22:33:11  INFO      __main__ — Page  44/355 — 20 reviews written [████░░░░░░░░░░░░░░░░░░░░░░░░░░░░░░░░░░░░] 44/355  (12.4%)
2026-03-29 22:33:22  INFO      __main__ — Page  45/355 — 20 reviews written [█████░░░░░░░░░░░░░░░░░░░░░░░░░░░░░░░░░░░] 45/355  (12.7%)
2026-03-29 22:33:35  INFO      __main__ — Page  46/355 — 20 reviews written [█████░░░░░░░░░░░░░░░░░░░░░░░░░░░░░░░░░░░] 46/355  (13.0%)
2026-03-29 22:33:45  INFO      __main__ — Page  47/355 — 20 reviews written [█████░░░░░░░░░░░░░░░░░░░░░░░░░░░░░░░░░░░] 47/355  (13.2%)
2026-03-29 22:33:56  INFO      __main__ — Page  48/355 — 20 reviews written [█████░░░░░░░░░░░░░░░░░░░░░░░░░░░░░░░░░░░] 48/355  (13.5%)
2026-03-29 22:34:07  INFO      __main__ — Page  49/355 — 20 reviews written [█████░░░░░░░░░░░░░░░░░░░░░░░░░░░░░░░░░░░] 49/355  (13.8%)
2026-03-29 22:34:18  INFO      __main__ — Page  50/355 — 20 reviews written [█████░░░░░░░░░░░░░░░░░░░░░░░░░░░░░░░░░░░] 50/355  (14.1%)
2026-03-29 22:34:31  INFO      __main__ — Page  51/355 — 20 reviews written [█████░░░░░░░░░░░░░░░░░░░░░░░░░░░░░░░░░░░] 51/355  (14.4%)
2026-03-29 22:34:44  INFO      __main__ — Page  52/355 — 20 reviews written [█████░░░░░░░░░░░░░░░░░░░░░░░░░░░░░░░░░░░] 52/355  (14.6%)
2026-03-29 22:34:56  INFO      __main__ — Page  53/355 — 20 reviews written [█████░░░░░░░░░░░░░░░░░░░░░░░░░░░░░░░░░░░] 53/355  (14.9%)
2026-03-29 22:35:07  INFO      __main__ — Page  54/355 — 20 reviews written [██████░░░░░░░░░░░░░░░░░░░░░░░░░░░░░░░░░░] 54/355  (15.2%)
2026-03-29 22:35:19  INFO      __main__ — Page  55/355 — 20 reviews written [██████░░░░░░░░░░░░░░░░░░░░░░░░░░░░░░░░░░] 55/355  (15.5%)
2026-03-29 22:35:27  INFO      __main__ — Page  56/355 — 20 reviews written [██████░░░░░░░░░░░░░░░░░░░░░░░░░░░░░░░░░░] 56/355  (15.8%)
2026-03-29 22:35:41  INFO      __main__ — Page  57/355 — 20 reviews written [██████░░░░░░░░░░░░░░░░░░░░░░░░░░░░░░░░░░] 57/355  (16.1%)
2026-03-29 22:35:52  INFO      __main__ — Page  58/355 — 20 reviews written [██████░░░░░░░░░░░░░░░░░░░░░░░░░░░░░░░░░░] 58/355  (16.3%)
2026-03-29 22:36:03  INFO      __main__ — Page  59/355 — 20 reviews written [██████░░░░░░░░░░░░░░░░░░░░░░░░░░░░░░░░░░] 59/355  (16.6%)
2026-03-29 22:36:12  INFO      __main__ — Page  60/355 — 20 reviews written [██████░░░░░░░░░░░░░░░░░░░░░░░░░░░░░░░░░░] 60/355  (16.9%)
2026-03-29 22:36:20  INFO      __main__ — Page  61/355 — 20 reviews written [██████░░░░░░░░░░░░░░░░░░░░░░░░░░░░░░░░░░] 61/355  (17.2%)
2026-03-29 22:36:30  INFO      __main__ — Page  62/355 — 20 reviews written [██████░░░░░░░░░░░░░░░░░░░░░░░░░░░░░░░░░░] 62/355  (17.5%)
2026-03-29 22:36:42  INFO      __main__ — Page  63/355 — 20 reviews written [███████░░░░░░░░░░░░░░░░░░░░░░░░░░░░░░░░░] 63/355  (17.7%)
2026-03-29 22:36:51  INFO      __main__ — Page  64/355 — 20 reviews written [███████░░░░░░░░░░░░░░░░░░░░░░░░░░░░░░░░░] 64/355  (18.0%)
2026-03-29 22:37:04  INFO      __main__ — Page  65/355 — 20 reviews written [███████░░░░░░░░░░░░░░░░░░░░░░░░░░░░░░░░░] 65/355  (18.3%)
2026-03-29 22:37:14  INFO      __main__ — Page  66/355 — 20 reviews written [███████░░░░░░░░░░░░░░░░░░░░░░░░░░░░░░░░░] 66/355  (18.6%)
2026-03-29 22:37:25  INFO      __main__ — Page  67/355 — 20 reviews written [███████░░░░░░░░░░░░░░░░░░░░░░░░░░░░░░░░░] 67/355  (18.9%)
2026-03-29 22:37:33  INFO      __main__ — Page  68/355 — 20 reviews written [███████░░░░░░░░░░░░░░░░░░░░░░░░░░░░░░░░░] 68/355  (19.2%)
2026-03-29 22:38:14  INFO      __main__ — Page  69/355 — 20 reviews written [███████░░░░░░░░░░░░░░░░░░░░░░░░░░░░░░░░░] 69/355  (19.4%)
2026-03-29 22:38:24  INFO      __main__ — Page  70/355 — 20 reviews written [███████░░░░░░░░░░░░░░░░░░░░░░░░░░░░░░░░░] 70/355  (19.7%)
2026-03-29 22:38:35  INFO      __main__ — Page  71/355 — 20 reviews written [████████░░░░░░░░░░░░░░░░░░░░░░░░░░░░░░░░] 71/355  (20.0%)
2026-03-29 22:38:46  INFO      __main__ — Page  72/355 — 20 reviews written [████████░░░░░░░░░░░░░░░░░░░░░░░░░░░░░░░░] 72/355  (20.3%)
2026-03-29 22:38:58  INFO      __main__ — Page  73/355 — 20 reviews written [████████░░░░░░░░░░░░░░░░░░░░░░░░░░░░░░░░] 73/355  (20.6%)
2026-03-29 22:39:07  INFO      __main__ — Page  74/355 — 20 reviews written [████████░░░░░░░░░░░░░░░░░░░░░░░░░░░░░░░░] 74/355  (20.8%)
2026-03-29 22:39:16  INFO      __main__ — Page  75/355 — 20 reviews written [████████░░░░░░░░░░░░░░░░░░░░░░░░░░░░░░░░] 75/355  (21.1%)
2026-03-29 22:39:24  INFO      __main__ — Page  76/355 — 20 reviews written [████████░░░░░░░░░░░░░░░░░░░░░░░░░░░░░░░░] 76/355  (21.4%)
2026-03-29 22:39:34  INFO      __main__ — Page  77/355 — 20 reviews written [████████░░░░░░░░░░░░░░░░░░░░░░░░░░░░░░░░] 77/355  (21.7%)
2026-03-29 22:39:44  INFO      __main__ — Page  78/355 — 20 reviews written [████████░░░░░░░░░░░░░░░░░░░░░░░░░░░░░░░░] 78/355  (22.0%)
2026-03-29 22:39:53  INFO      __main__ — Page  79/355 — 20 reviews written [████████░░░░░░░░░░░░░░░░░░░░░░░░░░░░░░░░] 79/355  (22.3%)
2026-03-29 22:40:04  INFO      __main__ — Page  80/355 — 20 reviews written [█████████░░░░░░░░░░░░░░░░░░░░░░░░░░░░░░░] 80/355  (22.5%)
2026-03-29 22:40:15  INFO      __main__ — Page  81/355 — 20 reviews written [█████████░░░░░░░░░░░░░░░░░░░░░░░░░░░░░░░] 81/355  (22.8%)
2026-03-29 22:40:27  INFO      __main__ — Page  82/355 — 20 reviews written [█████████░░░░░░░░░░░░░░░░░░░░░░░░░░░░░░░] 82/355  (23.1%)
2026-03-29 22:40:35  INFO      __main__ — Page  83/355 — 20 reviews written [█████████░░░░░░░░░░░░░░░░░░░░░░░░░░░░░░░] 83/355  (23.4%)
2026-03-29 22:40:44  INFO      __main__ — Page  84/355 — 20 reviews written [█████████░░░░░░░░░░░░░░░░░░░░░░░░░░░░░░░] 84/355  (23.7%)
2026-03-29 22:41:24  INFO      __main__ — Page  85/355 — 20 reviews written [█████████░░░░░░░░░░░░░░░░░░░░░░░░░░░░░░░] 85/355  (23.9%)
2026-03-29 22:41:34  INFO      __main__ — Page  86/355 — 20 reviews written [█████████░░░░░░░░░░░░░░░░░░░░░░░░░░░░░░░] 86/355  (24.2%)
2026-03-29 22:41:43  INFO      __main__ — Page  87/355 — 20 reviews written [█████████░░░░░░░░░░░░░░░░░░░░░░░░░░░░░░░] 87/355  (24.5%)
2026-03-29 22:41:52  INFO      __main__ — Page  88/355 — 20 reviews written [█████████░░░░░░░░░░░░░░░░░░░░░░░░░░░░░░░] 88/355  (24.8%)
2026-03-29 22:42:05  INFO      __main__ — Page  89/355 — 20 reviews written [██████████░░░░░░░░░░░░░░░░░░░░░░░░░░░░░░] 89/355  (25.1%)
2026-03-29 22:42:15  INFO      __main__ — Page  90/355 — 20 reviews written [██████████░░░░░░░░░░░░░░░░░░░░░░░░░░░░░░] 90/355  (25.4%)
2026-03-29 22:42:23  INFO      __main__ — Page  91/355 — 20 reviews written [██████████░░░░░░░░░░░░░░░░░░░░░░░░░░░░░░] 91/355  (25.6%)
2026-03-29 22:42:36  INFO      __main__ — Page  92/355 — 20 reviews written [██████████░░░░░░░░░░░░░░░░░░░░░░░░░░░░░░] 92/355  (25.9%)
2026-03-29 22:42:47  INFO      __main__ — Page  93/355 — 20 reviews written [██████████░░░░░░░░░░░░░░░░░░░░░░░░░░░░░░] 93/355  (26.2%)
2026-03-29 22:43:29  INFO      __main__ — Page  94/355 — 20 reviews written [██████████░░░░░░░░░░░░░░░░░░░░░░░░░░░░░░] 94/355  (26.5%)
2026-03-29 22:43:37  INFO      __main__ — Page  95/355 — 20 reviews written [██████████░░░░░░░░░░░░░░░░░░░░░░░░░░░░░░] 95/355  (26.8%)
2026-03-29 22:43:48  INFO      __main__ — Page  96/355 — 20 reviews written [██████████░░░░░░░░░░░░░░░░░░░░░░░░░░░░░░] 96/355  (27.0%)
2026-03-29 22:44:03  INFO      __main__ — Page  97/355 — 20 reviews written [██████████░░░░░░░░░░░░░░░░░░░░░░░░░░░░░░] 97/355  (27.3%)
2026-03-29 22:44:15  INFO      __main__ — Page  98/355 — 20 reviews written [███████████░░░░░░░░░░░░░░░░░░░░░░░░░░░░░] 98/355  (27.6%)
2026-03-29 22:44:25  INFO      __main__ — Page  99/355 — 20 reviews written [███████████░░░░░░░░░░░░░░░░░░░░░░░░░░░░░] 99/355  (27.9%)
2026-03-29 22:44:33  INFO      __main__ — Page 100/355 — 20 reviews written [███████████░░░░░░░░░░░░░░░░░░░░░░░░░░░░░] 100/355  (28.2%)
2026-03-29 22:44:43  INFO      __main__ — Page 101/355 — 20 reviews written [███████████░░░░░░░░░░░░░░░░░░░░░░░░░░░░░] 101/355  (28.5%)
2026-03-29 22:46:24  INFO      __main__ — Page 102/355 — 20 reviews written [███████████░░░░░░░░░░░░░░░░░░░░░░░░░░░░░] 102/355  (28.7%)
2026-03-29 22:46:34  INFO      __main__ — Page 103/355 — 20 reviews written [███████████░░░░░░░░░░░░░░░░░░░░░░░░░░░░░] 103/355  (29.0%)
2026-03-29 22:46:45  INFO      __main__ — Page 104/355 — 20 reviews written [███████████░░░░░░░░░░░░░░░░░░░░░░░░░░░░░] 104/355  (29.3%)
2026-03-29 22:46:56  INFO      __main__ — Page 105/355 — 20 reviews written [███████████░░░░░░░░░░░░░░░░░░░░░░░░░░░░░] 105/355  (29.6%)
2026-03-29 22:47:06  INFO      __main__ — Page 106/355 — 20 reviews written [███████████░░░░░░░░░░░░░░░░░░░░░░░░░░░░░] 106/355  (29.9%)
2026-03-29 22:47:19  INFO      __main__ — Page 107/355 — 20 reviews written [████████████░░░░░░░░░░░░░░░░░░░░░░░░░░░░] 107/355  (30.1%)
2026-03-29 22:47:30  INFO      __main__ — Page 108/355 — 20 reviews written [████████████░░░░░░░░░░░░░░░░░░░░░░░░░░░░] 108/355  (30.4%)
2026-03-29 22:47:41  INFO      __main__ — Page 109/355 — 20 reviews written [████████████░░░░░░░░░░░░░░░░░░░░░░░░░░░░] 109/355  (30.7%)
2026-03-29 22:47:50  INFO      __main__ — Page 110/355 — 20 reviews written [████████████░░░░░░░░░░░░░░░░░░░░░░░░░░░░] 110/355  (31.0%)
2026-03-29 22:47:59  INFO      __main__ — Page 111/355 — 20 reviews written [████████████░░░░░░░░░░░░░░░░░░░░░░░░░░░░] 111/355  (31.3%)
2026-03-29 22:48:41  INFO      __main__ — Page 112/355 — 20 reviews written [████████████░░░░░░░░░░░░░░░░░░░░░░░░░░░░] 112/355  (31.5%)
2026-03-29 22:48:52  INFO      __main__ — Page 113/355 — 20 reviews written [████████████░░░░░░░░░░░░░░░░░░░░░░░░░░░░] 113/355  (31.8%)
2026-03-29 22:49:02  INFO      __main__ — Page 114/355 — 20 reviews written [████████████░░░░░░░░░░░░░░░░░░░░░░░░░░░░] 114/355  (32.1%)
2026-03-29 22:49:12  INFO      __main__ — Page 115/355 — 20 reviews written [████████████░░░░░░░░░░░░░░░░░░░░░░░░░░░░] 115/355  (32.4%)
2026-03-29 22:49:23  INFO      __main__ — Page 116/355 — 20 reviews written [█████████████░░░░░░░░░░░░░░░░░░░░░░░░░░░] 116/355  (32.7%)
2026-03-29 22:50:04  INFO      __main__ — Page 117/355 — 20 reviews written [█████████████░░░░░░░░░░░░░░░░░░░░░░░░░░░] 117/355  (33.0%)
2026-03-29 22:50:13  INFO      __main__ — Page 118/355 — 20 reviews written [█████████████░░░░░░░░░░░░░░░░░░░░░░░░░░░] 118/355  (33.2%)
2026-03-29 22:50:58  INFO      __main__ — Page 119/355 — 20 reviews written [█████████████░░░░░░░░░░░░░░░░░░░░░░░░░░░] 119/355  (33.5%)
2026-03-29 22:51:08  INFO      __main__ — Page 120/355 — 20 reviews written [█████████████░░░░░░░░░░░░░░░░░░░░░░░░░░░] 120/355  (33.8%)
2026-03-29 22:51:22  INFO      __main__ — Page 121/355 — 20 reviews written [█████████████░░░░░░░░░░░░░░░░░░░░░░░░░░░] 121/355  (34.1%)
2026-03-29 22:51:33  INFO      __main__ — Page 122/355 — 20 reviews written [█████████████░░░░░░░░░░░░░░░░░░░░░░░░░░░] 122/355  (34.4%)
2026-03-29 22:51:44  INFO      __main__ — Page 123/355 — 20 reviews written [█████████████░░░░░░░░░░░░░░░░░░░░░░░░░░░] 123/355  (34.6%)
2026-03-29 22:51:52  INFO      __main__ — Page 124/355 — 20 reviews written [█████████████░░░░░░░░░░░░░░░░░░░░░░░░░░░] 124/355  (34.9%)
2026-03-29 22:52:31  INFO      __main__ — Page 125/355 — 20 reviews written [██████████████░░░░░░░░░░░░░░░░░░░░░░░░░░] 125/355  (35.2%)
2026-03-29 22:52:41  INFO      __main__ — Page 126/355 — 20 reviews written [██████████████░░░░░░░░░░░░░░░░░░░░░░░░░░] 126/355  (35.5%)
2026-03-29 22:52:50  INFO      __main__ — Page 127/355 — 20 reviews written [██████████████░░░░░░░░░░░░░░░░░░░░░░░░░░] 127/355  (35.8%)
2026-03-29 22:53:31  INFO      __main__ — Page 128/355 — 20 reviews written [██████████████░░░░░░░░░░░░░░░░░░░░░░░░░░] 128/355  (36.1%)
2026-03-29 22:53:45  INFO      __main__ — Page 129/355 — 20 reviews written [██████████████░░░░░░░░░░░░░░░░░░░░░░░░░░] 129/355  (36.3%)
2026-03-29 22:53:56  INFO      __main__ — Page 130/355 — 20 reviews written [██████████████░░░░░░░░░░░░░░░░░░░░░░░░░░] 130/355  (36.6%)
2026-03-29 22:54:35  INFO      __main__ — Page 131/355 — 20 reviews written [██████████████░░░░░░░░░░░░░░░░░░░░░░░░░░] 131/355  (36.9%)
2026-03-29 22:55:49  INFO      __main__ — Page 132/355 — 20 reviews written [██████████████░░░░░░░░░░░░░░░░░░░░░░░░░░] 132/355  (37.2%)
2026-03-29 22:55:59  INFO      __main__ — Page 133/355 — 20 reviews written [██████████████░░░░░░░░░░░░░░░░░░░░░░░░░░] 133/355  (37.5%)
2026-03-29 22:56:09  INFO      __main__ — Page 134/355 — 20 reviews written [███████████████░░░░░░░░░░░░░░░░░░░░░░░░░] 134/355  (37.7%)
2026-03-29 22:56:21  INFO      __main__ — Page 135/355 — 20 reviews written [███████████████░░░░░░░░░░░░░░░░░░░░░░░░░] 135/355  (38.0%)
2026-03-29 22:56:33  INFO      __main__ — Page 136/355 — 20 reviews written [███████████████░░░░░░░░░░░░░░░░░░░░░░░░░] 136/355  (38.3%)
2026-03-29 22:56:46  INFO      __main__ — Page 137/355 — 20 reviews written [███████████████░░░░░░░░░░░░░░░░░░░░░░░░░] 137/355  (38.6%)
2026-03-29 22:56:57  INFO      __main__ — Page 138/355 — 20 reviews written [███████████████░░░░░░░░░░░░░░░░░░░░░░░░░] 138/355  (38.9%)
2026-03-29 22:57:08  INFO      __main__ — Page 139/355 — 20 reviews written [███████████████░░░░░░░░░░░░░░░░░░░░░░░░░] 139/355  (39.2%)
2026-03-29 22:57:20  INFO      __main__ — Page 140/355 — 20 reviews written [███████████████░░░░░░░░░░░░░░░░░░░░░░░░░] 140/355  (39.4%)
2026-03-29 22:57:30  INFO      __main__ — Page 141/355 — 20 reviews written [███████████████░░░░░░░░░░░░░░░░░░░░░░░░░] 141/355  (39.7%)
2026-03-29 22:57:41  INFO      __main__ — Page 142/355 — 20 reviews written [████████████████░░░░░░░░░░░░░░░░░░░░░░░░] 142/355  (40.0%)
2026-03-29 22:57:52  INFO      __main__ — Page 143/355 — 20 reviews written [████████████████░░░░░░░░░░░░░░░░░░░░░░░░] 143/355  (40.3%)
2026-03-29 22:58:03  INFO      __main__ — Page 144/355 — 20 reviews written [████████████████░░░░░░░░░░░░░░░░░░░░░░░░] 144/355  (40.6%)
2026-03-29 22:58:16  INFO      __main__ — Page 145/355 — 20 reviews written [████████████████░░░░░░░░░░░░░░░░░░░░░░░░] 145/355  (40.8%)
2026-03-29 22:58:28  INFO      __main__ — Page 146/355 — 20 reviews written [████████████████░░░░░░░░░░░░░░░░░░░░░░░░] 146/355  (41.1%)
2026-03-29 22:58:37  INFO      __main__ — Page 147/355 — 20 reviews written [████████████████░░░░░░░░░░░░░░░░░░░░░░░░] 147/355  (41.4%)
2026-03-29 22:58:46  INFO      __main__ — Page 148/355 — 20 reviews written [████████████████░░░░░░░░░░░░░░░░░░░░░░░░] 148/355  (41.7%)
2026-03-29 22:58:55  INFO      __main__ — Page 149/355 — 20 reviews written [████████████████░░░░░░░░░░░░░░░░░░░░░░░░] 149/355  (42.0%)
2026-03-29 22:59:03  INFO      __main__ — Page 150/355 — 20 reviews written [████████████████░░░░░░░░░░░░░░░░░░░░░░░░] 150/355  (42.3%)
2026-03-29 22:59:15  INFO      __main__ — Page 151/355 — 20 reviews written [█████████████████░░░░░░░░░░░░░░░░░░░░░░░] 151/355  (42.5%)
2026-03-29 22:59:26  INFO      __main__ — Page 152/355 — 20 reviews written [█████████████████░░░░░░░░░░░░░░░░░░░░░░░] 152/355  (42.8%)
2026-03-29 22:59:37  INFO      __main__ — Page 153/355 — 20 reviews written [█████████████████░░░░░░░░░░░░░░░░░░░░░░░] 153/355  (43.1%)
2026-03-29 22:59:48  INFO      __main__ — Page 154/355 — 20 reviews written [█████████████████░░░░░░░░░░░░░░░░░░░░░░░] 154/355  (43.4%)
2026-03-29 22:59:59  INFO      __main__ — Page 155/355 — 20 reviews written [█████████████████░░░░░░░░░░░░░░░░░░░░░░░] 155/355  (43.7%)
2026-03-29 23:00:41  INFO      __main__ — Page 156/355 — 20 reviews written [█████████████████░░░░░░░░░░░░░░░░░░░░░░░] 156/355  (43.9%)
2026-03-29 23:01:20  INFO      __main__ — Page 157/355 — 20 reviews written [█████████████████░░░░░░░░░░░░░░░░░░░░░░░] 157/355  (44.2%)
2026-03-29 23:01:33  INFO      __main__ — Page 158/355 — 20 reviews written [█████████████████░░░░░░░░░░░░░░░░░░░░░░░] 158/355  (44.5%)
2026-03-29 23:01:46  INFO      __main__ — Page 159/355 — 20 reviews written [█████████████████░░░░░░░░░░░░░░░░░░░░░░░] 159/355  (44.8%)
2026-03-29 23:02:57  INFO      __main__ — Page 160/355 — 20 reviews written [██████████████████░░░░░░░░░░░░░░░░░░░░░░] 160/355  (45.1%)
2026-03-29 23:03:11  INFO      __main__ — Page 161/355 — 20 reviews written [██████████████████░░░░░░░░░░░░░░░░░░░░░░] 161/355  (45.4%)
2026-03-29 23:03:21  INFO      __main__ — Page 162/355 — 20 reviews written [██████████████████░░░░░░░░░░░░░░░░░░░░░░] 162/355  (45.6%)
2026-03-29 23:03:29  INFO      __main__ — Page 163/355 — 20 reviews written [██████████████████░░░░░░░░░░░░░░░░░░░░░░] 163/355  (45.9%)
2026-03-29 23:03:41  INFO      __main__ — Page 164/355 — 20 reviews written [██████████████████░░░░░░░░░░░░░░░░░░░░░░] 164/355  (46.2%)
2026-03-29 23:03:51  INFO      __main__ — Page 165/355 — 20 reviews written [██████████████████░░░░░░░░░░░░░░░░░░░░░░] 165/355  (46.5%)
2026-03-29 23:04:02  INFO      __main__ — Page 166/355 — 20 reviews written [██████████████████░░░░░░░░░░░░░░░░░░░░░░] 166/355  (46.8%)
2026-03-29 23:04:42  INFO      __main__ — Page 167/355 — 20 reviews written [██████████████████░░░░░░░░░░░░░░░░░░░░░░] 167/355  (47.0%)
2026-03-29 23:04:54  INFO      __main__ — Page 168/355 — 20 reviews written [██████████████████░░░░░░░░░░░░░░░░░░░░░░] 168/355  (47.3%)
2026-03-29 23:05:05  INFO      __main__ — Page 169/355 — 20 reviews written [███████████████████░░░░░░░░░░░░░░░░░░░░░] 169/355  (47.6%)
2026-03-29 23:05:16  INFO      __main__ — Page 170/355 — 20 reviews written [███████████████████░░░░░░░░░░░░░░░░░░░░░] 170/355  (47.9%)
2026-03-29 23:05:26  INFO      __main__ — Page 171/355 — 20 reviews written [███████████████████░░░░░░░░░░░░░░░░░░░░░] 171/355  (48.2%)
2026-03-29 23:05:38  INFO      __main__ — Page 172/355 — 20 reviews written [███████████████████░░░░░░░░░░░░░░░░░░░░░] 172/355  (48.5%)
2026-03-29 23:05:48  INFO      __main__ — Page 173/355 — 20 reviews written [███████████████████░░░░░░░░░░░░░░░░░░░░░] 173/355  (48.7%)
2026-03-29 23:06:00  INFO      __main__ — Page 174/355 — 20 reviews written [███████████████████░░░░░░░░░░░░░░░░░░░░░] 174/355  (49.0%)
2026-03-29 23:06:10  INFO      __main__ — Page 175/355 — 20 reviews written [███████████████████░░░░░░░░░░░░░░░░░░░░░] 175/355  (49.3%)
2026-03-29 23:07:19  INFO      __main__ — Page 176/355 — 20 reviews written [███████████████████░░░░░░░░░░░░░░░░░░░░░] 176/355  (49.6%)
2026-03-29 23:07:33  INFO      __main__ — Page 177/355 — 20 reviews written [███████████████████░░░░░░░░░░░░░░░░░░░░░] 177/355  (49.9%)
2026-03-29 23:08:13  INFO      __main__ — Page 178/355 — 20 reviews written [████████████████████░░░░░░░░░░░░░░░░░░░░] 178/355  (50.1%)
2026-03-29 23:08:52  INFO      __main__ — Page 179/355 — 20 reviews written [████████████████████░░░░░░░░░░░░░░░░░░░░] 179/355  (50.4%)
2026-03-29 23:09:05  INFO      __main__ — Page 180/355 — 20 reviews written [████████████████████░░░░░░░░░░░░░░░░░░░░] 180/355  (50.7%)
2026-03-29 23:09:15  INFO      __main__ — Page 181/355 — 20 reviews written [████████████████████░░░░░░░░░░░░░░░░░░░░] 181/355  (51.0%)
2026-03-29 23:09:57  INFO      __main__ — Page 182/355 — 20 reviews written [████████████████████░░░░░░░░░░░░░░░░░░░░] 182/355  (51.3%)
2026-03-29 23:10:05  INFO      __main__ — Page 183/355 — 20 reviews written [████████████████████░░░░░░░░░░░░░░░░░░░░] 183/355  (51.5%)
2026-03-29 23:10:51  INFO      __main__ — Page 184/355 — 20 reviews written [████████████████████░░░░░░░░░░░░░░░░░░░░] 184/355  (51.8%)
2026-03-29 23:11:02  INFO      __main__ — Page 185/355 — 20 reviews written [████████████████████░░░░░░░░░░░░░░░░░░░░] 185/355  (52.1%)
2026-03-29 23:11:15  INFO      __main__ — Page 186/355 — 20 reviews written [████████████████████░░░░░░░░░░░░░░░░░░░░] 186/355  (52.4%)
2026-03-29 23:11:27  INFO      __main__ — Page 187/355 — 20 reviews written [█████████████████████░░░░░░░░░░░░░░░░░░░] 187/355  (52.7%)
2026-03-29 23:11:36  INFO      __main__ — Page 188/355 — 20 reviews written [█████████████████████░░░░░░░░░░░░░░░░░░░] 188/355  (53.0%)
2026-03-29 23:11:48  INFO      __main__ — Page 189/355 — 20 reviews written [█████████████████████░░░░░░░░░░░░░░░░░░░] 189/355  (53.2%)
2026-03-29 23:12:28  INFO      __main__ — Page 190/355 — 20 reviews written [█████████████████████░░░░░░░░░░░░░░░░░░░] 190/355  (53.5%)
2026-03-29 23:12:37  INFO      __main__ — Page 191/355 — 20 reviews written [█████████████████████░░░░░░░░░░░░░░░░░░░] 191/355  (53.8%)
2026-03-29 23:12:48  INFO      __main__ — Page 192/355 — 20 reviews written [█████████████████████░░░░░░░░░░░░░░░░░░░] 192/355  (54.1%)
2026-03-29 23:13:30  INFO      __main__ — Page 193/355 — 20 reviews written [█████████████████████░░░░░░░░░░░░░░░░░░░] 193/355  (54.4%)
2026-03-29 23:13:40  INFO      __main__ — Page 194/355 — 20 reviews written [█████████████████████░░░░░░░░░░░░░░░░░░░] 194/355  (54.6%)
2026-03-29 23:14:21  INFO      __main__ — Page 195/355 — 20 reviews written [█████████████████████░░░░░░░░░░░░░░░░░░░] 195/355  (54.9%)
2026-03-29 23:14:30  INFO      __main__ — Page 196/355 — 20 reviews written [██████████████████████░░░░░░░░░░░░░░░░░░] 196/355  (55.2%)
2026-03-29 23:14:40  INFO      __main__ — Page 197/355 — 20 reviews written [██████████████████████░░░░░░░░░░░░░░░░░░] 197/355  (55.5%)
2026-03-29 23:14:51  INFO      __main__ — Page 198/355 — 20 reviews written [██████████████████████░░░░░░░░░░░░░░░░░░] 198/355  (55.8%)
2026-03-29 23:15:02  INFO      __main__ — Page 199/355 — 20 reviews written [██████████████████████░░░░░░░░░░░░░░░░░░] 199/355  (56.1%)
2026-03-29 23:15:12  INFO      __main__ — Page 200/355 — 20 reviews written [██████████████████████░░░░░░░░░░░░░░░░░░] 200/355  (56.3%)
2026-03-29 23:15:24  INFO      __main__ — Page 201/355 — 20 reviews written [██████████████████████░░░░░░░░░░░░░░░░░░] 201/355  (56.6%)
2026-03-29 23:15:33  INFO      __main__ — Page 202/355 — 20 reviews written [██████████████████████░░░░░░░░░░░░░░░░░░] 202/355  (56.9%)
2026-03-29 23:15:42  INFO      __main__ — Page 203/355 — 20 reviews written [██████████████████████░░░░░░░░░░░░░░░░░░] 203/355  (57.2%)
2026-03-29 23:15:51  INFO      __main__ — Page 204/355 — 20 reviews written [██████████████████████░░░░░░░░░░░░░░░░░░] 204/355  (57.5%)
2026-03-29 23:16:01  INFO      __main__ — Page 205/355 — 20 reviews written [███████████████████████░░░░░░░░░░░░░░░░░] 205/355  (57.7%)
2026-03-29 23:16:11  INFO      __main__ — Page 206/355 — 20 reviews written [███████████████████████░░░░░░░░░░░░░░░░░] 206/355  (58.0%)
2026-03-29 23:16:22  INFO      __main__ — Page 207/355 — 20 reviews written [███████████████████████░░░░░░░░░░░░░░░░░] 207/355  (58.3%)
2026-03-29 23:16:34  INFO      __main__ — Page 208/355 — 20 reviews written [███████████████████████░░░░░░░░░░░░░░░░░] 208/355  (58.6%)
2026-03-29 23:16:48  INFO      __main__ — Page 209/355 — 20 reviews written [███████████████████████░░░░░░░░░░░░░░░░░] 209/355  (58.9%)
2026-03-29 23:17:00  INFO      __main__ — Page 210/355 — 20 reviews written [███████████████████████░░░░░░░░░░░░░░░░░] 210/355  (59.2%)
2026-03-29 23:17:10  INFO      __main__ — Page 211/355 — 20 reviews written [███████████████████████░░░░░░░░░░░░░░░░░] 211/355  (59.4%)
2026-03-29 23:17:18  INFO      __main__ — Page 212/355 — 20 reviews written [███████████████████████░░░░░░░░░░░░░░░░░] 212/355  (59.7%)
2026-03-29 23:17:31  INFO      __main__ — Page 213/355 — 20 reviews written [████████████████████████░░░░░░░░░░░░░░░░] 213/355  (60.0%)
2026-03-29 23:17:40  INFO      __main__ — Page 214/355 — 20 reviews written [████████████████████████░░░░░░░░░░░░░░░░] 214/355  (60.3%)
2026-03-29 23:17:50  INFO      __main__ — Page 215/355 — 20 reviews written [████████████████████████░░░░░░░░░░░░░░░░] 215/355  (60.6%)
2026-03-29 23:18:01  INFO      __main__ — Page 216/355 — 20 reviews written [████████████████████████░░░░░░░░░░░░░░░░] 216/355  (60.8%)
2026-03-29 23:18:13  INFO      __main__ — Page 217/355 — 20 reviews written [████████████████████████░░░░░░░░░░░░░░░░] 217/355  (61.1%)
2026-03-29 23:18:22  INFO      __main__ — Page 218/355 — 20 reviews written [████████████████████████░░░░░░░░░░░░░░░░] 218/355  (61.4%)
2026-03-29 23:18:33  INFO      __main__ — Page 219/355 — 20 reviews written [████████████████████████░░░░░░░░░░░░░░░░] 219/355  (61.7%)
2026-03-29 23:18:42  INFO      __main__ — Page 220/355 — 20 reviews written [████████████████████████░░░░░░░░░░░░░░░░] 220/355  (62.0%)
2026-03-29 23:18:51  INFO      __main__ — Page 221/355 — 20 reviews written [████████████████████████░░░░░░░░░░░░░░░░] 221/355  (62.3%)
2026-03-29 23:19:01  INFO      __main__ — Page 222/355 — 20 reviews written [█████████████████████████░░░░░░░░░░░░░░░] 222/355  (62.5%)
2026-03-29 23:19:12  INFO      __main__ — Page 223/355 — 20 reviews written [█████████████████████████░░░░░░░░░░░░░░░] 223/355  (62.8%)
2026-03-29 23:19:22  INFO      __main__ — Page 224/355 — 20 reviews written [█████████████████████████░░░░░░░░░░░░░░░] 224/355  (63.1%)
2026-03-29 23:19:33  INFO      __main__ — Page 225/355 — 20 reviews written [█████████████████████████░░░░░░░░░░░░░░░] 225/355  (63.4%)
2026-03-29 23:19:42  INFO      __main__ — Page 226/355 — 20 reviews written [█████████████████████████░░░░░░░░░░░░░░░] 226/355  (63.7%)
2026-03-29 23:19:52  INFO      __main__ — Page 227/355 — 20 reviews written [█████████████████████████░░░░░░░░░░░░░░░] 227/355  (63.9%)
2026-03-29 23:20:01  INFO      __main__ — Page 228/355 — 20 reviews written [█████████████████████████░░░░░░░░░░░░░░░] 228/355  (64.2%)
2026-03-29 23:20:10  INFO      __main__ — Page 229/355 — 20 reviews written [█████████████████████████░░░░░░░░░░░░░░░] 229/355  (64.5%)
2026-03-29 23:20:20  INFO      __main__ — Page 230/355 — 20 reviews written [█████████████████████████░░░░░░░░░░░░░░░] 230/355  (64.8%)
2026-03-29 23:20:30  INFO      __main__ — Page 231/355 — 20 reviews written [██████████████████████████░░░░░░░░░░░░░░] 231/355  (65.1%)
2026-03-29 23:20:40  INFO      __main__ — Page 232/355 — 20 reviews written [██████████████████████████░░░░░░░░░░░░░░] 232/355  (65.4%)
2026-03-29 23:20:53  INFO      __main__ — Page 233/355 — 20 reviews written [██████████████████████████░░░░░░░░░░░░░░] 233/355  (65.6%)
2026-03-29 23:21:33  INFO      __main__ — Page 234/355 — 20 reviews written [██████████████████████████░░░░░░░░░░░░░░] 234/355  (65.9%)
2026-03-29 23:22:14  INFO      __main__ — Page 235/355 — 20 reviews written [██████████████████████████░░░░░░░░░░░░░░] 235/355  (66.2%)
2026-03-29 23:22:23  INFO      __main__ — Page 236/355 — 20 reviews written [██████████████████████████░░░░░░░░░░░░░░] 236/355  (66.5%)
2026-03-29 23:22:36  INFO      __main__ — Page 237/355 — 20 reviews written [██████████████████████████░░░░░░░░░░░░░░] 237/355  (66.8%)
2026-03-29 23:22:47  INFO      __main__ — Page 238/355 — 20 reviews written [██████████████████████████░░░░░░░░░░░░░░] 238/355  (67.0%)
2026-03-29 23:22:58  INFO      __main__ — Page 239/355 — 20 reviews written [██████████████████████████░░░░░░░░░░░░░░] 239/355  (67.3%)
2026-03-29 23:23:40  INFO      __main__ — Page 240/355 — 20 reviews written [███████████████████████████░░░░░░░░░░░░░] 240/355  (67.6%)
2026-03-29 23:23:55  INFO      __main__ — Page 241/355 — 20 reviews written [███████████████████████████░░░░░░░░░░░░░] 241/355  (67.9%)
2026-03-29 23:24:06  INFO      __main__ — Page 242/355 — 20 reviews written [███████████████████████████░░░░░░░░░░░░░] 242/355  (68.2%)
2026-03-29 23:24:17  INFO      __main__ — Page 243/355 — 20 reviews written [███████████████████████████░░░░░░░░░░░░░] 243/355  (68.5%)
2026-03-29 23:24:29  INFO      __main__ — Page 244/355 — 20 reviews written [███████████████████████████░░░░░░░░░░░░░] 244/355  (68.7%)
2026-03-29 23:24:37  INFO      __main__ — Page 245/355 — 20 reviews written [███████████████████████████░░░░░░░░░░░░░] 245/355  (69.0%)
2026-03-29 23:24:46  INFO      __main__ — Page 246/355 — 20 reviews written [███████████████████████████░░░░░░░░░░░░░] 246/355  (69.3%)
2026-03-29 23:24:55  INFO      __main__ — Page 247/355 — 20 reviews written [███████████████████████████░░░░░░░░░░░░░] 247/355  (69.6%)
2026-03-29 23:25:07  INFO      __main__ — Page 248/355 — 20 reviews written [███████████████████████████░░░░░░░░░░░░░] 248/355  (69.9%)
2026-03-29 23:25:49  INFO      __main__ — Page 249/355 — 20 reviews written [████████████████████████████░░░░░░░░░░░░] 249/355  (70.1%)
2026-03-29 23:25:59  INFO      __main__ — Page 250/355 — 20 reviews written [████████████████████████████░░░░░░░░░░░░] 250/355  (70.4%)
2026-03-29 23:26:07  INFO      __main__ — Page 251/355 — 20 reviews written [████████████████████████████░░░░░░░░░░░░] 251/355  (70.7%)
2026-03-29 23:27:17  INFO      __main__ — Page 252/355 — 20 reviews written [████████████████████████████░░░░░░░░░░░░] 252/355  (71.0%)
2026-03-29 23:27:57  INFO      __main__ — Page 253/355 — 20 reviews written [████████████████████████████░░░░░░░░░░░░] 253/355  (71.3%)
2026-03-29 23:28:06  INFO      __main__ — Page 254/355 — 20 reviews written [████████████████████████████░░░░░░░░░░░░] 254/355  (71.5%)
2026-03-29 23:28:18  INFO      __main__ — Page 255/355 — 20 reviews written [████████████████████████████░░░░░░░░░░░░] 255/355  (71.8%)
2026-03-29 23:28:28  INFO      __main__ — Page 256/355 — 20 reviews written [████████████████████████████░░░░░░░░░░░░] 256/355  (72.1%)
2026-03-29 23:28:38  INFO      __main__ — Page 257/355 — 20 reviews written [████████████████████████████░░░░░░░░░░░░] 257/355  (72.4%)
2026-03-29 23:28:49  INFO      __main__ — Page 258/355 — 20 reviews written [█████████████████████████████░░░░░░░░░░░] 258/355  (72.7%)
2026-03-29 23:28:57  INFO      __main__ — Page 259/355 — 20 reviews written [█████████████████████████████░░░░░░░░░░░] 259/355  (73.0%)
2026-03-29 23:29:08  INFO      __main__ — Page 260/355 — 20 reviews written [█████████████████████████████░░░░░░░░░░░] 260/355  (73.2%)
2026-03-29 23:29:17  INFO      __main__ — Page 261/355 — 20 reviews written [█████████████████████████████░░░░░░░░░░░] 261/355  (73.5%)
2026-03-29 23:29:27  INFO      __main__ — Page 262/355 — 20 reviews written [█████████████████████████████░░░░░░░░░░░] 262/355  (73.8%)
2026-03-29 23:29:35  INFO      __main__ — Page 263/355 — 20 reviews written [█████████████████████████████░░░░░░░░░░░] 263/355  (74.1%)
2026-03-29 23:29:45  INFO      __main__ — Page 264/355 — 20 reviews written [█████████████████████████████░░░░░░░░░░░] 264/355  (74.4%)
2026-03-29 23:30:26  INFO      __main__ — Page 265/355 — 20 reviews written [█████████████████████████████░░░░░░░░░░░] 265/355  (74.6%)
2026-03-29 23:31:05  INFO      __main__ — Page 266/355 — 20 reviews written [█████████████████████████████░░░░░░░░░░░] 266/355  (74.9%)
2026-03-29 23:31:18  INFO      __main__ — Page 267/355 — 20 reviews written [██████████████████████████████░░░░░░░░░░] 267/355  (75.2%)
2026-03-29 23:31:30  INFO      __main__ — Page 268/355 — 20 reviews written [██████████████████████████████░░░░░░░░░░] 268/355  (75.5%)
2026-03-29 23:31:39  INFO      __main__ — Page 269/355 — 20 reviews written [██████████████████████████████░░░░░░░░░░] 269/355  (75.8%)
2026-03-29 23:31:50  INFO      __main__ — Page 270/355 — 20 reviews written [██████████████████████████████░░░░░░░░░░] 270/355  (76.1%)
2026-03-29 23:31:59  INFO      __main__ — Page 271/355 — 20 reviews written [██████████████████████████████░░░░░░░░░░] 271/355  (76.3%)
2026-03-29 23:32:07  INFO      __main__ — Page 272/355 — 20 reviews written [██████████████████████████████░░░░░░░░░░] 272/355  (76.6%)
2026-03-29 23:32:19  INFO      __main__ — Page 273/355 — 20 reviews written [██████████████████████████████░░░░░░░░░░] 273/355  (76.9%)
2026-03-29 23:32:31  INFO      __main__ — Page 274/355 — 20 reviews written [██████████████████████████████░░░░░░░░░░] 274/355  (77.2%)
2026-03-29 23:33:13  INFO      __main__ — Page 275/355 — 20 reviews written [██████████████████████████████░░░░░░░░░░] 275/355  (77.5%)
2026-03-29 23:33:52  INFO      __main__ — Page 276/355 — 20 reviews written [███████████████████████████████░░░░░░░░░] 276/355  (77.7%)
2026-03-29 23:34:31  INFO      __main__ — Page 277/355 — 20 reviews written [███████████████████████████████░░░░░░░░░] 277/355  (78.0%)
2026-03-29 23:34:41  INFO      __main__ — Page 278/355 — 20 reviews written [███████████████████████████████░░░░░░░░░] 278/355  (78.3%)
2026-03-29 23:35:22  INFO      __main__ — Page 279/355 — 20 reviews written [███████████████████████████████░░░░░░░░░] 279/355  (78.6%)
2026-03-29 23:36:31  INFO      __main__ — Page 280/355 — 20 reviews written [███████████████████████████████░░░░░░░░░] 280/355  (78.9%)
2026-03-29 23:37:12  INFO      __main__ — Page 281/355 — 20 reviews written [███████████████████████████████░░░░░░░░░] 281/355  (79.2%)
2026-03-29 23:37:52  INFO      __main__ — Page 282/355 — 20 reviews written [███████████████████████████████░░░░░░░░░] 282/355  (79.4%)
2026-03-29 23:38:02  INFO      __main__ — Page 283/355 — 20 reviews written [███████████████████████████████░░░░░░░░░] 283/355  (79.7%)
2026-03-29 23:38:10  INFO      __main__ — Page 284/355 — 20 reviews written [████████████████████████████████░░░░░░░░] 284/355  (80.0%)
2026-03-29 23:38:49  INFO      __main__ — Page 285/355 — 20 reviews written [████████████████████████████████░░░░░░░░] 285/355  (80.3%)
2026-03-29 23:38:58  INFO      __main__ — Page 286/355 — 20 reviews written [████████████████████████████████░░░░░░░░] 286/355  (80.6%)
2026-03-29 23:40:38  INFO      __main__ — Page 287/355 — 20 reviews written [████████████████████████████████░░░░░░░░] 287/355  (80.8%)
2026-03-29 23:40:47  INFO      __main__ — Page 288/355 — 20 reviews written [████████████████████████████████░░░░░░░░] 288/355  (81.1%)
2026-03-29 23:41:30  INFO      __main__ — Page 289/355 — 20 reviews written [████████████████████████████████░░░░░░░░] 289/355  (81.4%)
2026-03-29 23:41:41  INFO      __main__ — Page 290/355 — 20 reviews written [████████████████████████████████░░░░░░░░] 290/355  (81.7%)
2026-03-29 23:41:51  INFO      __main__ — Page 291/355 — 20 reviews written [████████████████████████████████░░░░░░░░] 291/355  (82.0%)
2026-03-29 23:42:02  INFO      __main__ — Page 292/355 — 20 reviews written [████████████████████████████████░░░░░░░░] 292/355  (82.3%)
2026-03-29 23:42:12  INFO      __main__ — Page 293/355 — 20 reviews written [█████████████████████████████████░░░░░░░] 293/355  (82.5%)
2026-03-29 23:42:54  INFO      __main__ — Page 294/355 — 20 reviews written [█████████████████████████████████░░░░░░░] 294/355  (82.8%)
2026-03-29 23:43:04  INFO      __main__ — Page 295/355 — 20 reviews written [█████████████████████████████████░░░░░░░] 295/355  (83.1%)
2026-03-29 23:43:15  INFO      __main__ — Page 296/355 — 20 reviews written [█████████████████████████████████░░░░░░░] 296/355  (83.4%)
2026-03-29 23:43:27  INFO      __main__ — Page 297/355 — 20 reviews written [█████████████████████████████████░░░░░░░] 297/355  (83.7%)
2026-03-29 23:43:38  INFO      __main__ — Page 298/355 — 20 reviews written [█████████████████████████████████░░░░░░░] 298/355  (83.9%)
2026-03-29 23:44:18  INFO      __main__ — Page 299/355 — 20 reviews written [█████████████████████████████████░░░░░░░] 299/355  (84.2%)
2026-03-29 23:44:58  INFO      __main__ — Page 300/355 — 20 reviews written [█████████████████████████████████░░░░░░░] 300/355  (84.5%)
2026-03-29 23:45:10  INFO      __main__ — Page 301/355 — 20 reviews written [█████████████████████████████████░░░░░░░] 301/355  (84.8%)
2026-03-29 23:45:21  INFO      __main__ — Page 302/355 — 20 reviews written [██████████████████████████████████░░░░░░] 302/355  (85.1%)
2026-03-29 23:45:30  INFO      __main__ — Page 303/355 — 20 reviews written [██████████████████████████████████░░░░░░] 303/355  (85.4%)
2026-03-29 23:45:41  INFO      __main__ — Page 304/355 — 20 reviews written [██████████████████████████████████░░░░░░] 304/355  (85.6%)
2026-03-29 23:45:54  INFO      __main__ — Page 305/355 — 20 reviews written [██████████████████████████████████░░░░░░] 305/355  (85.9%)
2026-03-29 23:46:05  INFO      __main__ — Page 306/355 — 20 reviews written [██████████████████████████████████░░░░░░] 306/355  (86.2%)
2026-03-29 23:46:14  INFO      __main__ — Page 307/355 — 20 reviews written [██████████████████████████████████░░░░░░] 307/355  (86.5%)
2026-03-29 23:46:25  INFO      __main__ — Page 308/355 — 20 reviews written [██████████████████████████████████░░░░░░] 308/355  (86.8%)
2026-03-29 23:46:36  INFO      __main__ — Page 309/355 — 20 reviews written [██████████████████████████████████░░░░░░] 309/355  (87.0%)
2026-03-29 23:46:45  INFO      __main__ — Page 310/355 — 20 reviews written [██████████████████████████████████░░░░░░] 310/355  (87.3%)
2026-03-29 23:46:58  INFO      __main__ — Page 311/355 — 20 reviews written [███████████████████████████████████░░░░░] 311/355  (87.6%)
2026-03-29 23:47:08  INFO      __main__ — Page 312/355 — 20 reviews written [███████████████████████████████████░░░░░] 312/355  (87.9%)
2026-03-29 23:47:22  INFO      __main__ — Page 313/355 — 20 reviews written [███████████████████████████████████░░░░░] 313/355  (88.2%)
2026-03-29 23:47:32  INFO      __main__ — Page 314/355 — 20 reviews written [███████████████████████████████████░░░░░] 314/355  (88.5%)
2026-03-29 23:47:40  INFO      __main__ — Page 315/355 — 20 reviews written [███████████████████████████████████░░░░░] 315/355  (88.7%)
2026-03-29 23:47:51  INFO      __main__ — Page 316/355 — 20 reviews written [███████████████████████████████████░░░░░] 316/355  (89.0%)
2026-03-29 23:48:01  INFO      __main__ — Page 317/355 — 20 reviews written [███████████████████████████████████░░░░░] 317/355  (89.3%)
2026-03-29 23:48:11  INFO      __main__ — Page 318/355 — 20 reviews written [███████████████████████████████████░░░░░] 318/355  (89.6%)
2026-03-29 23:48:22  INFO      __main__ — Page 319/355 — 20 reviews written [███████████████████████████████████░░░░░] 319/355  (89.9%)
2026-03-29 23:48:32  INFO      __main__ — Page 320/355 — 20 reviews written [████████████████████████████████████░░░░] 320/355  (90.1%)
2026-03-29 23:48:45  INFO      __main__ — Page 321/355 — 20 reviews written [████████████████████████████████████░░░░] 321/355  (90.4%)
2026-03-29 23:49:26  INFO      __main__ — Page 322/355 — 20 reviews written [████████████████████████████████████░░░░] 322/355  (90.7%)
2026-03-29 23:49:35  INFO      __main__ — Page 323/355 — 20 reviews written [████████████████████████████████████░░░░] 323/355  (91.0%)
2026-03-29 23:49:46  INFO      __main__ — Page 324/355 — 20 reviews written [████████████████████████████████████░░░░] 324/355  (91.3%)
2026-03-29 23:50:26  INFO      __main__ — Page 325/355 — 20 reviews written [████████████████████████████████████░░░░] 325/355  (91.5%)
2026-03-29 23:50:37  INFO      __main__ — Page 326/355 — 20 reviews written [████████████████████████████████████░░░░] 326/355  (91.8%)
2026-03-29 23:50:45  INFO      __main__ — Page 327/355 — 20 reviews written [████████████████████████████████████░░░░] 327/355  (92.1%)
2026-03-29 23:50:53  INFO      __main__ — Page 328/355 — 20 reviews written [████████████████████████████████████░░░░] 328/355  (92.4%)
2026-03-29 23:51:06  INFO      __main__ — Page 329/355 — 20 reviews written [█████████████████████████████████████░░░] 329/355  (92.7%)
2026-03-29 23:51:15  INFO      __main__ — Page 330/355 — 20 reviews written [█████████████████████████████████████░░░] 330/355  (93.0%)
2026-03-29 23:51:25  INFO      __main__ — Page 331/355 — 20 reviews written [█████████████████████████████████████░░░] 331/355  (93.2%)
2026-03-29 23:51:36  INFO      __main__ — Page 332/355 — 20 reviews written [█████████████████████████████████████░░░] 332/355  (93.5%)
2026-03-29 23:51:45  INFO      __main__ — Page 333/355 — 20 reviews written [█████████████████████████████████████░░░] 333/355  (93.8%)
2026-03-29 23:52:25  INFO      __main__ — Page 334/355 — 20 reviews written [█████████████████████████████████████░░░] 334/355  (94.1%)
2026-03-29 23:52:34  INFO      __main__ — Page 335/355 — 20 reviews written [█████████████████████████████████████░░░] 335/355  (94.4%)
2026-03-29 23:52:43  INFO      __main__ — Page 336/355 — 20 reviews written [█████████████████████████████████████░░░] 336/355  (94.6%)
2026-03-29 23:52:56  INFO      __main__ — Page 337/355 — 20 reviews written [█████████████████████████████████████░░░] 337/355  (94.9%)
2026-03-29 23:53:06  INFO      __main__ — Page 338/355 — 20 reviews written [██████████████████████████████████████░░] 338/355  (95.2%)
2026-03-29 23:53:17  INFO      __main__ — Page 339/355 — 20 reviews written [██████████████████████████████████████░░] 339/355  (95.5%)
2026-03-29 23:53:27  INFO      __main__ — Page 340/355 — 20 reviews written [██████████████████████████████████████░░] 340/355  (95.8%)
2026-03-29 23:54:05  INFO      __main__ — Page 341/355 — 20 reviews written [██████████████████████████████████████░░] 341/355  (96.1%)
2026-03-29 23:54:16  INFO      __main__ — Page 342/355 — 20 reviews written [██████████████████████████████████████░░] 342/355  (96.3%)
2026-03-29 23:54:26  INFO      __main__ — Page 343/355 — 20 reviews written [██████████████████████████████████████░░] 343/355  (96.6%)
2026-03-29 23:54:38  INFO      __main__ — Page 344/355 — 20 reviews written [██████████████████████████████████████░░] 344/355  (96.9%)
2026-03-29 23:54:50  INFO      __main__ — Page 345/355 — 20 reviews written [██████████████████████████████████████░░] 345/355  (97.2%)
2026-03-29 23:55:01  INFO      __main__ — Page 346/355 — 20 reviews written [██████████████████████████████████████░░] 346/355  (97.5%)
2026-03-29 23:55:13  INFO      __main__ — Page 347/355 — 20 reviews written [███████████████████████████████████████░] 347/355  (97.7%)
2026-03-29 23:55:25  INFO      __main__ — Page 348/355 — 20 reviews written [███████████████████████████████████████░] 348/355  (98.0%)
2026-03-29 23:55:36  INFO      __main__ — Page 349/355 — 20 reviews written [███████████████████████████████████████░] 349/355  (98.3%)
2026-03-29 23:55:46  INFO      __main__ — Page 350/355 — 20 reviews written [███████████████████████████████████████░] 350/355  (98.6%)
2026-03-29 23:55:57  INFO      __main__ — Page 351/355 — 20 reviews written [███████████████████████████████████████░] 351/355  (98.9%)
2026-03-29 23:56:08  INFO      __main__ — Page 352/355 — 20 reviews written [███████████████████████████████████████░] 352/355  (99.2%)
2026-03-29 23:56:19  INFO      __main__ — Page 353/355 — 20 reviews written [███████████████████████████████████████░] 353/355  (99.4%)
2026-03-29 23:56:30  INFO      __main__ — Page 354/355 — 20 reviews written [███████████████████████████████████████░] 354/355  (99.7%)
2026-03-29 23:56:41  INFO      __main__ — Page 355/355 — 4 reviews written [████████████████████████████████████████] 355/355  (100.0%)
2026-03-29 23:56:41  INFO      __main__ — === Done! 7072 new reviews written ===
