2026-03-28 15:19:40  INFO      __main__ — === AmbitionBox Scraper starting ===
2026-03-28 15:19:40  INFO      __main__ — Target : Jsw Steel  (slug=jsw steel)
2026-03-28 15:19:40  INFO      __main__ — Output : output/jsw steel_reviews.csv
2026-03-28 15:19:40  WARNING   __main__ — playwright-stealth not installed. Installing now...
2026-03-28 15:19:44  WARNING   __main__ — Could not auto-install playwright-stealth — run manually: pip install playwright-stealth
2026-03-28 15:19:58  INFO      __main__ — Browser launched: chrome
2026-03-28 15:19:58  INFO      __main__ — Warm-up: visiting ambitionbox.com homepage…
2026-03-28 15:20:05  INFO      __main__ — Warm-up complete
2026-03-28 15:20:05  INFO      __main__ — Loading reviews page 1…
2026-03-28 15:20:23  INFO      parser — Company meta → name=JSW Steel | rating=3.9 | reviews=7.8k | industry=Financial Services
2026-03-28 15:20:23  INFO      __main__ — Total reviews: 7.8k  → 390 pages to scrape
2026-03-28 15:20:23  INFO      __main__ — Page  1/390 — 20 reviews written  [░░░░░░░░░░░░░░░░░░░░░░░░░░░░░░░░░░░░░░░░] 1/390  (0.3%)
2026-03-28 15:20:32  INFO      __main__ — Page   2/390 — 20 reviews written  [░░░░░░░░░░░░░░░░░░░░░░░░░░░░░░░░░░░░░░░░] 2/390  (0.5%)
2026-03-28 15:20:48  INFO      __main__ — Page   3/390 — 20 reviews written  [░░░░░░░░░░░░░░░░░░░░░░░░░░░░░░░░░░░░░░░░] 3/390  (0.8%)
2026-03-28 15:21:02  INFO      __main__ — Page   4/390 — 20 reviews written  [░░░░░░░░░░░░░░░░░░░░░░░░░░░░░░░░░░░░░░░░] 4/390  (1.0%)
2026-03-28 15:21:14  INFO      __main__ — Page   5/390 — 20 reviews written  [░░░░░░░░░░░░░░░░░░░░░░░░░░░░░░░░░░░░░░░░] 5/390  (1.3%)
2026-03-28 15:21:30  INFO      __main__ — Page   6/390 — 20 reviews written  [░░░░░░░░░░░░░░░░░░░░░░░░░░░░░░░░░░░░░░░░] 6/390  (1.5%)
2026-03-28 15:21:46  INFO      __main__ — Page   7/390 — 20 reviews written  [░░░░░░░░░░░░░░░░░░░░░░░░░░░░░░░░░░░░░░░░] 7/390  (1.8%)
2026-03-28 15:22:59  INFO      __main__ — Page   8/390 — 20 reviews written  [░░░░░░░░░░░░░░░░░░░░░░░░░░░░░░░░░░░░░░░░] 8/390  (2.1%)
2026-03-28 15:24:14  INFO      __main__ — Page   9/390 — 20 reviews written  [░░░░░░░░░░░░░░░░░░░░░░░░░░░░░░░░░░░░░░░░] 9/390  (2.3%)
2026-03-28 15:25:28  INFO      __main__ — Page  10/390 — 20 reviews written  [█░░░░░░░░░░░░░░░░░░░░░░░░░░░░░░░░░░░░░░░] 10/390  (2.6%)
2026-03-28 15:26:12  INFO      __main__ — Page  11/390 — 20 reviews written  [█░░░░░░░░░░░░░░░░░░░░░░░░░░░░░░░░░░░░░░░] 11/390  (2.8%)
2026-03-28 15:26:24  INFO      __main__ — Page  12/390 — 20 reviews written  [█░░░░░░░░░░░░░░░░░░░░░░░░░░░░░░░░░░░░░░░] 12/390  (3.1%)
2026-03-28 15:26:40  INFO      __main__ — Page  13/390 — 20 reviews written  [█░░░░░░░░░░░░░░░░░░░░░░░░░░░░░░░░░░░░░░░] 13/390  (3.3%)
2026-03-28 15:27:24  INFO      __main__ — Page  14/390 — 20 reviews written  [█░░░░░░░░░░░░░░░░░░░░░░░░░░░░░░░░░░░░░░░] 14/390  (3.6%)
2026-03-28 15:29:10  INFO      __main__ — Page  15/390 — 20 reviews written  [█░░░░░░░░░░░░░░░░░░░░░░░░░░░░░░░░░░░░░░░] 15/390  (3.8%)
2026-03-28 15:29:25  INFO      __main__ — Page  16/390 — 20 reviews written  [█░░░░░░░░░░░░░░░░░░░░░░░░░░░░░░░░░░░░░░░] 16/390  (4.1%)
2026-03-28 15:29:40  INFO      __main__ — Page  17/390 — 20 reviews written  [█░░░░░░░░░░░░░░░░░░░░░░░░░░░░░░░░░░░░░░░] 17/390  (4.4%)
2026-03-28 15:29:48  INFO      __main__ — Page  18/390 — 20 reviews written  [█░░░░░░░░░░░░░░░░░░░░░░░░░░░░░░░░░░░░░░░] 18/390  (4.6%)
2026-03-28 15:29:59  INFO      __main__ — Page  19/390 — 20 reviews written  [█░░░░░░░░░░░░░░░░░░░░░░░░░░░░░░░░░░░░░░░] 19/390  (4.9%)
2026-03-28 15:30:40  INFO      __main__ — Page  20/390 — 20 reviews written  [██░░░░░░░░░░░░░░░░░░░░░░░░░░░░░░░░░░░░░░] 20/390  (5.1%)
2026-03-28 15:30:50  INFO      __main__ — Page  21/390 — 20 reviews written  [██░░░░░░░░░░░░░░░░░░░░░░░░░░░░░░░░░░░░░░] 21/390  (5.4%)
2026-03-28 15:30:58  INFO      __main__ — Page  22/390 — 20 reviews written  [██░░░░░░░░░░░░░░░░░░░░░░░░░░░░░░░░░░░░░░] 22/390  (5.6%)
2026-03-28 15:31:08  INFO      __main__ — Page  23/390 — 20 reviews written  [██░░░░░░░░░░░░░░░░░░░░░░░░░░░░░░░░░░░░░░] 23/390  (5.9%)
2026-03-28 15:31:19  INFO      __main__ — Page  24/390 — 20 reviews written  [██░░░░░░░░░░░░░░░░░░░░░░░░░░░░░░░░░░░░░░] 24/390  (6.2%)
2026-03-28 15:31:31  INFO      __main__ — Page  25/390 — 20 reviews written  [██░░░░░░░░░░░░░░░░░░░░░░░░░░░░░░░░░░░░░░] 25/390  (6.4%)
2026-03-28 15:31:44  INFO      __main__ — Page  26/390 — 20 reviews written  [██░░░░░░░░░░░░░░░░░░░░░░░░░░░░░░░░░░░░░░] 26/390  (6.7%)
2026-03-28 15:32:23  INFO      __main__ — Page  27/390 — 20 reviews written  [██░░░░░░░░░░░░░░░░░░░░░░░░░░░░░░░░░░░░░░] 27/390  (6.9%)
2026-03-28 15:32:34  INFO      __main__ — Page  28/390 — 20 reviews written  [██░░░░░░░░░░░░░░░░░░░░░░░░░░░░░░░░░░░░░░] 28/390  (7.2%)
2026-03-28 15:32:44  INFO      __main__ — Page  29/390 — 20 reviews written  [██░░░░░░░░░░░░░░░░░░░░░░░░░░░░░░░░░░░░░░] 29/390  (7.4%)
2026-03-28 15:32:55  INFO      __main__ — Page  30/390 — 20 reviews written  [███░░░░░░░░░░░░░░░░░░░░░░░░░░░░░░░░░░░░░] 30/390  (7.7%)
2026-03-28 15:33:08  INFO      __main__ — Page  31/390 — 20 reviews written  [███░░░░░░░░░░░░░░░░░░░░░░░░░░░░░░░░░░░░░] 31/390  (7.9%)
2026-03-28 15:33:18  INFO      __main__ — Page  32/390 — 20 reviews written  [███░░░░░░░░░░░░░░░░░░░░░░░░░░░░░░░░░░░░░] 32/390  (8.2%)
2026-03-28 15:33:31  INFO      __main__ — Page  33/390 — 20 reviews written  [███░░░░░░░░░░░░░░░░░░░░░░░░░░░░░░░░░░░░░] 33/390  (8.5%)
2026-03-28 15:33:42  INFO      __main__ — Page  34/390 — 20 reviews written  [███░░░░░░░░░░░░░░░░░░░░░░░░░░░░░░░░░░░░░] 34/390  (8.7%)
2026-03-28 15:33:51  INFO      __main__ — Page  35/390 — 20 reviews written  [███░░░░░░░░░░░░░░░░░░░░░░░░░░░░░░░░░░░░░] 35/390  (9.0%)
2026-03-28 15:34:00  INFO      __main__ — Page  36/390 — 20 reviews written  [███░░░░░░░░░░░░░░░░░░░░░░░░░░░░░░░░░░░░░] 36/390  (9.2%)
2026-03-28 15:34:12  INFO      __main__ — Page  37/390 — 20 reviews written  [███░░░░░░░░░░░░░░░░░░░░░░░░░░░░░░░░░░░░░] 37/390  (9.5%)
2026-03-28 15:34:22  INFO      __main__ — Page  38/390 — 20 reviews written  [███░░░░░░░░░░░░░░░░░░░░░░░░░░░░░░░░░░░░░] 38/390  (9.7%)
2026-03-28 15:34:34  INFO      __main__ — Page  39/390 — 20 reviews written  [████░░░░░░░░░░░░░░░░░░░░░░░░░░░░░░░░░░░░] 39/390  (10.0%)
2026-03-28 15:34:46  INFO      __main__ — Page  40/390 — 20 reviews written  [████░░░░░░░░░░░░░░░░░░░░░░░░░░░░░░░░░░░░] 40/390  (10.3%)
2026-03-28 15:34:58  INFO      __main__ — Page  41/390 — 20 reviews written  [████░░░░░░░░░░░░░░░░░░░░░░░░░░░░░░░░░░░░] 41/390  (10.5%)
2026-03-28 15:35:06  INFO      __main__ — Page  42/390 — 20 reviews written  [████░░░░░░░░░░░░░░░░░░░░░░░░░░░░░░░░░░░░] 42/390  (10.8%)
2026-03-28 15:35:15  INFO      __main__ — Page  43/390 — 20 reviews written  [████░░░░░░░░░░░░░░░░░░░░░░░░░░░░░░░░░░░░] 43/390  (11.0%)
2026-03-28 15:35:25  INFO      __main__ — Page  44/390 — 20 reviews written  [████░░░░░░░░░░░░░░░░░░░░░░░░░░░░░░░░░░░░] 44/390  (11.3%)
2026-03-28 15:35:34  INFO      __main__ — Page  45/390 — 20 reviews written  [████░░░░░░░░░░░░░░░░░░░░░░░░░░░░░░░░░░░░] 45/390  (11.5%)
2026-03-28 15:35:45  INFO      __main__ — Page  46/390 — 20 reviews written  [████░░░░░░░░░░░░░░░░░░░░░░░░░░░░░░░░░░░░] 46/390  (11.8%)
2026-03-28 15:35:57  INFO      __main__ — Page  47/390 — 20 reviews written  [████░░░░░░░░░░░░░░░░░░░░░░░░░░░░░░░░░░░░] 47/390  (12.1%)
2026-03-28 15:36:05  INFO      __main__ — Page  48/390 — 20 reviews written  [████░░░░░░░░░░░░░░░░░░░░░░░░░░░░░░░░░░░░] 48/390  (12.3%)
2026-03-28 15:36:17  INFO      __main__ — Page  49/390 — 20 reviews written  [█████░░░░░░░░░░░░░░░░░░░░░░░░░░░░░░░░░░░] 49/390  (12.6%)
2026-03-28 15:36:28  INFO      __main__ — Page  50/390 — 20 reviews written  [█████░░░░░░░░░░░░░░░░░░░░░░░░░░░░░░░░░░░] 50/390  (12.8%)
2026-03-28 15:36:40  INFO      __main__ — Page  51/390 — 20 reviews written  [█████░░░░░░░░░░░░░░░░░░░░░░░░░░░░░░░░░░░] 51/390  (13.1%)
2026-03-28 15:36:50  INFO      __main__ — Page  52/390 — 20 reviews written  [█████░░░░░░░░░░░░░░░░░░░░░░░░░░░░░░░░░░░] 52/390  (13.3%)
2026-03-28 15:37:02  INFO      __main__ — Page  53/390 — 20 reviews written  [█████░░░░░░░░░░░░░░░░░░░░░░░░░░░░░░░░░░░] 53/390  (13.6%)
2026-03-28 15:37:12  INFO      __main__ — Page  54/390 — 20 reviews written  [█████░░░░░░░░░░░░░░░░░░░░░░░░░░░░░░░░░░░] 54/390  (13.8%)
2026-03-28 15:37:21  INFO      __main__ — Page  55/390 — 20 reviews written  [█████░░░░░░░░░░░░░░░░░░░░░░░░░░░░░░░░░░░] 55/390  (14.1%)
2026-03-28 15:37:32  INFO      __main__ — Page  56/390 — 20 reviews written  [█████░░░░░░░░░░░░░░░░░░░░░░░░░░░░░░░░░░░] 56/390  (14.4%)
2026-03-28 15:37:42  INFO      __main__ — Page  57/390 — 20 reviews written  [█████░░░░░░░░░░░░░░░░░░░░░░░░░░░░░░░░░░░] 57/390  (14.6%)
2026-03-28 15:37:56  INFO      __main__ — Page  58/390 — 20 reviews written  [█████░░░░░░░░░░░░░░░░░░░░░░░░░░░░░░░░░░░] 58/390  (14.9%)
2026-03-28 15:38:06  INFO      __main__ — Page  59/390 — 20 reviews written  [██████░░░░░░░░░░░░░░░░░░░░░░░░░░░░░░░░░░] 59/390  (15.1%)
2026-03-28 15:38:17  INFO      __main__ — Page  60/390 — 20 reviews written  [██████░░░░░░░░░░░░░░░░░░░░░░░░░░░░░░░░░░] 60/390  (15.4%)
2026-03-28 15:38:26  INFO      __main__ — Page  61/390 — 20 reviews written  [██████░░░░░░░░░░░░░░░░░░░░░░░░░░░░░░░░░░] 61/390  (15.6%)
2026-03-28 15:39:06  INFO      __main__ — Page  62/390 — 20 reviews written  [██████░░░░░░░░░░░░░░░░░░░░░░░░░░░░░░░░░░] 62/390  (15.9%)
2026-03-28 15:39:18  INFO      __main__ — Page  63/390 — 20 reviews written  [██████░░░░░░░░░░░░░░░░░░░░░░░░░░░░░░░░░░] 63/390  (16.2%)
2026-03-28 15:40:00  INFO      __main__ — Page  64/390 — 20 reviews written  [██████░░░░░░░░░░░░░░░░░░░░░░░░░░░░░░░░░░] 64/390  (16.4%)
2026-03-28 15:40:12  INFO      __main__ — Page  65/390 — 20 reviews written  [██████░░░░░░░░░░░░░░░░░░░░░░░░░░░░░░░░░░] 65/390  (16.7%)
2026-03-28 15:40:53  INFO      __main__ — Page  66/390 — 20 reviews written  [██████░░░░░░░░░░░░░░░░░░░░░░░░░░░░░░░░░░] 66/390  (16.9%)
2026-03-28 15:41:03  INFO      __main__ — Page  67/390 — 20 reviews written  [██████░░░░░░░░░░░░░░░░░░░░░░░░░░░░░░░░░░] 67/390  (17.2%)
2026-03-28 15:41:12  INFO      __main__ — Page  68/390 — 20 reviews written  [██████░░░░░░░░░░░░░░░░░░░░░░░░░░░░░░░░░░] 68/390  (17.4%)
2026-03-28 15:41:25  INFO      __main__ — Page  69/390 — 20 reviews written  [███████░░░░░░░░░░░░░░░░░░░░░░░░░░░░░░░░░] 69/390  (17.7%)
2026-03-28 15:41:37  INFO      __main__ — Page  70/390 — 20 reviews written  [███████░░░░░░░░░░░░░░░░░░░░░░░░░░░░░░░░░] 70/390  (17.9%)
2026-03-28 15:41:47  INFO      __main__ — Page  71/390 — 20 reviews written  [███████░░░░░░░░░░░░░░░░░░░░░░░░░░░░░░░░░] 71/390  (18.2%)
2026-03-28 15:41:57  INFO      __main__ — Page  72/390 — 20 reviews written  [███████░░░░░░░░░░░░░░░░░░░░░░░░░░░░░░░░░] 72/390  (18.5%)
2026-03-28 15:42:11  INFO      __main__ — Page  73/390 — 20 reviews written  [███████░░░░░░░░░░░░░░░░░░░░░░░░░░░░░░░░░] 73/390  (18.7%)
2026-03-28 15:42:21  INFO      __main__ — Page  74/390 — 20 reviews written  [███████░░░░░░░░░░░░░░░░░░░░░░░░░░░░░░░░░] 74/390  (19.0%)
2026-03-28 15:43:32  INFO      __main__ — Page  75/390 — 20 reviews written  [███████░░░░░░░░░░░░░░░░░░░░░░░░░░░░░░░░░] 75/390  (19.2%)
2026-03-28 15:43:44  INFO      __main__ — Page  76/390 — 20 reviews written  [███████░░░░░░░░░░░░░░░░░░░░░░░░░░░░░░░░░] 76/390  (19.5%)
2026-03-28 15:43:56  INFO      __main__ — Page  77/390 — 20 reviews written  [███████░░░░░░░░░░░░░░░░░░░░░░░░░░░░░░░░░] 77/390  (19.7%)
2026-03-28 15:44:35  INFO      __main__ — Page  78/390 — 20 reviews written  [████████░░░░░░░░░░░░░░░░░░░░░░░░░░░░░░░░] 78/390  (20.0%)
2026-03-28 15:44:45  INFO      __main__ — Page  79/390 — 20 reviews written  [████████░░░░░░░░░░░░░░░░░░░░░░░░░░░░░░░░] 79/390  (20.3%)
2026-03-28 15:44:54  INFO      __main__ — Page  80/390 — 20 reviews written  [████████░░░░░░░░░░░░░░░░░░░░░░░░░░░░░░░░] 80/390  (20.5%)
2026-03-28 15:45:38  INFO      __main__ — Page  81/390 — 20 reviews written  [████████░░░░░░░░░░░░░░░░░░░░░░░░░░░░░░░░] 81/390  (20.8%)
2026-03-28 15:46:20  INFO      __main__ — Page  82/390 — 20 reviews written  [████████░░░░░░░░░░░░░░░░░░░░░░░░░░░░░░░░] 82/390  (21.0%)
2026-03-28 15:46:29  INFO      __main__ — Page  83/390 — 20 reviews written  [████████░░░░░░░░░░░░░░░░░░░░░░░░░░░░░░░░] 83/390  (21.3%)
2026-03-28 15:46:40  INFO      __main__ — Page  84/390 — 20 reviews written  [████████░░░░░░░░░░░░░░░░░░░░░░░░░░░░░░░░] 84/390  (21.5%)
2026-03-28 15:46:52  INFO      __main__ — Page  85/390 — 20 reviews written  [████████░░░░░░░░░░░░░░░░░░░░░░░░░░░░░░░░] 85/390  (21.8%)
2026-03-28 15:47:01  INFO      __main__ — Page  86/390 — 20 reviews written  [████████░░░░░░░░░░░░░░░░░░░░░░░░░░░░░░░░] 86/390  (22.1%)
2026-03-28 15:47:11  INFO      __main__ — Page  87/390 — 20 reviews written  [████████░░░░░░░░░░░░░░░░░░░░░░░░░░░░░░░░] 87/390  (22.3%)
2026-03-28 15:47:22  INFO      __main__ — Page  88/390 — 20 reviews written  [█████████░░░░░░░░░░░░░░░░░░░░░░░░░░░░░░░] 88/390  (22.6%)
2026-03-28 15:47:34  INFO      __main__ — Page  89/390 — 20 reviews written  [█████████░░░░░░░░░░░░░░░░░░░░░░░░░░░░░░░] 89/390  (22.8%)
2026-03-28 15:47:44  INFO      __main__ — Page  90/390 — 20 reviews written  [█████████░░░░░░░░░░░░░░░░░░░░░░░░░░░░░░░] 90/390  (23.1%)
2026-03-28 15:47:57  INFO      __main__ — Page  91/390 — 20 reviews written  [█████████░░░░░░░░░░░░░░░░░░░░░░░░░░░░░░░] 91/390  (23.3%)
2026-03-28 15:48:06  INFO      __main__ — Page  92/390 — 20 reviews written  [█████████░░░░░░░░░░░░░░░░░░░░░░░░░░░░░░░] 92/390  (23.6%)
2026-03-28 15:48:16  INFO      __main__ — Page  93/390 — 20 reviews written  [█████████░░░░░░░░░░░░░░░░░░░░░░░░░░░░░░░] 93/390  (23.8%)
2026-03-28 15:48:25  INFO      __main__ — Page  94/390 — 20 reviews written  [█████████░░░░░░░░░░░░░░░░░░░░░░░░░░░░░░░] 94/390  (24.1%)
2026-03-28 15:48:35  INFO      __main__ — Page  95/390 — 20 reviews written  [█████████░░░░░░░░░░░░░░░░░░░░░░░░░░░░░░░] 95/390  (24.4%)
2026-03-28 15:48:44  INFO      __main__ — Page  96/390 — 20 reviews written  [█████████░░░░░░░░░░░░░░░░░░░░░░░░░░░░░░░] 96/390  (24.6%)
2026-03-28 15:48:55  INFO      __main__ — Page  97/390 — 20 reviews written  [█████████░░░░░░░░░░░░░░░░░░░░░░░░░░░░░░░] 97/390  (24.9%)
2026-03-28 15:49:07  INFO      __main__ — Page  98/390 — 20 reviews written  [██████████░░░░░░░░░░░░░░░░░░░░░░░░░░░░░░] 98/390  (25.1%)
2026-03-28 15:49:46  INFO      __main__ — Page  99/390 — 20 reviews written  [██████████░░░░░░░░░░░░░░░░░░░░░░░░░░░░░░] 99/390  (25.4%)
2026-03-28 15:49:55  INFO      __main__ — Page 100/390 — 20 reviews written  [██████████░░░░░░░░░░░░░░░░░░░░░░░░░░░░░░] 100/390  (25.6%)
2026-03-28 15:50:35  INFO      __main__ — Page 101/390 — 20 reviews written  [██████████░░░░░░░░░░░░░░░░░░░░░░░░░░░░░░] 101/390  (25.9%)
2026-03-28 15:50:46  INFO      __main__ — Page 102/390 — 20 reviews written  [██████████░░░░░░░░░░░░░░░░░░░░░░░░░░░░░░] 102/390  (26.2%)
2026-03-28 15:50:58  INFO      __main__ — Page 103/390 — 20 reviews written  [██████████░░░░░░░░░░░░░░░░░░░░░░░░░░░░░░] 103/390  (26.4%)
2026-03-28 15:51:08  INFO      __main__ — Page 104/390 — 20 reviews written  [██████████░░░░░░░░░░░░░░░░░░░░░░░░░░░░░░] 104/390  (26.7%)
2026-03-28 15:51:20  INFO      __main__ — Page 105/390 — 20 reviews written  [██████████░░░░░░░░░░░░░░░░░░░░░░░░░░░░░░] 105/390  (26.9%)
2026-03-28 15:51:32  INFO      __main__ — Page 106/390 — 20 reviews written  [██████████░░░░░░░░░░░░░░░░░░░░░░░░░░░░░░] 106/390  (27.2%)
2026-03-28 15:51:44  INFO      __main__ — Page 107/390 — 20 reviews written  [██████████░░░░░░░░░░░░░░░░░░░░░░░░░░░░░░] 107/390  (27.4%)
2026-03-28 15:51:53  INFO      __main__ — Page 108/390 — 20 reviews written  [███████████░░░░░░░░░░░░░░░░░░░░░░░░░░░░░] 108/390  (27.7%)
2026-03-28 15:52:05  INFO      __main__ — Page 109/390 — 20 reviews written  [███████████░░░░░░░░░░░░░░░░░░░░░░░░░░░░░] 109/390  (27.9%)
2026-03-28 15:52:17  INFO      __main__ — Page 110/390 — 20 reviews written  [███████████░░░░░░░░░░░░░░░░░░░░░░░░░░░░░] 110/390  (28.2%)
2026-03-28 15:52:28  INFO      __main__ — Page 111/390 — 20 reviews written  [███████████░░░░░░░░░░░░░░░░░░░░░░░░░░░░░] 111/390  (28.5%)
2026-03-28 15:52:36  INFO      __main__ — Page 112/390 — 20 reviews written  [███████████░░░░░░░░░░░░░░░░░░░░░░░░░░░░░] 112/390  (28.7%)
2026-03-28 15:53:18  INFO      __main__ — Page 113/390 — 20 reviews written  [███████████░░░░░░░░░░░░░░░░░░░░░░░░░░░░░] 113/390  (29.0%)
2026-03-28 15:53:30  INFO      __main__ — Page 114/390 — 20 reviews written  [███████████░░░░░░░░░░░░░░░░░░░░░░░░░░░░░] 114/390  (29.2%)
2026-03-28 15:53:41  INFO      __main__ — Page 115/390 — 20 reviews written  [███████████░░░░░░░░░░░░░░░░░░░░░░░░░░░░░] 115/390  (29.5%)
2026-03-28 15:53:51  INFO      __main__ — Page 116/390 — 20 reviews written  [███████████░░░░░░░░░░░░░░░░░░░░░░░░░░░░░] 116/390  (29.7%)
2026-03-28 15:54:31  INFO      __main__ — Page 117/390 — 20 reviews written  [████████████░░░░░░░░░░░░░░░░░░░░░░░░░░░░] 117/390  (30.0%)
2026-03-28 15:55:11  INFO      __main__ — Page 118/390 — 20 reviews written  [████████████░░░░░░░░░░░░░░░░░░░░░░░░░░░░] 118/390  (30.3%)
2026-03-28 15:55:21  INFO      __main__ — Page 119/390 — 20 reviews written  [████████████░░░░░░░░░░░░░░░░░░░░░░░░░░░░] 119/390  (30.5%)
2026-03-28 15:55:33  INFO      __main__ — Page 120/390 — 20 reviews written  [████████████░░░░░░░░░░░░░░░░░░░░░░░░░░░░] 120/390  (30.8%)
2026-03-28 15:55:44  INFO      __main__ — Page 121/390 — 20 reviews written  [████████████░░░░░░░░░░░░░░░░░░░░░░░░░░░░] 121/390  (31.0%)
2026-03-28 15:55:56  INFO      __main__ — Page 122/390 — 20 reviews written  [████████████░░░░░░░░░░░░░░░░░░░░░░░░░░░░] 122/390  (31.3%)
2026-03-28 15:56:06  INFO      __main__ — Page 123/390 — 20 reviews written  [████████████░░░░░░░░░░░░░░░░░░░░░░░░░░░░] 123/390  (31.5%)
2026-03-28 15:56:15  INFO      __main__ — Page 124/390 — 20 reviews written  [████████████░░░░░░░░░░░░░░░░░░░░░░░░░░░░] 124/390  (31.8%)
2026-03-28 15:56:25  INFO      __main__ — Page 125/390 — 20 reviews written  [████████████░░░░░░░░░░░░░░░░░░░░░░░░░░░░] 125/390  (32.1%)
2026-03-28 15:56:36  INFO      __main__ — Page 126/390 — 20 reviews written  [████████████░░░░░░░░░░░░░░░░░░░░░░░░░░░░] 126/390  (32.3%)
2026-03-28 15:57:18  INFO      __main__ — Page 127/390 — 20 reviews written  [█████████████░░░░░░░░░░░░░░░░░░░░░░░░░░░] 127/390  (32.6%)
2026-03-28 15:57:28  INFO      __main__ — Page 128/390 — 20 reviews written  [█████████████░░░░░░░░░░░░░░░░░░░░░░░░░░░] 128/390  (32.8%)
2026-03-28 15:57:37  INFO      __main__ — Page 129/390 — 20 reviews written  [█████████████░░░░░░░░░░░░░░░░░░░░░░░░░░░] 129/390  (33.1%)
2026-03-28 15:57:48  INFO      __main__ — Page 130/390 — 20 reviews written  [█████████████░░░░░░░░░░░░░░░░░░░░░░░░░░░] 130/390  (33.3%)
2026-03-28 15:57:57  INFO      __main__ — Page 131/390 — 20 reviews written  [█████████████░░░░░░░░░░░░░░░░░░░░░░░░░░░] 131/390  (33.6%)
2026-03-28 15:58:05  INFO      __main__ — Page 132/390 — 20 reviews written  [█████████████░░░░░░░░░░░░░░░░░░░░░░░░░░░] 132/390  (33.8%)
2026-03-28 15:58:17  INFO      __main__ — Page 133/390 — 20 reviews written  [█████████████░░░░░░░░░░░░░░░░░░░░░░░░░░░] 133/390  (34.1%)
2026-03-28 15:58:25  INFO      __main__ — Page 134/390 — 20 reviews written  [█████████████░░░░░░░░░░░░░░░░░░░░░░░░░░░] 134/390  (34.4%)
2026-03-28 15:58:37  INFO      __main__ — Page 135/390 — 20 reviews written  [█████████████░░░░░░░░░░░░░░░░░░░░░░░░░░░] 135/390  (34.6%)
2026-03-28 15:58:48  INFO      __main__ — Page 136/390 — 20 reviews written  [█████████████░░░░░░░░░░░░░░░░░░░░░░░░░░░] 136/390  (34.9%)
2026-03-28 15:58:59  INFO      __main__ — Page 137/390 — 20 reviews written  [██████████████░░░░░░░░░░░░░░░░░░░░░░░░░░] 137/390  (35.1%)
2026-03-28 15:59:09  INFO      __main__ — Page 138/390 — 20 reviews written  [██████████████░░░░░░░░░░░░░░░░░░░░░░░░░░] 138/390  (35.4%)
2026-03-28 15:59:21  INFO      __main__ — Page 139/390 — 20 reviews written  [██████████████░░░░░░░░░░░░░░░░░░░░░░░░░░] 139/390  (35.6%)
2026-03-28 15:59:33  INFO      __main__ — Page 140/390 — 20 reviews written  [██████████████░░░░░░░░░░░░░░░░░░░░░░░░░░] 140/390  (35.9%)
2026-03-28 15:59:41  INFO      __main__ — Page 141/390 — 20 reviews written  [██████████████░░░░░░░░░░░░░░░░░░░░░░░░░░] 141/390  (36.2%)
2026-03-28 15:59:50  INFO      __main__ — Page 142/390 — 20 reviews written  [██████████████░░░░░░░░░░░░░░░░░░░░░░░░░░] 142/390  (36.4%)
2026-03-28 16:00:02  INFO      __main__ — Page 143/390 — 20 reviews written  [██████████████░░░░░░░░░░░░░░░░░░░░░░░░░░] 143/390  (36.7%)
2026-03-28 16:00:12  INFO      __main__ — Page 144/390 — 20 reviews written  [██████████████░░░░░░░░░░░░░░░░░░░░░░░░░░] 144/390  (36.9%)
2026-03-28 16:00:24  INFO      __main__ — Page 145/390 — 20 reviews written  [██████████████░░░░░░░░░░░░░░░░░░░░░░░░░░] 145/390  (37.2%)
2026-03-28 16:00:33  INFO      __main__ — Page 146/390 — 20 reviews written  [██████████████░░░░░░░░░░░░░░░░░░░░░░░░░░] 146/390  (37.4%)
2026-03-28 16:01:43  INFO      __main__ — Page 147/390 — 20 reviews written  [███████████████░░░░░░░░░░░░░░░░░░░░░░░░░] 147/390  (37.7%)
2026-03-28 16:01:55  INFO      __main__ — Page 148/390 — 20 reviews written  [███████████████░░░░░░░░░░░░░░░░░░░░░░░░░] 148/390  (37.9%)
2026-03-28 16:02:05  INFO      __main__ — Page 149/390 — 20 reviews written  [███████████████░░░░░░░░░░░░░░░░░░░░░░░░░] 149/390  (38.2%)
2026-03-28 16:02:17  INFO      __main__ — Page 150/390 — 20 reviews written  [███████████████░░░░░░░░░░░░░░░░░░░░░░░░░] 150/390  (38.5%)
2026-03-28 16:02:28  INFO      __main__ — Page 151/390 — 20 reviews written  [███████████████░░░░░░░░░░░░░░░░░░░░░░░░░] 151/390  (38.7%)
2026-03-28 16:02:38  INFO      __main__ — Page 152/390 — 20 reviews written  [███████████████░░░░░░░░░░░░░░░░░░░░░░░░░] 152/390  (39.0%)
2026-03-28 16:02:55  INFO      __main__ — Page 153/390 — 20 reviews written  [███████████████░░░░░░░░░░░░░░░░░░░░░░░░░] 153/390  (39.2%)
2026-03-28 16:03:13  INFO      __main__ — Page 154/390 — 20 reviews written  [███████████████░░░░░░░░░░░░░░░░░░░░░░░░░] 154/390  (39.5%)
2026-03-28 16:03:36  INFO      __main__ — Page 155/390 — 20 reviews written  [███████████████░░░░░░░░░░░░░░░░░░░░░░░░░] 155/390  (39.7%)
2026-03-28 16:03:48  INFO      __main__ — Page 156/390 — 20 reviews written  [████████████████░░░░░░░░░░░░░░░░░░░░░░░░] 156/390  (40.0%)
2026-03-28 16:03:58  INFO      __main__ — Page 157/390 — 20 reviews written  [████████████████░░░░░░░░░░░░░░░░░░░░░░░░] 157/390  (40.3%)
2026-03-28 16:04:09  INFO      __main__ — Page 158/390 — 20 reviews written  [████████████████░░░░░░░░░░░░░░░░░░░░░░░░] 158/390  (40.5%)
2026-03-28 16:04:19  INFO      __main__ — Page 159/390 — 20 reviews written  [████████████████░░░░░░░░░░░░░░░░░░░░░░░░] 159/390  (40.8%)
2026-03-28 16:04:29  INFO      __main__ — Page 160/390 — 20 reviews written  [████████████████░░░░░░░░░░░░░░░░░░░░░░░░] 160/390  (41.0%)
2026-03-28 16:04:40  INFO      __main__ — Page 161/390 — 20 reviews written  [████████████████░░░░░░░░░░░░░░░░░░░░░░░░] 161/390  (41.3%)
2026-03-28 16:04:51  INFO      __main__ — Page 162/390 — 20 reviews written  [████████████████░░░░░░░░░░░░░░░░░░░░░░░░] 162/390  (41.5%)
2026-03-28 16:05:03  INFO      __main__ — Page 163/390 — 20 reviews written  [████████████████░░░░░░░░░░░░░░░░░░░░░░░░] 163/390  (41.8%)
2026-03-28 16:05:14  INFO      __main__ — Page 164/390 — 20 reviews written  [████████████████░░░░░░░░░░░░░░░░░░░░░░░░] 164/390  (42.1%)
2026-03-28 16:05:25  INFO      __main__ — Page 165/390 — 20 reviews written  [████████████████░░░░░░░░░░░░░░░░░░░░░░░░] 165/390  (42.3%)
2026-03-28 16:05:45  INFO      __main__ — Page 166/390 — 20 reviews written  [█████████████████░░░░░░░░░░░░░░░░░░░░░░░] 166/390  (42.6%)
2026-03-28 16:06:27  INFO      __main__ — Page 167/390 — 20 reviews written  [█████████████████░░░░░░░░░░░░░░░░░░░░░░░] 167/390  (42.8%)
2026-03-28 16:06:39  INFO      __main__ — Page 168/390 — 20 reviews written  [█████████████████░░░░░░░░░░░░░░░░░░░░░░░] 168/390  (43.1%)
2026-03-28 16:06:54  INFO      __main__ — Page 169/390 — 20 reviews written  [█████████████████░░░░░░░░░░░░░░░░░░░░░░░] 169/390  (43.3%)
2026-03-28 16:08:04  INFO      __main__ — Page 170/390 — 20 reviews written  [█████████████████░░░░░░░░░░░░░░░░░░░░░░░] 170/390  (43.6%)
2026-03-28 16:08:14  INFO      __main__ — Page 171/390 — 20 reviews written  [█████████████████░░░░░░░░░░░░░░░░░░░░░░░] 171/390  (43.8%)
2026-03-28 16:08:25  INFO      __main__ — Page 172/390 — 20 reviews written  [█████████████████░░░░░░░░░░░░░░░░░░░░░░░] 172/390  (44.1%)
2026-03-28 16:08:34  INFO      __main__ — Page 173/390 — 20 reviews written  [█████████████████░░░░░░░░░░░░░░░░░░░░░░░] 173/390  (44.4%)
2026-03-28 16:08:45  INFO      __main__ — Page 174/390 — 20 reviews written  [█████████████████░░░░░░░░░░░░░░░░░░░░░░░] 174/390  (44.6%)
2026-03-28 16:08:55  INFO      __main__ — Page 175/390 — 20 reviews written  [█████████████████░░░░░░░░░░░░░░░░░░░░░░░] 175/390  (44.9%)
2026-03-28 16:09:06  INFO      __main__ — Page 176/390 — 20 reviews written  [██████████████████░░░░░░░░░░░░░░░░░░░░░░] 176/390  (45.1%)
2026-03-28 16:09:19  INFO      __main__ — Page 177/390 — 20 reviews written  [██████████████████░░░░░░░░░░░░░░░░░░░░░░] 177/390  (45.4%)
2026-03-28 16:09:29  INFO      __main__ — Page 178/390 — 20 reviews written  [██████████████████░░░░░░░░░░░░░░░░░░░░░░] 178/390  (45.6%)
2026-03-28 16:09:39  INFO      __main__ — Page 179/390 — 20 reviews written  [██████████████████░░░░░░░░░░░░░░░░░░░░░░] 179/390  (45.9%)
2026-03-28 16:09:49  INFO      __main__ — Page 180/390 — 20 reviews written  [██████████████████░░░░░░░░░░░░░░░░░░░░░░] 180/390  (46.2%)
2026-03-28 16:10:01  INFO      __main__ — Page 181/390 — 20 reviews written  [██████████████████░░░░░░░░░░░░░░░░░░░░░░] 181/390  (46.4%)
2026-03-28 16:10:12  INFO      __main__ — Page 182/390 — 20 reviews written  [██████████████████░░░░░░░░░░░░░░░░░░░░░░] 182/390  (46.7%)
2026-03-28 16:10:23  INFO      __main__ — Page 183/390 — 20 reviews written  [██████████████████░░░░░░░░░░░░░░░░░░░░░░] 183/390  (46.9%)
2026-03-28 16:10:32  INFO      __main__ — Page 184/390 — 20 reviews written  [██████████████████░░░░░░░░░░░░░░░░░░░░░░] 184/390  (47.2%)
2026-03-28 16:10:45  INFO      __main__ — Page 185/390 — 20 reviews written  [██████████████████░░░░░░░░░░░░░░░░░░░░░░] 185/390  (47.4%)
2026-03-28 16:12:31  INFO      __main__ — Page 186/390 — 20 reviews written  [███████████████████░░░░░░░░░░░░░░░░░░░░░] 186/390  (47.7%)
2026-03-28 16:13:15  INFO      __main__ — Page 187/390 — 20 reviews written  [███████████████████░░░░░░░░░░░░░░░░░░░░░] 187/390  (47.9%)
2026-03-28 16:13:26  INFO      __main__ — Page 188/390 — 20 reviews written  [███████████████████░░░░░░░░░░░░░░░░░░░░░] 188/390  (48.2%)
2026-03-28 16:14:06  INFO      __main__ — Page 189/390 — 20 reviews written  [███████████████████░░░░░░░░░░░░░░░░░░░░░] 189/390  (48.5%)
2026-03-28 16:14:19  INFO      __main__ — Page 190/390 — 20 reviews written  [███████████████████░░░░░░░░░░░░░░░░░░░░░] 190/390  (48.7%)
2026-03-28 16:14:30  INFO      __main__ — Page 191/390 — 20 reviews written  [███████████████████░░░░░░░░░░░░░░░░░░░░░] 191/390  (49.0%)
2026-03-28 16:15:13  INFO      __main__ — Page 192/390 — 20 reviews written  [███████████████████░░░░░░░░░░░░░░░░░░░░░] 192/390  (49.2%)
2026-03-28 16:15:27  INFO      __main__ — Page 193/390 — 20 reviews written  [███████████████████░░░░░░░░░░░░░░░░░░░░░] 193/390  (49.5%)
2026-03-28 16:15:39  INFO      __main__ — Page 194/390 — 20 reviews written  [███████████████████░░░░░░░░░░░░░░░░░░░░░] 194/390  (49.7%)
2026-03-28 16:15:49  INFO      __main__ — Page 195/390 — 20 reviews written  [████████████████████░░░░░░░░░░░░░░░░░░░░] 195/390  (50.0%)
2026-03-28 16:16:32  INFO      __main__ — Page 196/390 — 20 reviews written  [████████████████████░░░░░░░░░░░░░░░░░░░░] 196/390  (50.3%)
2026-03-28 16:17:16  INFO      __main__ — Page 197/390 — 20 reviews written  [████████████████████░░░░░░░░░░░░░░░░░░░░] 197/390  (50.5%)
2026-03-28 16:17:58  INFO      __main__ — Page 198/390 — 20 reviews written  [████████████████████░░░░░░░░░░░░░░░░░░░░] 198/390  (50.8%)
2026-03-28 16:19:13  INFO      __main__ — Page 199/390 — 20 reviews written  [████████████████████░░░░░░░░░░░░░░░░░░░░] 199/390  (51.0%)
2026-03-28 16:19:21  INFO      __main__ — Page 200/390 — 20 reviews written  [████████████████████░░░░░░░░░░░░░░░░░░░░] 200/390  (51.3%)
2026-03-28 16:20:03  INFO      __main__ — Page 201/390 — 20 reviews written  [████████████████████░░░░░░░░░░░░░░░░░░░░] 201/390  (51.5%)
2026-03-28 16:20:15  INFO      __main__ — Page 202/390 — 20 reviews written  [████████████████████░░░░░░░░░░░░░░░░░░░░] 202/390  (51.8%)
2026-03-28 16:20:59  INFO      __main__ — Page 203/390 — 20 reviews written  [████████████████████░░░░░░░░░░░░░░░░░░░░] 203/390  (52.1%)
2026-03-28 16:21:39  INFO      __main__ — Page 204/390 — 20 reviews written  [████████████████████░░░░░░░░░░░░░░░░░░░░] 204/390  (52.3%)
2026-03-28 16:21:48  INFO      __main__ — Page 205/390 — 20 reviews written  [█████████████████████░░░░░░░░░░░░░░░░░░░] 205/390  (52.6%)
2026-03-28 16:22:00  INFO      __main__ — Page 206/390 — 20 reviews written  [█████████████████████░░░░░░░░░░░░░░░░░░░] 206/390  (52.8%)
2026-03-28 16:22:45  INFO      __main__ — Page 207/390 — 20 reviews written  [█████████████████████░░░░░░░░░░░░░░░░░░░] 207/390  (53.1%)
2026-03-28 16:23:25  INFO      __main__ — Page 208/390 — 20 reviews written  [█████████████████████░░░░░░░░░░░░░░░░░░░] 208/390  (53.3%)
2026-03-28 16:24:07  INFO      __main__ — Page 209/390 — 20 reviews written  [█████████████████████░░░░░░░░░░░░░░░░░░░] 209/390  (53.6%)
2026-03-28 16:24:17  INFO      __main__ — Page 210/390 — 20 reviews written  [█████████████████████░░░░░░░░░░░░░░░░░░░] 210/390  (53.8%)
2026-03-28 16:24:25  INFO      __main__ — Page 211/390 — 20 reviews written  [█████████████████████░░░░░░░░░░░░░░░░░░░] 211/390  (54.1%)
2026-03-28 16:24:35  INFO      __main__ — Page 212/390 — 20 reviews written  [█████████████████████░░░░░░░░░░░░░░░░░░░] 212/390  (54.4%)
2026-03-28 16:24:46  INFO      __main__ — Page 213/390 — 20 reviews written  [█████████████████████░░░░░░░░░░░░░░░░░░░] 213/390  (54.6%)
2026-03-28 16:24:58  INFO      __main__ — Page 214/390 — 20 reviews written  [█████████████████████░░░░░░░░░░░░░░░░░░░] 214/390  (54.9%)
2026-03-28 16:25:08  INFO      __main__ — Page 215/390 — 20 reviews written  [██████████████████████░░░░░░░░░░░░░░░░░░] 215/390  (55.1%)
2026-03-28 16:25:50  INFO      __main__ — Page 216/390 — 20 reviews written  [██████████████████████░░░░░░░░░░░░░░░░░░] 216/390  (55.4%)
2026-03-28 16:26:01  INFO      __main__ — Page 217/390 — 20 reviews written  [██████████████████████░░░░░░░░░░░░░░░░░░] 217/390  (55.6%)
2026-03-28 16:26:13  INFO      __main__ — Page 218/390 — 20 reviews written  [██████████████████████░░░░░░░░░░░░░░░░░░] 218/390  (55.9%)
2026-03-28 16:26:24  INFO      __main__ — Page 219/390 — 20 reviews written  [██████████████████████░░░░░░░░░░░░░░░░░░] 219/390  (56.2%)
2026-03-28 16:26:35  INFO      __main__ — Page 220/390 — 20 reviews written  [██████████████████████░░░░░░░░░░░░░░░░░░] 220/390  (56.4%)
2026-03-28 16:26:43  INFO      __main__ — Page 221/390 — 20 reviews written  [██████████████████████░░░░░░░░░░░░░░░░░░] 221/390  (56.7%)
2026-03-28 16:26:52  INFO      __main__ — Page 222/390 — 20 reviews written  [██████████████████████░░░░░░░░░░░░░░░░░░] 222/390  (56.9%)
2026-03-28 16:27:02  INFO      __main__ — Page 223/390 — 20 reviews written  [██████████████████████░░░░░░░░░░░░░░░░░░] 223/390  (57.2%)
2026-03-28 16:27:41  INFO      __main__ — Page 224/390 — 20 reviews written  [██████████████████████░░░░░░░░░░░░░░░░░░] 224/390  (57.4%)
2026-03-28 16:27:52  INFO      __main__ — Page 225/390 — 20 reviews written  [███████████████████████░░░░░░░░░░░░░░░░░] 225/390  (57.7%)
2026-03-28 16:28:01  INFO      __main__ — Page 226/390 — 20 reviews written  [███████████████████████░░░░░░░░░░░░░░░░░] 226/390  (57.9%)
2026-03-28 16:28:13  INFO      __main__ — Page 227/390 — 20 reviews written  [███████████████████████░░░░░░░░░░░░░░░░░] 227/390  (58.2%)
2026-03-28 16:28:21  INFO      __main__ — Page 228/390 — 20 reviews written  [███████████████████████░░░░░░░░░░░░░░░░░] 228/390  (58.5%)
2026-03-28 16:28:30  INFO      __main__ — Page 229/390 — 20 reviews written  [███████████████████████░░░░░░░░░░░░░░░░░] 229/390  (58.7%)
2026-03-28 16:28:42  INFO      __main__ — Page 230/390 — 20 reviews written  [███████████████████████░░░░░░░░░░░░░░░░░] 230/390  (59.0%)
2026-03-28 16:28:52  INFO      __main__ — Page 231/390 — 20 reviews written  [███████████████████████░░░░░░░░░░░░░░░░░] 231/390  (59.2%)
2026-03-28 16:29:03  INFO      __main__ — Page 232/390 — 20 reviews written  [███████████████████████░░░░░░░░░░░░░░░░░] 232/390  (59.5%)
2026-03-28 16:29:15  INFO      __main__ — Page 233/390 — 20 reviews written  [███████████████████████░░░░░░░░░░░░░░░░░] 233/390  (59.7%)
2026-03-28 16:29:27  INFO      __main__ — Page 234/390 — 20 reviews written  [████████████████████████░░░░░░░░░░░░░░░░] 234/390  (60.0%)
2026-03-28 16:29:37  INFO      __main__ — Page 235/390 — 20 reviews written  [████████████████████████░░░░░░░░░░░░░░░░] 235/390  (60.3%)
2026-03-28 16:29:47  INFO      __main__ — Page 236/390 — 20 reviews written  [████████████████████████░░░░░░░░░░░░░░░░] 236/390  (60.5%)
2026-03-28 16:29:56  INFO      __main__ — Page 237/390 — 20 reviews written  [████████████████████████░░░░░░░░░░░░░░░░] 237/390  (60.8%)
2026-03-28 16:30:06  INFO      __main__ — Page 238/390 — 20 reviews written  [████████████████████████░░░░░░░░░░░░░░░░] 238/390  (61.0%)
2026-03-28 16:30:15  INFO      __main__ — Page 239/390 — 20 reviews written  [████████████████████████░░░░░░░░░░░░░░░░] 239/390  (61.3%)
2026-03-28 16:30:24  INFO      __main__ — Page 240/390 — 20 reviews written  [████████████████████████░░░░░░░░░░░░░░░░] 240/390  (61.5%)
2026-03-28 16:30:38  INFO      __main__ — Page 241/390 — 20 reviews written  [████████████████████████░░░░░░░░░░░░░░░░] 241/390  (61.8%)
2026-03-28 16:30:48  INFO      __main__ — Page 242/390 — 20 reviews written  [████████████████████████░░░░░░░░░░░░░░░░] 242/390  (62.1%)
2026-03-28 16:30:57  INFO      __main__ — Page 243/390 — 20 reviews written  [████████████████████████░░░░░░░░░░░░░░░░] 243/390  (62.3%)
2026-03-28 16:31:06  INFO      __main__ — Page 244/390 — 20 reviews written  [█████████████████████████░░░░░░░░░░░░░░░] 244/390  (62.6%)
2026-03-28 16:31:19  INFO      __main__ — Page 245/390 — 20 reviews written  [█████████████████████████░░░░░░░░░░░░░░░] 245/390  (62.8%)
2026-03-28 16:31:28  INFO      __main__ — Page 246/390 — 20 reviews written  [█████████████████████████░░░░░░░░░░░░░░░] 246/390  (63.1%)
2026-03-28 16:31:40  INFO      __main__ — Page 247/390 — 20 reviews written  [█████████████████████████░░░░░░░░░░░░░░░] 247/390  (63.3%)
2026-03-28 16:31:50  INFO      __main__ — Page 248/390 — 20 reviews written  [█████████████████████████░░░░░░░░░░░░░░░] 248/390  (63.6%)
2026-03-28 16:32:02  INFO      __main__ — Page 249/390 — 20 reviews written  [█████████████████████████░░░░░░░░░░░░░░░] 249/390  (63.8%)
2026-03-28 16:32:11  INFO      __main__ — Page 250/390 — 20 reviews written  [█████████████████████████░░░░░░░░░░░░░░░] 250/390  (64.1%)
2026-03-28 16:32:19  INFO      __main__ — Page 251/390 — 20 reviews written  [█████████████████████████░░░░░░░░░░░░░░░] 251/390  (64.4%)
2026-03-28 16:32:30  INFO      __main__ — Page 252/390 — 20 reviews written  [█████████████████████████░░░░░░░░░░░░░░░] 252/390  (64.6%)
2026-03-28 16:32:40  INFO      __main__ — Page 253/390 — 20 reviews written  [█████████████████████████░░░░░░░░░░░░░░░] 253/390  (64.9%)
2026-03-28 16:32:50  INFO      __main__ — Page 254/390 — 20 reviews written  [██████████████████████████░░░░░░░░░░░░░░] 254/390  (65.1%)
2026-03-28 16:32:59  INFO      __main__ — Page 255/390 — 20 reviews written  [██████████████████████████░░░░░░░░░░░░░░] 255/390  (65.4%)
2026-03-28 16:33:10  INFO      __main__ — Page 256/390 — 20 reviews written  [██████████████████████████░░░░░░░░░░░░░░] 256/390  (65.6%)
2026-03-28 16:33:24  INFO      __main__ — Page 257/390 — 20 reviews written  [██████████████████████████░░░░░░░░░░░░░░] 257/390  (65.9%)
2026-03-28 16:33:36  INFO      __main__ — Page 258/390 — 20 reviews written  [██████████████████████████░░░░░░░░░░░░░░] 258/390  (66.2%)
2026-03-28 16:33:48  INFO      __main__ — Page 259/390 — 20 reviews written  [██████████████████████████░░░░░░░░░░░░░░] 259/390  (66.4%)
2026-03-28 16:33:57  INFO      __main__ — Page 260/390 — 20 reviews written  [██████████████████████████░░░░░░░░░░░░░░] 260/390  (66.7%)
2026-03-28 16:34:09  INFO      __main__ — Page 261/390 — 20 reviews written  [██████████████████████████░░░░░░░░░░░░░░] 261/390  (66.9%)
2026-03-28 16:34:18  INFO      __main__ — Page 262/390 — 20 reviews written  [██████████████████████████░░░░░░░░░░░░░░] 262/390  (67.2%)
2026-03-28 16:34:27  INFO      __main__ — Page 263/390 — 20 reviews written  [██████████████████████████░░░░░░░░░░░░░░] 263/390  (67.4%)
2026-03-28 16:34:37  INFO      __main__ — Page 264/390 — 20 reviews written  [███████████████████████████░░░░░░░░░░░░░] 264/390  (67.7%)
2026-03-28 16:34:47  INFO      __main__ — Page 265/390 — 20 reviews written  [███████████████████████████░░░░░░░░░░░░░] 265/390  (67.9%)
2026-03-28 16:34:56  INFO      __main__ — Page 266/390 — 20 reviews written  [███████████████████████████░░░░░░░░░░░░░] 266/390  (68.2%)
2026-03-28 16:35:08  INFO      __main__ — Page 267/390 — 20 reviews written  [███████████████████████████░░░░░░░░░░░░░] 267/390  (68.5%)
2026-03-28 16:35:16  INFO      __main__ — Page 268/390 — 20 reviews written  [███████████████████████████░░░░░░░░░░░░░] 268/390  (68.7%)
2026-03-28 16:35:26  INFO      __main__ — Page 269/390 — 20 reviews written  [███████████████████████████░░░░░░░░░░░░░] 269/390  (69.0%)
2026-03-28 16:35:35  INFO      __main__ — Page 270/390 — 20 reviews written  [███████████████████████████░░░░░░░░░░░░░] 270/390  (69.2%)
2026-03-28 16:35:43  INFO      __main__ — Page 271/390 — 20 reviews written  [███████████████████████████░░░░░░░░░░░░░] 271/390  (69.5%)
2026-03-28 16:35:55  INFO      __main__ — Page 272/390 — 20 reviews written  [███████████████████████████░░░░░░░░░░░░░] 272/390  (69.7%)
2026-03-28 16:36:10  INFO      __main__ — Page 273/390 — 20 reviews written  [████████████████████████████░░░░░░░░░░░░] 273/390  (70.0%)
2026-03-28 16:36:22  INFO      __main__ — Page 274/390 — 20 reviews written  [████████████████████████████░░░░░░░░░░░░] 274/390  (70.3%)
2026-03-28 16:36:31  INFO      __main__ — Page 275/390 — 20 reviews written  [████████████████████████████░░░░░░░░░░░░] 275/390  (70.5%)
2026-03-28 16:36:41  INFO      __main__ — Page 276/390 — 20 reviews written  [████████████████████████████░░░░░░░░░░░░] 276/390  (70.8%)
2026-03-28 16:36:52  INFO      __main__ — Page 277/390 — 20 reviews written  [████████████████████████████░░░░░░░░░░░░] 277/390  (71.0%)
2026-03-28 16:37:01  INFO      __main__ — Page 278/390 — 20 reviews written  [████████████████████████████░░░░░░░░░░░░] 278/390  (71.3%)
2026-03-28 16:37:13  INFO      __main__ — Page 279/390 — 20 reviews written  [████████████████████████████░░░░░░░░░░░░] 279/390  (71.5%)
2026-03-28 16:37:22  INFO      __main__ — Page 280/390 — 20 reviews written  [████████████████████████████░░░░░░░░░░░░] 280/390  (71.8%)
2026-03-28 16:37:34  INFO      __main__ — Page 281/390 — 20 reviews written  [████████████████████████████░░░░░░░░░░░░] 281/390  (72.1%)
2026-03-28 16:37:44  INFO      __main__ — Page 282/390 — 20 reviews written  [████████████████████████████░░░░░░░░░░░░] 282/390  (72.3%)
2026-03-28 16:37:52  INFO      __main__ — Page 283/390 — 20 reviews written  [█████████████████████████████░░░░░░░░░░░] 283/390  (72.6%)
2026-03-28 16:38:02  INFO      __main__ — Page 284/390 — 20 reviews written  [█████████████████████████████░░░░░░░░░░░] 284/390  (72.8%)
2026-03-28 16:38:11  INFO      __main__ — Page 285/390 — 20 reviews written  [█████████████████████████████░░░░░░░░░░░] 285/390  (73.1%)
2026-03-28 16:38:53  INFO      __main__ — Page 286/390 — 20 reviews written  [█████████████████████████████░░░░░░░░░░░] 286/390  (73.3%)
2026-03-28 16:39:04  INFO      __main__ — Page 287/390 — 20 reviews written  [█████████████████████████████░░░░░░░░░░░] 287/390  (73.6%)
2026-03-28 16:40:13  INFO      __main__ — Page 288/390 — 20 reviews written  [█████████████████████████████░░░░░░░░░░░] 288/390  (73.8%)
2026-03-28 16:40:24  INFO      __main__ — Page 289/390 — 20 reviews written  [█████████████████████████████░░░░░░░░░░░] 289/390  (74.1%)
2026-03-28 16:40:34  INFO      __main__ — Page 290/390 — 20 reviews written  [█████████████████████████████░░░░░░░░░░░] 290/390  (74.4%)
2026-03-28 16:40:44  INFO      __main__ — Page 291/390 — 20 reviews written  [█████████████████████████████░░░░░░░░░░░] 291/390  (74.6%)
2026-03-28 16:40:54  INFO      __main__ — Page 292/390 — 20 reviews written  [█████████████████████████████░░░░░░░░░░░] 292/390  (74.9%)
2026-03-28 16:41:06  INFO      __main__ — Page 293/390 — 20 reviews written  [██████████████████████████████░░░░░░░░░░] 293/390  (75.1%)
2026-03-28 16:41:18  INFO      __main__ — Page 294/390 — 20 reviews written  [██████████████████████████████░░░░░░░░░░] 294/390  (75.4%)
2026-03-28 16:41:28  INFO      __main__ — Page 295/390 — 20 reviews written  [██████████████████████████████░░░░░░░░░░] 295/390  (75.6%)
2026-03-28 16:41:38  INFO      __main__ — Page 296/390 — 20 reviews written  [██████████████████████████████░░░░░░░░░░] 296/390  (75.9%)
2026-03-28 16:42:21  INFO      __main__ — Page 297/390 — 20 reviews written  [██████████████████████████████░░░░░░░░░░] 297/390  (76.2%)
2026-03-28 16:42:31  INFO      __main__ — Page 298/390 — 20 reviews written  [██████████████████████████████░░░░░░░░░░] 298/390  (76.4%)
2026-03-28 16:42:43  INFO      __main__ — Page 299/390 — 20 reviews written  [██████████████████████████████░░░░░░░░░░] 299/390  (76.7%)
2026-03-28 16:42:52  INFO      __main__ — Page 300/390 — 20 reviews written  [██████████████████████████████░░░░░░░░░░] 300/390  (76.9%)
2026-03-28 16:43:03  INFO      __main__ — Page 301/390 — 20 reviews written  [██████████████████████████████░░░░░░░░░░] 301/390  (77.2%)
2026-03-28 16:43:12  INFO      __main__ — Page 302/390 — 20 reviews written  [██████████████████████████████░░░░░░░░░░] 302/390  (77.4%)
2026-03-28 16:43:24  INFO      __main__ — Page 303/390 — 20 reviews written  [███████████████████████████████░░░░░░░░░] 303/390  (77.7%)
2026-03-28 16:44:33  INFO      __main__ — Page 304/390 — 20 reviews written  [███████████████████████████████░░░░░░░░░] 304/390  (77.9%)
2026-03-28 16:44:47  INFO      __main__ — Page 305/390 — 20 reviews written  [███████████████████████████████░░░░░░░░░] 305/390  (78.2%)
2026-03-28 16:44:57  INFO      __main__ — Page 306/390 — 20 reviews written  [███████████████████████████████░░░░░░░░░] 306/390  (78.5%)
2026-03-28 16:45:05  INFO      __main__ — Page 307/390 — 20 reviews written  [███████████████████████████████░░░░░░░░░] 307/390  (78.7%)
2026-03-28 16:45:15  INFO      __main__ — Page 308/390 — 20 reviews written  [███████████████████████████████░░░░░░░░░] 308/390  (79.0%)
2026-03-28 16:45:24  INFO      __main__ — Page 309/390 — 20 reviews written  [███████████████████████████████░░░░░░░░░] 309/390  (79.2%)
2026-03-28 16:45:36  INFO      __main__ — Page 310/390 — 20 reviews written  [███████████████████████████████░░░░░░░░░] 310/390  (79.5%)
2026-03-28 16:45:46  INFO      __main__ — Page 311/390 — 20 reviews written  [███████████████████████████████░░░░░░░░░] 311/390  (79.7%)
2026-03-28 16:45:55  INFO      __main__ — Page 312/390 — 20 reviews written  [████████████████████████████████░░░░░░░░] 312/390  (80.0%)
2026-03-28 16:46:10  INFO      __main__ — Page 313/390 — 20 reviews written  [████████████████████████████████░░░░░░░░] 313/390  (80.3%)
2026-03-28 16:46:49  INFO      __main__ — Page 314/390 — 20 reviews written  [████████████████████████████████░░░░░░░░] 314/390  (80.5%)
2026-03-28 16:47:02  INFO      __main__ — Page 315/390 — 20 reviews written  [████████████████████████████████░░░░░░░░] 315/390  (80.8%)
2026-03-28 16:47:13  INFO      __main__ — Page 316/390 — 20 reviews written  [████████████████████████████████░░░░░░░░] 316/390  (81.0%)
2026-03-28 16:47:25  INFO      __main__ — Page 317/390 — 20 reviews written  [████████████████████████████████░░░░░░░░] 317/390  (81.3%)
2026-03-28 16:47:36  INFO      __main__ — Page 318/390 — 20 reviews written  [████████████████████████████████░░░░░░░░] 318/390  (81.5%)
2026-03-28 16:48:20  INFO      __main__ — Page 319/390 — 20 reviews written  [████████████████████████████████░░░░░░░░] 319/390  (81.8%)
2026-03-28 16:48:31  INFO      __main__ — Page 320/390 — 20 reviews written  [████████████████████████████████░░░░░░░░] 320/390  (82.1%)
2026-03-28 16:50:11  INFO      __main__ — Page 321/390 — 20 reviews written  [████████████████████████████████░░░░░░░░] 321/390  (82.3%)
2026-03-28 16:50:20  INFO      __main__ — Page 322/390 — 20 reviews written  [█████████████████████████████████░░░░░░░] 322/390  (82.6%)
2026-03-28 16:50:31  INFO      __main__ — Page 323/390 — 20 reviews written  [█████████████████████████████████░░░░░░░] 323/390  (82.8%)
2026-03-28 16:51:10  INFO      __main__ — Page 324/390 — 20 reviews written  [█████████████████████████████████░░░░░░░] 324/390  (83.1%)
2026-03-28 16:51:52  INFO      __main__ — Page 325/390 — 20 reviews written  [█████████████████████████████████░░░░░░░] 325/390  (83.3%)
2026-03-28 16:52:32  INFO      __main__ — Page 326/390 — 20 reviews written  [█████████████████████████████████░░░░░░░] 326/390  (83.6%)
2026-03-28 16:52:44  INFO      __main__ — Page 327/390 — 20 reviews written  [█████████████████████████████████░░░░░░░] 327/390  (83.8%)
2026-03-28 16:53:26  INFO      __main__ — Page 328/390 — 20 reviews written  [█████████████████████████████████░░░░░░░] 328/390  (84.1%)
2026-03-28 16:53:40  INFO      __main__ — Page 329/390 — 20 reviews written  [█████████████████████████████████░░░░░░░] 329/390  (84.4%)
2026-03-28 16:54:50  INFO      __main__ — Page 330/390 — 20 reviews written  [█████████████████████████████████░░░░░░░] 330/390  (84.6%)
2026-03-28 16:54:59  INFO      __main__ — Page 331/390 — 20 reviews written  [█████████████████████████████████░░░░░░░] 331/390  (84.9%)
2026-03-28 16:55:09  INFO      __main__ — Page 332/390 — 20 reviews written  [██████████████████████████████████░░░░░░] 332/390  (85.1%)
2026-03-28 16:55:21  INFO      __main__ — Page 333/390 — 20 reviews written  [██████████████████████████████████░░░░░░] 333/390  (85.4%)
2026-03-28 16:56:03  INFO      __main__ — Page 334/390 — 20 reviews written  [██████████████████████████████████░░░░░░] 334/390  (85.6%)
2026-03-28 16:57:13  INFO      __main__ — Page 335/390 — 20 reviews written  [██████████████████████████████████░░░░░░] 335/390  (85.9%)
2026-03-28 16:57:23  INFO      __main__ — Page 336/390 — 20 reviews written  [██████████████████████████████████░░░░░░] 336/390  (86.2%)
2026-03-28 16:58:06  INFO      __main__ — Page 337/390 — 20 reviews written  [██████████████████████████████████░░░░░░] 337/390  (86.4%)
2026-03-28 16:58:16  INFO      __main__ — Page 338/390 — 20 reviews written  [██████████████████████████████████░░░░░░] 338/390  (86.7%)
2026-03-28 16:58:24  INFO      __main__ — Page 339/390 — 20 reviews written  [██████████████████████████████████░░░░░░] 339/390  (86.9%)
2026-03-28 16:59:05  INFO      __main__ — Page 340/390 — 20 reviews written  [██████████████████████████████████░░░░░░] 340/390  (87.2%)
2026-03-28 16:59:13  INFO      __main__ — Page 341/390 — 20 reviews written  [██████████████████████████████████░░░░░░] 341/390  (87.4%)
2026-03-28 16:59:22  INFO      __main__ — Page 342/390 — 20 reviews written  [███████████████████████████████████░░░░░] 342/390  (87.7%)
2026-03-28 16:59:33  INFO      __main__ — Page 343/390 — 20 reviews written  [███████████████████████████████████░░░░░] 343/390  (87.9%)
2026-03-28 16:59:42  INFO      __main__ — Page 344/390 — 20 reviews written  [███████████████████████████████████░░░░░] 344/390  (88.2%)
2026-03-28 16:59:54  INFO      __main__ — Page 345/390 — 20 reviews written  [███████████████████████████████████░░░░░] 345/390  (88.5%)
2026-03-28 17:00:06  INFO      __main__ — Page 346/390 — 20 reviews written  [███████████████████████████████████░░░░░] 346/390  (88.7%)
2026-03-28 17:00:18  INFO      __main__ — Page 347/390 — 20 reviews written  [███████████████████████████████████░░░░░] 347/390  (89.0%)
2026-03-28 17:00:28  INFO      __main__ — Page 348/390 — 20 reviews written  [███████████████████████████████████░░░░░] 348/390  (89.2%)
2026-03-28 17:00:38  INFO      __main__ — Page 349/390 — 20 reviews written  [███████████████████████████████████░░░░░] 349/390  (89.5%)
2026-03-28 17:00:48  INFO      __main__ — Page 350/390 — 20 reviews written  [███████████████████████████████████░░░░░] 350/390  (89.7%)
2026-03-28 17:01:28  INFO      __main__ — Page 351/390 — 20 reviews written  [████████████████████████████████████░░░░] 351/390  (90.0%)
2026-03-28 17:01:39  INFO      __main__ — Page 352/390 — 20 reviews written  [████████████████████████████████████░░░░] 352/390  (90.3%)
2026-03-28 17:01:51  INFO      __main__ — Page 353/390 — 20 reviews written  [████████████████████████████████████░░░░] 353/390  (90.5%)
2026-03-28 17:02:03  INFO      __main__ — Page 354/390 — 20 reviews written  [████████████████████████████████████░░░░] 354/390  (90.8%)
2026-03-28 17:02:15  INFO      __main__ — Page 355/390 — 20 reviews written  [████████████████████████████████████░░░░] 355/390  (91.0%)
2026-03-28 17:02:27  INFO      __main__ — Page 356/390 — 20 reviews written  [████████████████████████████████████░░░░] 356/390  (91.3%)
2026-03-28 17:02:37  INFO      __main__ — Page 357/390 — 20 reviews written  [████████████████████████████████████░░░░] 357/390  (91.5%)
2026-03-28 17:02:47  INFO      __main__ — Page 358/390 — 20 reviews written  [████████████████████████████████████░░░░] 358/390  (91.8%)
2026-03-28 17:03:28  INFO      __main__ — Page 359/390 — 20 reviews written  [████████████████████████████████████░░░░] 359/390  (92.1%)
2026-03-28 17:03:39  INFO      __main__ — Page 360/390 — 20 reviews written  [████████████████████████████████████░░░░] 360/390  (92.3%)
2026-03-28 17:03:50  INFO      __main__ — Page 361/390 — 20 reviews written  [█████████████████████████████████████░░░] 361/390  (92.6%)
2026-03-28 17:04:00  INFO      __main__ — Page 362/390 — 20 reviews written  [█████████████████████████████████████░░░] 362/390  (92.8%)
2026-03-28 17:04:41  INFO      __main__ — Page 363/390 — 20 reviews written  [█████████████████████████████████████░░░] 363/390  (93.1%)
2026-03-28 17:04:50  INFO      __main__ — Page 364/390 — 20 reviews written  [█████████████████████████████████████░░░] 364/390  (93.3%)
2026-03-28 17:05:00  INFO      __main__ — Page 365/390 — 20 reviews written  [█████████████████████████████████████░░░] 365/390  (93.6%)
2026-03-28 17:05:11  INFO      __main__ — Page 366/390 — 20 reviews written  [█████████████████████████████████████░░░] 366/390  (93.8%)
2026-03-28 17:05:23  INFO      __main__ — Page 367/390 — 20 reviews written  [█████████████████████████████████████░░░] 367/390  (94.1%)
2026-03-28 17:05:33  INFO      __main__ — Page 368/390 — 20 reviews written  [█████████████████████████████████████░░░] 368/390  (94.4%)
2026-03-28 17:05:47  INFO      __main__ — Page 369/390 — 20 reviews written  [█████████████████████████████████████░░░] 369/390  (94.6%)
2026-03-28 17:05:55  INFO      __main__ — Page 370/390 — 20 reviews written  [█████████████████████████████████████░░░] 370/390  (94.9%)
2026-03-28 17:06:04  INFO      __main__ — Page 371/390 — 20 reviews written  [██████████████████████████████████████░░] 371/390  (95.1%)
2026-03-28 17:06:15  INFO      __main__ — Page 372/390 — 20 reviews written  [██████████████████████████████████████░░] 372/390  (95.4%)
2026-03-28 17:06:27  INFO      __main__ — Page 373/390 — 20 reviews written  [██████████████████████████████████████░░] 373/390  (95.6%)
2026-03-28 17:06:36  INFO      __main__ — Page 374/390 — 20 reviews written  [██████████████████████████████████████░░] 374/390  (95.9%)
2026-03-28 17:06:47  INFO      __main__ — Page 375/390 — 20 reviews written  [██████████████████████████████████████░░] 375/390  (96.2%)
2026-03-28 17:06:59  INFO      __main__ — Page 376/390 — 20 reviews written  [██████████████████████████████████████░░] 376/390  (96.4%)
2026-03-28 17:07:09  INFO      __main__ — Page 377/390 — 20 reviews written  [██████████████████████████████████████░░] 377/390  (96.7%)
2026-03-28 17:07:22  INFO      __main__ — Page 378/390 — 20 reviews written  [██████████████████████████████████████░░] 378/390  (96.9%)
2026-03-28 17:07:32  INFO      __main__ — Page 379/390 — 20 reviews written  [██████████████████████████████████████░░] 379/390  (97.2%)
2026-03-28 17:07:41  INFO      __main__ — Page 380/390 — 20 reviews written  [██████████████████████████████████████░░] 380/390  (97.4%)
2026-03-28 17:07:50  INFO      __main__ — Page 381/390 — 20 reviews written  [███████████████████████████████████████░] 381/390  (97.7%)
2026-03-28 17:08:01  INFO      __main__ — Page 382/390 — 20 reviews written  [███████████████████████████████████████░] 382/390  (97.9%)
2026-03-28 17:08:12  INFO      __main__ — Page 383/390 — 20 reviews written  [███████████████████████████████████████░] 383/390  (98.2%)
2026-03-28 17:08:21  INFO      __main__ — Page 384/390 — 20 reviews written  [███████████████████████████████████████░] 384/390  (98.5%)
2026-03-28 17:08:32  INFO      __main__ — Page 385/390 — 20 reviews written  [███████████████████████████████████████░] 385/390  (98.7%)
2026-03-28 17:08:43  INFO      __main__ — Page 386/390 — 20 reviews written  [███████████████████████████████████████░] 386/390  (99.0%)
2026-03-28 17:08:53  INFO      __main__ — Page 387/390 — 20 reviews written  [███████████████████████████████████████░] 387/390  (99.2%)
2026-03-28 17:09:01  INFO      __main__ — Page 388/390 — 6 reviews written  [███████████████████████████████████████░] 388/390  (99.5%)
2026-03-28 17:09:27  WARNING   __main__ — Timed out waiting for review cards — parsing whatever loaded
2026-03-28 17:09:29  WARNING   __main__ — No reviews on page 389 (empty streak: 1)
2026-03-28 17:09:58  WARNING   __main__ — Timed out waiting for review cards — parsing whatever loaded
2026-03-28 17:10:00  WARNING   __main__ — No reviews on page 390 (empty streak: 2)
2026-03-28 17:10:00  INFO      __main__ — 2 consecutive empty pages — assuming end of reviews
2026-03-28 17:10:01  INFO      __main__ — === Scraping complete — 7746 reviews written to output/jsw steel_reviews.csv ===
