2026-03-28 11:16:35  INFO      __main__ — === AmbitionBox Scraper starting ===
2026-03-28 11:16:35  INFO      __main__ — Target : Ocm  (slug=ocm)
2026-03-28 11:16:35  INFO      __main__ — Output : output/ocm_reviews.csv
2026-03-28 11:16:35  WARNING   __main__ — playwright-stealth not installed. Installing now...
2026-03-28 11:16:36  WARNING   __main__ — Could not auto-install playwright-stealth — run manually: pip install playwright-stealth
2026-03-28 11:16:37  INFO      __main__ — Browser launched: chrome
2026-03-28 11:16:37  INFO      __main__ — Warm-up: visiting ambitionbox.com homepage…
2026-03-28 11:16:44  INFO      __main__ — Warm-up complete
2026-03-28 11:16:44  INFO      __main__ — Loading reviews page 1…
2026-03-28 11:16:53  INFO      parser — Company meta → name=OCM | rating=3.7 | reviews=58 | industry=None
2026-03-28 11:16:53  INFO      __main__ — Total reviews: 58  → 6 pages to scrape
2026-03-28 11:16:53  INFO      __main__ — Page  1/6 — 20 reviews written  [██████░░░░░░░░░░░░░░░░░░░░░░░░░░░░░░░░░░] 1/6  (16.7%)
2026-03-28 11:18:07  INFO      __main__ — Page   2/6 — 20 reviews written  [█████████████░░░░░░░░░░░░░░░░░░░░░░░░░░░] 2/6  (33.3%)
2026-03-28 11:18:19  INFO      __main__ — Page   3/6 — 18 reviews written  [████████████████████░░░░░░░░░░░░░░░░░░░░] 3/6  (50.0%)
2026-03-28 11:18:50  WARNING   __main__ — Timed out waiting for review cards — parsing whatever loaded
2026-03-28 11:18:52  WARNING   __main__ — No reviews on page 4 (empty streak: 1)
2026-03-28 11:19:20  WARNING   __main__ — Timed out waiting for review cards — parsing whatever loaded
2026-03-28 11:19:23  WARNING   __main__ — No reviews on page 5 (empty streak: 2)
2026-03-28 11:19:23  INFO      __main__ — 2 consecutive empty pages — assuming end of reviews
2026-03-28 11:19:23  INFO      __main__ — === Scraping complete — 58 reviews written to output/ocm_reviews.csv ===
2026-03-28 11:46:13  INFO      __main__ — === AmbitionBox Scraper starting ===
2026-03-28 11:46:13  INFO      __main__ — Target : Ocm  (slug=ocm)
2026-03-28 11:46:13  INFO      __main__ — Output : output/ocm_reviews.csv
2026-03-28 11:46:13  WARNING   __main__ — playwright-stealth not installed. Installing now...
2026-03-28 11:46:14  WARNING   __main__ — Could not auto-install playwright-stealth — run manually: pip install playwright-stealth
2026-03-28 11:46:15  INFO      __main__ — Browser launched: chrome
2026-03-28 11:46:15  INFO      __main__ — Warm-up: visiting ambitionbox.com homepage…
2026-03-28 11:46:23  INFO      __main__ — Warm-up complete
2026-03-28 11:46:23  INFO      __main__ — Loading reviews page 1…
2026-03-28 11:46:31  INFO      parser — Company meta → name=OCM | rating=3.7 | reviews=58 | industry=None
2026-03-28 11:46:31  INFO      __main__ — Total reviews: 58  → 6 pages to scrape
2026-03-28 11:46:31  INFO      __main__ — Page  1/6 — 20 reviews written  [██████░░░░░░░░░░░░░░░░░░░░░░░░░░░░░░░░░░] 1/6  (16.7%)
2026-03-28 11:47:15  INFO      __main__ — Page   2/6 — 20 reviews written  [█████████████░░░░░░░░░░░░░░░░░░░░░░░░░░░] 2/6  (33.3%)
2026-03-28 11:47:29  INFO      __main__ — Page   3/6 — 18 reviews written  [████████████████████░░░░░░░░░░░░░░░░░░░░] 3/6  (50.0%)
2026-03-28 11:47:56  WARNING   __main__ — Timed out waiting for review cards — parsing whatever loaded
2026-03-28 11:47:58  WARNING   __main__ — No reviews on page 4 (empty streak: 1)
2026-03-28 11:48:27  WARNING   __main__ — Timed out waiting for review cards — parsing whatever loaded
2026-03-28 11:48:30  WARNING   __main__ — No reviews on page 5 (empty streak: 2)
2026-03-28 11:48:30  INFO      __main__ — 2 consecutive empty pages — assuming end of reviews
2026-03-28 11:48:30  INFO      __main__ — === Scraping complete — 58 reviews written to output/ocm_reviews.csv ===
