2026-03-28 13:46:32  INFO      __main__ — === AmbitionBox Scraper starting ===
2026-03-28 13:46:32  INFO      __main__ — Target : Piramal Pharma  (slug=piramal pharma)
2026-03-28 13:46:32  INFO      __main__ — Output : output/piramal pharma_reviews.csv
2026-03-28 13:46:32  WARNING   __main__ — playwright-stealth not installed. Installing now...
2026-03-28 13:46:34  WARNING   __main__ — Could not auto-install playwright-stealth — run manually: pip install playwright-stealth
2026-03-28 13:46:35  INFO      __main__ — Browser launched: chrome
2026-03-28 13:46:35  INFO      __main__ — Warm-up: visiting ambitionbox.com homepage…
2026-03-28 13:46:42  INFO      __main__ — Warm-up complete
2026-03-28 13:46:42  INFO      __main__ — Loading reviews page 1…
2026-03-28 13:46:56  INFO      parser — Company meta → name=Piramal Pharma | rating=3.9 | reviews=1.5k | industry=Pharma
2026-03-28 13:46:56  INFO      __main__ — Total reviews: 1.5k  → 75 pages to scrape
2026-03-28 13:46:56  INFO      __main__ — Page  1/75 — 20 reviews written  [░░░░░░░░░░░░░░░░░░░░░░░░░░░░░░░░░░░░░░░░] 1/75  (1.3%)
2026-03-28 13:48:06  INFO      __main__ — Page   2/75 — 20 reviews written  [█░░░░░░░░░░░░░░░░░░░░░░░░░░░░░░░░░░░░░░░] 2/75  (2.7%)
2026-03-28 13:48:46  INFO      __main__ — Page   3/75 — 20 reviews written  [█░░░░░░░░░░░░░░░░░░░░░░░░░░░░░░░░░░░░░░░] 3/75  (4.0%)
2026-03-28 13:50:00  INFO      __main__ — Page   4/75 — 20 reviews written  [██░░░░░░░░░░░░░░░░░░░░░░░░░░░░░░░░░░░░░░] 4/75  (5.3%)
2026-03-28 13:50:12  INFO      __main__ — Page   5/75 — 20 reviews written  [██░░░░░░░░░░░░░░░░░░░░░░░░░░░░░░░░░░░░░░] 5/75  (6.7%)
2026-03-28 13:50:24  INFO      __main__ — Page   6/75 — 20 reviews written  [███░░░░░░░░░░░░░░░░░░░░░░░░░░░░░░░░░░░░░] 6/75  (8.0%)
2026-03-28 13:50:34  INFO      __main__ — Page   7/75 — 20 reviews written  [███░░░░░░░░░░░░░░░░░░░░░░░░░░░░░░░░░░░░░] 7/75  (9.3%)
2026-03-28 13:50:44  INFO      __main__ — Page   8/75 — 20 reviews written  [████░░░░░░░░░░░░░░░░░░░░░░░░░░░░░░░░░░░░] 8/75  (10.7%)
2026-03-28 13:50:58  INFO      __main__ — Page   9/75 — 20 reviews written  [████░░░░░░░░░░░░░░░░░░░░░░░░░░░░░░░░░░░░] 9/75  (12.0%)
2026-03-28 13:51:08  INFO      __main__ — Page  10/75 — 20 reviews written  [█████░░░░░░░░░░░░░░░░░░░░░░░░░░░░░░░░░░░] 10/75  (13.3%)
2026-03-28 13:51:20  INFO      __main__ — Page  11/75 — 20 reviews written  [█████░░░░░░░░░░░░░░░░░░░░░░░░░░░░░░░░░░░] 11/75  (14.7%)
2026-03-28 13:51:28  INFO      __main__ — Page  12/75 — 20 reviews written  [██████░░░░░░░░░░░░░░░░░░░░░░░░░░░░░░░░░░] 12/75  (16.0%)
2026-03-28 13:51:39  INFO      __main__ — Page  13/75 — 20 reviews written  [██████░░░░░░░░░░░░░░░░░░░░░░░░░░░░░░░░░░] 13/75  (17.3%)
2026-03-28 13:51:49  INFO      __main__ — Page  14/75 — 20 reviews written  [███████░░░░░░░░░░░░░░░░░░░░░░░░░░░░░░░░░] 14/75  (18.7%)
2026-03-28 13:52:01  INFO      __main__ — Page  15/75 — 20 reviews written  [████████░░░░░░░░░░░░░░░░░░░░░░░░░░░░░░░░] 15/75  (20.0%)
2026-03-28 13:53:43  INFO      __main__ — Page  16/75 — 20 reviews written  [████████░░░░░░░░░░░░░░░░░░░░░░░░░░░░░░░░] 16/75  (21.3%)
2026-03-28 13:53:55  INFO      __main__ — Page  17/75 — 20 reviews written  [█████████░░░░░░░░░░░░░░░░░░░░░░░░░░░░░░░] 17/75  (22.7%)
2026-03-28 13:54:37  INFO      __main__ — Page  18/75 — 20 reviews written  [█████████░░░░░░░░░░░░░░░░░░░░░░░░░░░░░░░] 18/75  (24.0%)
2026-03-28 13:55:17  INFO      __main__ — Page  19/75 — 20 reviews written  [██████████░░░░░░░░░░░░░░░░░░░░░░░░░░░░░░] 19/75  (25.3%)
2026-03-28 13:55:30  INFO      __main__ — Page  20/75 — 20 reviews written  [██████████░░░░░░░░░░░░░░░░░░░░░░░░░░░░░░] 20/75  (26.7%)
2026-03-28 13:55:39  INFO      __main__ — Page  21/75 — 20 reviews written  [███████████░░░░░░░░░░░░░░░░░░░░░░░░░░░░░] 21/75  (28.0%)
2026-03-28 13:56:21  INFO      __main__ — Page  22/75 — 20 reviews written  [███████████░░░░░░░░░░░░░░░░░░░░░░░░░░░░░] 22/75  (29.3%)
2026-03-28 13:57:03  INFO      __main__ — Page  23/75 — 20 reviews written  [████████████░░░░░░░░░░░░░░░░░░░░░░░░░░░░] 23/75  (30.7%)
2026-03-28 13:57:13  INFO      __main__ — Page  24/75 — 20 reviews written  [████████████░░░░░░░░░░░░░░░░░░░░░░░░░░░░] 24/75  (32.0%)
2026-03-28 13:58:01  INFO      __main__ — Page  25/75 — 20 reviews written  [█████████████░░░░░░░░░░░░░░░░░░░░░░░░░░░] 25/75  (33.3%)
2026-03-28 13:58:12  INFO      __main__ — Page  26/75 — 20 reviews written  [█████████████░░░░░░░░░░░░░░░░░░░░░░░░░░░] 26/75  (34.7%)
2026-03-28 13:58:21  INFO      __main__ — Page  27/75 — 20 reviews written  [██████████████░░░░░░░░░░░░░░░░░░░░░░░░░░] 27/75  (36.0%)
2026-03-28 13:58:31  INFO      __main__ — Page  28/75 — 20 reviews written  [██████████████░░░░░░░░░░░░░░░░░░░░░░░░░░] 28/75  (37.3%)
2026-03-28 13:58:40  INFO      __main__ — Page  29/75 — 20 reviews written  [███████████████░░░░░░░░░░░░░░░░░░░░░░░░░] 29/75  (38.7%)
2026-03-28 13:58:48  INFO      __main__ — Page  30/75 — 20 reviews written  [████████████████░░░░░░░░░░░░░░░░░░░░░░░░] 30/75  (40.0%)
2026-03-28 13:59:01  INFO      __main__ — Page  31/75 — 20 reviews written  [████████████████░░░░░░░░░░░░░░░░░░░░░░░░] 31/75  (41.3%)
2026-03-28 13:59:10  INFO      __main__ — Page  32/75 — 20 reviews written  [█████████████████░░░░░░░░░░░░░░░░░░░░░░░] 32/75  (42.7%)
2026-03-28 13:59:23  INFO      __main__ — Page  33/75 — 20 reviews written  [█████████████████░░░░░░░░░░░░░░░░░░░░░░░] 33/75  (44.0%)
2026-03-28 13:59:31  INFO      __main__ — Page  34/75 — 20 reviews written  [██████████████████░░░░░░░░░░░░░░░░░░░░░░] 34/75  (45.3%)
2026-03-28 13:59:42  INFO      __main__ — Page  35/75 — 20 reviews written  [██████████████████░░░░░░░░░░░░░░░░░░░░░░] 35/75  (46.7%)
2026-03-28 13:59:53  INFO      __main__ — Page  36/75 — 20 reviews written  [███████████████████░░░░░░░░░░░░░░░░░░░░░] 36/75  (48.0%)
2026-03-28 14:00:02  INFO      __main__ — Page  37/75 — 20 reviews written  [███████████████████░░░░░░░░░░░░░░░░░░░░░] 37/75  (49.3%)
2026-03-28 14:00:43  INFO      __main__ — Page  38/75 — 20 reviews written  [████████████████████░░░░░░░░░░░░░░░░░░░░] 38/75  (50.7%)
2026-03-28 14:01:55  INFO      __main__ — Page  39/75 — 20 reviews written  [████████████████████░░░░░░░░░░░░░░░░░░░░] 39/75  (52.0%)
2026-03-28 14:02:33  INFO      __main__ — Page  40/75 — 20 reviews written  [█████████████████████░░░░░░░░░░░░░░░░░░░] 40/75  (53.3%)
2026-03-28 14:02:46  INFO      __main__ — Page  41/75 — 20 reviews written  [█████████████████████░░░░░░░░░░░░░░░░░░░] 41/75  (54.7%)
2026-03-28 14:02:56  INFO      __main__ — Page  42/75 — 20 reviews written  [██████████████████████░░░░░░░░░░░░░░░░░░] 42/75  (56.0%)
2026-03-28 14:03:08  INFO      __main__ — Page  43/75 — 20 reviews written  [██████████████████████░░░░░░░░░░░░░░░░░░] 43/75  (57.3%)
2026-03-28 14:03:49  INFO      __main__ — Page  44/75 — 20 reviews written  [███████████████████████░░░░░░░░░░░░░░░░░] 44/75  (58.7%)
2026-03-28 14:04:01  INFO      __main__ — Page  45/75 — 20 reviews written  [████████████████████████░░░░░░░░░░░░░░░░] 45/75  (60.0%)
2026-03-28 14:04:11  INFO      __main__ — Page  46/75 — 20 reviews written  [████████████████████████░░░░░░░░░░░░░░░░] 46/75  (61.3%)
2026-03-28 14:04:50  INFO      __main__ — Page  47/75 — 20 reviews written  [█████████████████████████░░░░░░░░░░░░░░░] 47/75  (62.7%)
2026-03-28 14:05:01  INFO      __main__ — Page  48/75 — 20 reviews written  [█████████████████████████░░░░░░░░░░░░░░░] 48/75  (64.0%)
2026-03-28 14:05:11  INFO      __main__ — Page  49/75 — 20 reviews written  [██████████████████████████░░░░░░░░░░░░░░] 49/75  (65.3%)
2026-03-28 14:05:23  INFO      __main__ — Page  50/75 — 20 reviews written  [██████████████████████████░░░░░░░░░░░░░░] 50/75  (66.7%)
2026-03-28 14:05:32  INFO      __main__ — Page  51/75 — 20 reviews written  [███████████████████████████░░░░░░░░░░░░░] 51/75  (68.0%)
2026-03-28 14:05:44  INFO      __main__ — Page  52/75 — 20 reviews written  [███████████████████████████░░░░░░░░░░░░░] 52/75  (69.3%)
2026-03-28 14:05:55  INFO      __main__ — Page  53/75 — 20 reviews written  [████████████████████████████░░░░░░░░░░░░] 53/75  (70.7%)
2026-03-28 14:06:06  INFO      __main__ — Page  54/75 — 20 reviews written  [████████████████████████████░░░░░░░░░░░░] 54/75  (72.0%)
2026-03-28 14:06:17  INFO      __main__ — Page  55/75 — 20 reviews written  [█████████████████████████████░░░░░░░░░░░] 55/75  (73.3%)
2026-03-28 14:06:29  INFO      __main__ — Page  56/75 — 20 reviews written  [█████████████████████████████░░░░░░░░░░░] 56/75  (74.7%)
2026-03-28 14:06:44  INFO      __main__ — Page  57/75 — 20 reviews written  [██████████████████████████████░░░░░░░░░░] 57/75  (76.0%)
2026-03-28 14:06:55  INFO      __main__ — Page  58/75 — 20 reviews written  [██████████████████████████████░░░░░░░░░░] 58/75  (77.3%)
2026-03-28 14:07:05  INFO      __main__ — Page  59/75 — 20 reviews written  [███████████████████████████████░░░░░░░░░] 59/75  (78.7%)
2026-03-28 14:07:17  INFO      __main__ — Page  60/75 — 20 reviews written  [████████████████████████████████░░░░░░░░] 60/75  (80.0%)
2026-03-28 14:07:25  INFO      __main__ — Page  61/75 — 20 reviews written  [████████████████████████████████░░░░░░░░] 61/75  (81.3%)
2026-03-28 14:07:37  INFO      __main__ — Page  62/75 — 20 reviews written  [█████████████████████████████████░░░░░░░] 62/75  (82.7%)
2026-03-28 14:07:49  INFO      __main__ — Page  63/75 — 20 reviews written  [█████████████████████████████████░░░░░░░] 63/75  (84.0%)
2026-03-28 14:07:58  INFO      __main__ — Page  64/75 — 20 reviews written  [██████████████████████████████████░░░░░░] 64/75  (85.3%)
2026-03-28 14:08:08  INFO      __main__ — Page  65/75 — 20 reviews written  [██████████████████████████████████░░░░░░] 65/75  (86.7%)
2026-03-28 14:08:20  INFO      __main__ — Page  66/75 — 20 reviews written  [███████████████████████████████████░░░░░] 66/75  (88.0%)
2026-03-28 14:08:30  INFO      __main__ — Page  67/75 — 20 reviews written  [███████████████████████████████████░░░░░] 67/75  (89.3%)
2026-03-28 14:08:41  INFO      __main__ — Page  68/75 — 20 reviews written  [████████████████████████████████████░░░░] 68/75  (90.7%)
2026-03-28 14:08:52  INFO      __main__ — Page  69/75 — 20 reviews written  [████████████████████████████████████░░░░] 69/75  (92.0%)
2026-03-28 14:09:01  INFO      __main__ — Page  70/75 — 20 reviews written  [█████████████████████████████████████░░░] 70/75  (93.3%)
2026-03-28 14:09:10  INFO      __main__ — Page  71/75 — 20 reviews written  [█████████████████████████████████████░░░] 71/75  (94.7%)
2026-03-28 14:09:21  INFO      __main__ — Page  72/75 — 20 reviews written  [██████████████████████████████████████░░] 72/75  (96.0%)
2026-03-28 14:09:33  INFO      __main__ — Page  73/75 — 20 reviews written  [██████████████████████████████████████░░] 73/75  (97.3%)
2026-03-28 14:09:43  INFO      __main__ — Page  74/75 — 13 reviews written  [███████████████████████████████████████░] 74/75  (98.7%)
2026-03-28 14:10:11  WARNING   __main__ — Timed out waiting for review cards — parsing whatever loaded
2026-03-28 14:10:14  WARNING   __main__ — No reviews on page 75 (empty streak: 1)
2026-03-28 14:10:14  INFO      __main__ — === Scraping complete — 1473 reviews written to output/piramal pharma_reviews.csv ===
