2026-03-28 10:58:05  INFO      __main__ — === AmbitionBox Scraper starting ===
2026-03-28 10:58:05  INFO      __main__ — Target : Tcs  (slug=tcs)
2026-03-28 10:58:05  INFO      __main__ — Output : output/tcs_reviews.csv
2026-03-28 10:58:05  WARNING   __main__ — playwright-stealth not installed. Installing now...
2026-03-28 10:58:07  WARNING   __main__ — Could not auto-install playwright-stealth — run manually: pip install playwright-stealth
2026-03-28 10:58:07  INFO      __main__ — Browser launched: chrome
2026-03-28 10:58:08  INFO      __main__ — Warm-up: visiting ambitionbox.com homepage…
2026-03-28 10:58:09  WARNING   __main__ — Warm-up failed (non-fatal): Page.goto: net::ERR_NETWORK_CHANGED at https://www.ambitionbox.com/
Call log:
  - navigating to "https://www.ambitionbox.com/", waiting until "domcontentloaded"

2026-03-28 10:58:09  INFO      __main__ — Loading reviews page 1…
2026-03-28 10:58:33  WARNING   __main__ — Timed out waiting for review cards — parsing whatever loaded
2026-03-28 11:07:52  ERROR     asyncio — Future exception was never retrieved
future: <Future finished exception=TargetClosedError('Target page, context or browser has been closed\nCall log:\n  - attempting click action\n    2 × waiting for element to be visible, enabled and stable\n      - element is not visible\n    - retrying click action\n    - waiting 20ms\n    2 × waiting for element to be visible, enabled and stable\n      - element is not visible\n    - retrying click action\n      - waiting 100ms\n    8 × waiting for element to be visible, enabled and stable\n      - element is not visible\n    - retrying click action\n      - waiting 500ms\n')>
playwright._impl._errors.TargetClosedError: Target page, context or browser has been closed
Call log:
  - attempting click action
    2 × waiting for element to be visible, enabled and stable
      - element is not visible
    - retrying click action
    - waiting 20ms
    2 × waiting for element to be visible, enabled and stable
      - element is not visible
    - retrying click action
      - waiting 100ms
    8 × waiting for element to be visible, enabled and stable
      - element is not visible
    - retrying click action
      - waiting 500ms

2026-03-28 11:08:03  INFO      __main__ — === AmbitionBox Scraper starting ===
2026-03-28 11:08:03  INFO      __main__ — Target : Tcs  (slug=tcs)
2026-03-28 11:08:03  INFO      __main__ — Output : output/tcs_reviews.csv
2026-03-28 11:08:03  WARNING   __main__ — playwright-stealth not installed. Installing now...
2026-03-28 11:08:05  WARNING   __main__ — Could not auto-install playwright-stealth — run manually: pip install playwright-stealth
2026-03-28 11:08:05  INFO      __main__ — Browser launched: chrome
2026-03-28 11:08:06  INFO      __main__ — Warm-up: visiting ambitionbox.com homepage…
2026-03-28 11:08:23  WARNING   __main__ — Warm-up failed (non-fatal): Page.goto: net::ERR_NETWORK_CHANGED at https://www.ambitionbox.com/
Call log:
  - navigating to "https://www.ambitionbox.com/", waiting until "domcontentloaded"

2026-03-28 11:08:23  INFO      __main__ — Loading reviews page 1…
2026-03-28 11:08:39  WARNING   __main__ — Attempt 1/3 failed (Page.goto: net::ERR_NETWORK_CHANGED at https://www.ambitionbox.com/reviews/tcs-reviews
Call log:
  - navigating to "https://www.ambitionbox.com/reviews/tcs-reviews", waiting until "domcontentloaded"
) — retrying in 7.1s
2026-03-28 11:09:14  INFO      __main__ — === AmbitionBox Scraper starting ===
2026-03-28 11:09:14  INFO      __main__ — Target : Tcs  (slug=tcs)
2026-03-28 11:09:14  INFO      __main__ — Output : output/tcs_reviews.csv
2026-03-28 11:09:14  WARNING   __main__ — playwright-stealth not installed. Installing now...
2026-03-28 11:09:15  WARNING   __main__ — Could not auto-install playwright-stealth — run manually: pip install playwright-stealth
2026-03-28 11:09:16  INFO      __main__ — Browser launched: chrome
2026-03-28 11:09:16  INFO      __main__ — Warm-up: visiting ambitionbox.com homepage…
2026-03-28 11:09:26  INFO      __main__ — Warm-up complete
2026-03-28 11:09:26  INFO      __main__ — Loading reviews page 1…
2026-03-28 11:09:28  WARNING   __main__ — Attempt 1/3 failed (Page.goto: net::ERR_NAME_NOT_RESOLVED at https://www.ambitionbox.com/reviews/tcs-reviews
Call log:
  - navigating to "https://www.ambitionbox.com/reviews/tcs-reviews", waiting until "domcontentloaded"
) — retrying in 7.7s
2026-03-28 11:13:00  ERROR     asyncio — Future exception was never retrieved
future: <Future finished exception=TargetClosedError('Target page, context or browser has been closed')>
playwright._impl._errors.TargetClosedError: Target page, context or browser has been closed
2026-03-28 11:13:14  INFO      __main__ — === AmbitionBox Scraper starting ===
2026-03-28 11:13:14  INFO      __main__ — Target : Tcs  (slug=tcs)
2026-03-28 11:13:14  INFO      __main__ — Output : output/tcs_reviews.csv
2026-03-28 11:13:14  WARNING   __main__ — playwright-stealth not installed. Installing now...
2026-03-28 11:13:15  WARNING   __main__ — Could not auto-install playwright-stealth — run manually: pip install playwright-stealth
2026-03-28 11:13:16  INFO      __main__ — Browser launched: chrome
2026-03-28 11:13:16  INFO      __main__ — Warm-up: visiting ambitionbox.com homepage…
2026-03-28 11:13:23  INFO      __main__ — Warm-up complete
2026-03-28 11:13:23  INFO      __main__ — Loading reviews page 1…
2026-03-28 11:16:23  ERROR     asyncio — Future exception was never retrieved
future: <Future finished exception=TargetClosedError('Target page, context or browser has been closed\nCall log:\n  - attempting click action\n    2 × waiting for element to be visible, enabled and stable\n      - element is visible, enabled and stable\n      - scrolling into view if needed\n      - done scrolling\n      - <div class="webmodal fixed inset-0 flex items-end md:items-center justify-center animate-bottomsheet-fade-in">…</div> intercepts pointer events\n    - retrying click action\n    - waiting 20ms\n    2 × waiting for element to be visible, enabled and stable\n      - element is visible, enabled and stable\n      - scrolling into view if needed\n      - done scrolling\n      - <div class="webmodal fixed inset-0 flex items-end md:items-center justify-center animate-bottomsheet-fade-in">…</div> intercepts pointer events\n    - retrying click action\n      - waiting 100ms\n    32 × waiting for element to be visible, enabled and stable\n       - element is visible, enabled and stable\n       - scrolling into view if needed\n       - done scrolling\n       - <div class="webmodal fixed inset-0 flex items-end md:items-center justify-center animate-bottomsheet-fade-in">…</div> intercepts pointer events\n     - retrying click action\n       - waiting 500ms\n')>
playwright._impl._errors.TargetClosedError: Target page, context or browser has been closed
Call log:
  - attempting click action
    2 × waiting for element to be visible, enabled and stable
      - element is visible, enabled and stable
      - scrolling into view if needed
      - done scrolling
      - <div class="webmodal fixed inset-0 flex items-end md:items-center justify-center animate-bottomsheet-fade-in">…</div> intercepts pointer events
    - retrying click action
    - waiting 20ms
    2 × waiting for element to be visible, enabled and stable
      - element is visible, enabled and stable
      - scrolling into view if needed
      - done scrolling
      - <div class="webmodal fixed inset-0 flex items-end md:items-center justify-center animate-bottomsheet-fade-in">…</div> intercepts pointer events
    - retrying click action
      - waiting 100ms
    32 × waiting for element to be visible, enabled and stable
       - element is visible, enabled and stable
       - scrolling into view if needed
       - done scrolling
       - <div class="webmodal fixed inset-0 flex items-end md:items-center justify-center animate-bottomsheet-fade-in">…</div> intercepts pointer events
     - retrying click action
       - waiting 500ms

