2026-03-30 12:08:30  INFO      __main__ — === AmbitionBox Scraper ===
2026-03-30 12:08:30  INFO      __main__ — Target : WIPRO
2026-03-30 12:08:30  WARNING   __main__ — playwright-stealth not installed. Auto-installing...
2026-03-30 12:08:32  INFO      __main__ — Browser launched: chrome
2026-03-30 12:08:32  INFO      __main__ — Warm-up: visiting ambitionbox.com homepage…
2026-03-30 12:08:54  INFO      parser — Company meta → name=Wipro | rating=3.6 | reviews=64.5k | industry=IT Services & Consulting
2026-03-30 12:08:54  INFO      __main__ — Target has 64.5k total reviews → 3225 pages
2026-03-30 12:08:54  INFO      __main__ — Page   1/3225 — 16 reviews written [░░░░░░░░░░░░░░░░░░░░░░░░░░░░░░░░░░░░░░░░] 1/3225  (0.0%)
2026-03-30 12:11:37  INFO      __main__ — Page   2/3225 — 20 reviews written [░░░░░░░░░░░░░░░░░░░░░░░░░░░░░░░░░░░░░░░░] 2/3225  (0.1%)
2026-03-30 12:14:57  INFO      __main__ — Page   3/3225 — 20 reviews written [░░░░░░░░░░░░░░░░░░░░░░░░░░░░░░░░░░░░░░░░] 3/3225  (0.1%)
2026-03-30 12:16:11  INFO      __main__ — Page   4/3225 — 20 reviews written [░░░░░░░░░░░░░░░░░░░░░░░░░░░░░░░░░░░░░░░░] 4/3225  (0.1%)
2026-03-30 12:16:21  INFO      __main__ — Page   5/3225 — 20 reviews written [░░░░░░░░░░░░░░░░░░░░░░░░░░░░░░░░░░░░░░░░] 5/3225  (0.2%)
2026-03-30 12:16:33  INFO      __main__ — Page   6/3225 — 20 reviews written [░░░░░░░░░░░░░░░░░░░░░░░░░░░░░░░░░░░░░░░░] 6/3225  (0.2%)
2026-03-30 12:16:44  INFO      __main__ — Page   7/3225 — 20 reviews written [░░░░░░░░░░░░░░░░░░░░░░░░░░░░░░░░░░░░░░░░] 7/3225  (0.2%)
2026-03-30 12:16:56  INFO      __main__ — Page   8/3225 — 20 reviews written [░░░░░░░░░░░░░░░░░░░░░░░░░░░░░░░░░░░░░░░░] 8/3225  (0.2%)
2026-03-30 12:17:09  INFO      __main__ — Page   9/3225 — 20 reviews written [░░░░░░░░░░░░░░░░░░░░░░░░░░░░░░░░░░░░░░░░] 9/3225  (0.3%)
2026-03-30 12:17:23  INFO      __main__ — Page  10/3225 — 20 reviews written [░░░░░░░░░░░░░░░░░░░░░░░░░░░░░░░░░░░░░░░░] 10/3225  (0.3%)
2026-03-30 12:17:34  INFO      __main__ — Page  11/3225 — 20 reviews written [░░░░░░░░░░░░░░░░░░░░░░░░░░░░░░░░░░░░░░░░] 11/3225  (0.3%)
2026-03-30 12:17:43  INFO      __main__ — Page  12/3225 — 20 reviews written [░░░░░░░░░░░░░░░░░░░░░░░░░░░░░░░░░░░░░░░░] 12/3225  (0.4%)
2026-03-30 12:17:57  INFO      __main__ — Page  13/3225 — 20 reviews written [░░░░░░░░░░░░░░░░░░░░░░░░░░░░░░░░░░░░░░░░] 13/3225  (0.4%)
2026-03-30 12:18:08  INFO      __main__ — Page  14/3225 — 20 reviews written [░░░░░░░░░░░░░░░░░░░░░░░░░░░░░░░░░░░░░░░░] 14/3225  (0.4%)
2026-03-30 12:18:18  INFO      __main__ — Page  15/3225 — 20 reviews written [░░░░░░░░░░░░░░░░░░░░░░░░░░░░░░░░░░░░░░░░] 15/3225  (0.5%)
2026-03-30 12:18:28  INFO      __main__ — Page  16/3225 — 20 reviews written [░░░░░░░░░░░░░░░░░░░░░░░░░░░░░░░░░░░░░░░░] 16/3225  (0.5%)
2026-03-30 12:18:43  INFO      __main__ — Page  17/3225 — 20 reviews written [░░░░░░░░░░░░░░░░░░░░░░░░░░░░░░░░░░░░░░░░] 17/3225  (0.5%)
2026-03-30 12:18:55  INFO      __main__ — Page  18/3225 — 20 reviews written [░░░░░░░░░░░░░░░░░░░░░░░░░░░░░░░░░░░░░░░░] 18/3225  (0.6%)
2026-03-30 12:19:06  INFO      __main__ — Page  19/3225 — 20 reviews written [░░░░░░░░░░░░░░░░░░░░░░░░░░░░░░░░░░░░░░░░] 19/3225  (0.6%)
2026-03-30 12:19:24  INFO      __main__ — Page  20/3225 — 20 reviews written [░░░░░░░░░░░░░░░░░░░░░░░░░░░░░░░░░░░░░░░░] 20/3225  (0.6%)
2026-03-30 12:19:36  INFO      __main__ — Page  21/3225 — 20 reviews written [░░░░░░░░░░░░░░░░░░░░░░░░░░░░░░░░░░░░░░░░] 21/3225  (0.7%)
2026-03-30 12:19:46  INFO      __main__ — Page  22/3225 — 20 reviews written [░░░░░░░░░░░░░░░░░░░░░░░░░░░░░░░░░░░░░░░░] 22/3225  (0.7%)
2026-03-30 12:19:55  INFO      __main__ — Page  23/3225 — 20 reviews written [░░░░░░░░░░░░░░░░░░░░░░░░░░░░░░░░░░░░░░░░] 23/3225  (0.7%)
2026-03-30 12:20:07  INFO      __main__ — Page  24/3225 — 20 reviews written [░░░░░░░░░░░░░░░░░░░░░░░░░░░░░░░░░░░░░░░░] 24/3225  (0.7%)
2026-03-30 12:20:20  INFO      __main__ — Page  25/3225 — 20 reviews written [░░░░░░░░░░░░░░░░░░░░░░░░░░░░░░░░░░░░░░░░] 25/3225  (0.8%)
2026-03-30 12:20:31  INFO      __main__ — Page  26/3225 — 20 reviews written [░░░░░░░░░░░░░░░░░░░░░░░░░░░░░░░░░░░░░░░░] 26/3225  (0.8%)
2026-03-30 12:20:44  INFO      __main__ — Page  27/3225 — 20 reviews written [░░░░░░░░░░░░░░░░░░░░░░░░░░░░░░░░░░░░░░░░] 27/3225  (0.8%)
2026-03-30 12:24:42  INFO      __main__ — Page  28/3225 — 20 reviews written [░░░░░░░░░░░░░░░░░░░░░░░░░░░░░░░░░░░░░░░░] 28/3225  (0.9%)
2026-03-30 12:31:30  INFO      __main__ — Page  29/3225 — 20 reviews written [░░░░░░░░░░░░░░░░░░░░░░░░░░░░░░░░░░░░░░░░] 29/3225  (0.9%)
2026-03-30 12:35:18  INFO      __main__ — Page  30/3225 — 20 reviews written [░░░░░░░░░░░░░░░░░░░░░░░░░░░░░░░░░░░░░░░░] 30/3225  (0.9%)
2026-03-30 12:38:45  INFO      __main__ — Page  31/3225 — 20 reviews written [░░░░░░░░░░░░░░░░░░░░░░░░░░░░░░░░░░░░░░░░] 31/3225  (1.0%)
2026-03-30 12:41:32  INFO      __main__ — Page  32/3225 — 20 reviews written [░░░░░░░░░░░░░░░░░░░░░░░░░░░░░░░░░░░░░░░░] 32/3225  (1.0%)
2026-03-30 12:43:18  INFO      __main__ — Page  33/3225 — 20 reviews written [░░░░░░░░░░░░░░░░░░░░░░░░░░░░░░░░░░░░░░░░] 33/3225  (1.0%)
2026-03-30 12:46:00  INFO      __main__ — Page  34/3225 — 20 reviews written [░░░░░░░░░░░░░░░░░░░░░░░░░░░░░░░░░░░░░░░░] 34/3225  (1.1%)
2026-03-30 12:46:42  INFO      __main__ — Page  35/3225 — 20 reviews written [░░░░░░░░░░░░░░░░░░░░░░░░░░░░░░░░░░░░░░░░] 35/3225  (1.1%)
2026-03-30 12:48:25  INFO      __main__ — Page  36/3225 — 20 reviews written [░░░░░░░░░░░░░░░░░░░░░░░░░░░░░░░░░░░░░░░░] 36/3225  (1.1%)
2026-03-30 12:51:07  INFO      __main__ — Page  37/3225 — 20 reviews written [░░░░░░░░░░░░░░░░░░░░░░░░░░░░░░░░░░░░░░░░] 37/3225  (1.1%)
2026-03-30 12:51:16  INFO      __main__ — Page  38/3225 — 20 reviews written [░░░░░░░░░░░░░░░░░░░░░░░░░░░░░░░░░░░░░░░░] 38/3225  (1.2%)
2026-03-30 12:51:26  INFO      __main__ — Page  39/3225 — 20 reviews written [░░░░░░░░░░░░░░░░░░░░░░░░░░░░░░░░░░░░░░░░] 39/3225  (1.2%)
2026-03-30 12:54:35  INFO      __main__ — Page  40/3225 — 20 reviews written [░░░░░░░░░░░░░░░░░░░░░░░░░░░░░░░░░░░░░░░░] 40/3225  (1.2%)
2026-03-30 12:55:50  INFO      __main__ — Page  41/3225 — 20 reviews written [░░░░░░░░░░░░░░░░░░░░░░░░░░░░░░░░░░░░░░░░] 41/3225  (1.3%)
2026-03-30 13:46:01  ERROR     asyncio — Future exception was never retrieved
future: <Future finished exception=TargetClosedError('Target page, context or browser has been closed')>
playwright._impl._errors.TargetClosedError: Target page, context or browser has been closed
2026-03-30 13:46:22  INFO      __main__ — === AmbitionBox Scraper ===
2026-03-30 13:46:22  INFO      __main__ — Target : WIPRO
2026-03-30 13:46:22  WARNING   __main__ — playwright-stealth not installed. Auto-installing...
2026-03-30 13:46:24  INFO      __main__ — Browser launched: chrome
2026-03-30 13:46:24  INFO      __main__ — Warm-up: visiting ambitionbox.com homepage…
2026-03-30 13:46:32  INFO      __main__ — Resuming session from Page 42
2026-03-30 13:48:39  INFO      parser — Company meta → name=Wipro | rating=3.6 | reviews=64.6k | industry=IT Services & Consulting
2026-03-30 13:48:39  INFO      __main__ — Target has 64.6k total reviews → 3230 pages
2026-03-30 13:48:39  INFO      __main__ — Page  42/3230 — 20 reviews written [░░░░░░░░░░░░░░░░░░░░░░░░░░░░░░░░░░░░░░░░] 42/3230  (1.3%)
2026-03-30 13:50:19  INFO      __main__ — Page  43/3230 — 20 reviews written [░░░░░░░░░░░░░░░░░░░░░░░░░░░░░░░░░░░░░░░░] 43/3230  (1.3%)
2026-03-30 13:51:02  INFO      __main__ — Page  44/3230 — 20 reviews written [░░░░░░░░░░░░░░░░░░░░░░░░░░░░░░░░░░░░░░░░] 44/3230  (1.4%)
2026-03-30 13:52:16  INFO      __main__ — Page  45/3230 — 20 reviews written [░░░░░░░░░░░░░░░░░░░░░░░░░░░░░░░░░░░░░░░░] 45/3230  (1.4%)
2026-03-30 13:52:40  WARNING   __main__ — Attempt 1/3 failed (Page.goto: net::ERR_NAME_NOT_RESOLVED at https://www.ambitionbox.com/reviews/wipro-reviews?page=46
Call log:
  - navigating to "https://www.ambitionbox.com/reviews/wipro-reviews?page=46", waiting until "domcontentloaded"
) — retrying in 7.9s
2026-03-30 13:52:49  WARNING   __main__ — Attempt 2/3 failed (Page.goto: net::ERR_NAME_NOT_RESOLVED at https://www.ambitionbox.com/reviews/wipro-reviews?page=46
Call log:
  - navigating to "https://www.ambitionbox.com/reviews/wipro-reviews?page=46", waiting until "domcontentloaded"
) — retrying in 10.3s
2026-03-30 13:53:41  INFO      __main__ — Page  46/3230 — 20 reviews written [░░░░░░░░░░░░░░░░░░░░░░░░░░░░░░░░░░░░░░░░] 46/3230  (1.4%)
2026-03-30 13:55:10  INFO      __main__ — Page  47/3230 — 20 reviews written [░░░░░░░░░░░░░░░░░░░░░░░░░░░░░░░░░░░░░░░░] 47/3230  (1.5%)
2026-03-30 13:57:26  INFO      __main__ — Page  48/3230 — 20 reviews written [░░░░░░░░░░░░░░░░░░░░░░░░░░░░░░░░░░░░░░░░] 48/3230  (1.5%)
2026-03-30 13:58:40  INFO      __main__ — Page  49/3230 — 20 reviews written [░░░░░░░░░░░░░░░░░░░░░░░░░░░░░░░░░░░░░░░░] 49/3230  (1.5%)
2026-03-30 14:00:24  INFO      __main__ — Page  50/3230 — 20 reviews written [░░░░░░░░░░░░░░░░░░░░░░░░░░░░░░░░░░░░░░░░] 50/3230  (1.5%)
2026-03-30 14:01:06  INFO      __main__ — Page  51/3230 — 20 reviews written [░░░░░░░░░░░░░░░░░░░░░░░░░░░░░░░░░░░░░░░░] 51/3230  (1.6%)
2026-03-30 14:02:47  INFO      __main__ — Page  52/3230 — 20 reviews written [░░░░░░░░░░░░░░░░░░░░░░░░░░░░░░░░░░░░░░░░] 52/3230  (1.6%)
2026-03-30 14:04:59  INFO      __main__ — Page  53/3230 — 20 reviews written [░░░░░░░░░░░░░░░░░░░░░░░░░░░░░░░░░░░░░░░░] 53/3230  (1.6%)
2026-03-30 14:06:11  INFO      __main__ — Page  54/3230 — 20 reviews written [░░░░░░░░░░░░░░░░░░░░░░░░░░░░░░░░░░░░░░░░] 54/3230  (1.7%)
2026-03-30 14:06:51  INFO      __main__ — Page  55/3230 — 20 reviews written [░░░░░░░░░░░░░░░░░░░░░░░░░░░░░░░░░░░░░░░░] 55/3230  (1.7%)
2026-03-30 14:08:32  INFO      __main__ — Page  56/3230 — 20 reviews written [░░░░░░░░░░░░░░░░░░░░░░░░░░░░░░░░░░░░░░░░] 56/3230  (1.7%)
2026-03-30 14:09:55  INFO      __main__ — Page  57/3230 — 20 reviews written [░░░░░░░░░░░░░░░░░░░░░░░░░░░░░░░░░░░░░░░░] 57/3230  (1.8%)
2026-03-30 14:11:08  INFO      __main__ — Page  58/3230 — 20 reviews written [░░░░░░░░░░░░░░░░░░░░░░░░░░░░░░░░░░░░░░░░] 58/3230  (1.8%)
2026-03-30 14:11:22  INFO      __main__ — Page  59/3230 — 20 reviews written [░░░░░░░░░░░░░░░░░░░░░░░░░░░░░░░░░░░░░░░░] 59/3230  (1.8%)
2026-03-30 14:12:02  INFO      __main__ — Page  60/3230 — 20 reviews written [░░░░░░░░░░░░░░░░░░░░░░░░░░░░░░░░░░░░░░░░] 60/3230  (1.9%)
2026-03-30 14:12:14  INFO      __main__ — Page  61/3230 — 20 reviews written [░░░░░░░░░░░░░░░░░░░░░░░░░░░░░░░░░░░░░░░░] 61/3230  (1.9%)
2026-03-30 14:13:27  INFO      __main__ — Page  62/3230 — 20 reviews written [░░░░░░░░░░░░░░░░░░░░░░░░░░░░░░░░░░░░░░░░] 62/3230  (1.9%)
2026-03-30 14:15:42  INFO      __main__ — Page  63/3230 — 20 reviews written [░░░░░░░░░░░░░░░░░░░░░░░░░░░░░░░░░░░░░░░░] 63/3230  (2.0%)
2026-03-30 14:17:55  INFO      __main__ — Page  64/3230 — 20 reviews written [░░░░░░░░░░░░░░░░░░░░░░░░░░░░░░░░░░░░░░░░] 64/3230  (2.0%)
2026-03-30 14:20:41  INFO      __main__ — Page  65/3230 — 20 reviews written [░░░░░░░░░░░░░░░░░░░░░░░░░░░░░░░░░░░░░░░░] 65/3230  (2.0%)
2026-03-30 14:21:23  INFO      __main__ — Page  66/3230 — 20 reviews written [░░░░░░░░░░░░░░░░░░░░░░░░░░░░░░░░░░░░░░░░] 66/3230  (2.0%)
2026-03-30 14:21:35  INFO      __main__ — Page  67/3230 — 20 reviews written [░░░░░░░░░░░░░░░░░░░░░░░░░░░░░░░░░░░░░░░░] 67/3230  (2.1%)
2026-03-30 14:21:49  INFO      __main__ — Page  68/3230 — 20 reviews written [░░░░░░░░░░░░░░░░░░░░░░░░░░░░░░░░░░░░░░░░] 68/3230  (2.1%)
2026-03-30 14:22:34  INFO      __main__ — Page  69/3230 — 20 reviews written [░░░░░░░░░░░░░░░░░░░░░░░░░░░░░░░░░░░░░░░░] 69/3230  (2.1%)
2026-03-30 14:22:47  INFO      __main__ — Page  70/3230 — 20 reviews written [░░░░░░░░░░░░░░░░░░░░░░░░░░░░░░░░░░░░░░░░] 70/3230  (2.2%)
2026-03-30 14:24:01  INFO      __main__ — Page  71/3230 — 20 reviews written [░░░░░░░░░░░░░░░░░░░░░░░░░░░░░░░░░░░░░░░░] 71/3230  (2.2%)
2026-03-30 14:25:46  INFO      __main__ — Page  72/3230 — 20 reviews written [░░░░░░░░░░░░░░░░░░░░░░░░░░░░░░░░░░░░░░░░] 72/3230  (2.2%)
2026-03-30 14:27:00  INFO      __main__ — Page  73/3230 — 20 reviews written [░░░░░░░░░░░░░░░░░░░░░░░░░░░░░░░░░░░░░░░░] 73/3230  (2.3%)
2026-03-30 14:27:14  INFO      __main__ — Page  74/3230 — 20 reviews written [░░░░░░░░░░░░░░░░░░░░░░░░░░░░░░░░░░░░░░░░] 74/3230  (2.3%)
2026-03-30 14:28:26  INFO      __main__ — Page  75/3230 — 20 reviews written [░░░░░░░░░░░░░░░░░░░░░░░░░░░░░░░░░░░░░░░░] 75/3230  (2.3%)
2026-03-30 14:28:39  INFO      __main__ — Page  76/3230 — 20 reviews written [░░░░░░░░░░░░░░░░░░░░░░░░░░░░░░░░░░░░░░░░] 76/3230  (2.4%)
2026-03-30 14:29:53  INFO      __main__ — Page  77/3230 — 20 reviews written [░░░░░░░░░░░░░░░░░░░░░░░░░░░░░░░░░░░░░░░░] 77/3230  (2.4%)
2026-03-30 14:32:04  INFO      __main__ — Page  78/3230 — 20 reviews written [░░░░░░░░░░░░░░░░░░░░░░░░░░░░░░░░░░░░░░░░] 78/3230  (2.4%)
2026-03-30 14:32:44  INFO      __main__ — Page  79/3230 — 20 reviews written [░░░░░░░░░░░░░░░░░░░░░░░░░░░░░░░░░░░░░░░░] 79/3230  (2.4%)
2026-03-30 14:33:26  INFO      __main__ — Page  80/3230 — 20 reviews written [░░░░░░░░░░░░░░░░░░░░░░░░░░░░░░░░░░░░░░░░] 80/3230  (2.5%)
2026-03-30 14:34:42  INFO      __main__ — Page  81/3230 — 20 reviews written [█░░░░░░░░░░░░░░░░░░░░░░░░░░░░░░░░░░░░░░░] 81/3230  (2.5%)
2026-03-30 14:35:23  INFO      __main__ — Page  82/3230 — 20 reviews written [█░░░░░░░░░░░░░░░░░░░░░░░░░░░░░░░░░░░░░░░] 82/3230  (2.5%)
2026-03-30 14:36:08  INFO      __main__ — Page  83/3230 — 20 reviews written [█░░░░░░░░░░░░░░░░░░░░░░░░░░░░░░░░░░░░░░░] 83/3230  (2.6%)
2026-03-30 14:38:18  INFO      __main__ — Page  84/3230 — 20 reviews written [█░░░░░░░░░░░░░░░░░░░░░░░░░░░░░░░░░░░░░░░] 84/3230  (2.6%)
2026-03-30 14:40:03  INFO      __main__ — Page  85/3230 — 20 reviews written [█░░░░░░░░░░░░░░░░░░░░░░░░░░░░░░░░░░░░░░░] 85/3230  (2.6%)
2026-03-30 14:40:45  INFO      __main__ — Page  86/3230 — 20 reviews written [█░░░░░░░░░░░░░░░░░░░░░░░░░░░░░░░░░░░░░░░] 86/3230  (2.7%)
2026-03-30 14:41:27  INFO      __main__ — Page  87/3230 — 20 reviews written [█░░░░░░░░░░░░░░░░░░░░░░░░░░░░░░░░░░░░░░░] 87/3230  (2.7%)
2026-03-30 14:42:11  INFO      __main__ — Page  88/3230 — 20 reviews written [█░░░░░░░░░░░░░░░░░░░░░░░░░░░░░░░░░░░░░░░] 88/3230  (2.7%)
2026-03-30 14:42:58  INFO      __main__ — Page  89/3230 — 20 reviews written [█░░░░░░░░░░░░░░░░░░░░░░░░░░░░░░░░░░░░░░░] 89/3230  (2.8%)
2026-03-30 14:43:23  INFO      __main__ — Page  90/3230 — 20 reviews written [█░░░░░░░░░░░░░░░░░░░░░░░░░░░░░░░░░░░░░░░] 90/3230  (2.8%)
2026-03-30 14:43:34  INFO      __main__ — Page  91/3230 — 20 reviews written [█░░░░░░░░░░░░░░░░░░░░░░░░░░░░░░░░░░░░░░░] 91/3230  (2.8%)
2026-03-30 14:43:45  INFO      __main__ — Page  92/3230 — 20 reviews written [█░░░░░░░░░░░░░░░░░░░░░░░░░░░░░░░░░░░░░░░] 92/3230  (2.8%)
2026-03-30 14:43:57  INFO      __main__ — Page  93/3230 — 20 reviews written [█░░░░░░░░░░░░░░░░░░░░░░░░░░░░░░░░░░░░░░░] 93/3230  (2.9%)
2026-03-30 14:44:50  INFO      __main__ — Page  94/3230 — 20 reviews written [█░░░░░░░░░░░░░░░░░░░░░░░░░░░░░░░░░░░░░░░] 94/3230  (2.9%)
2026-03-30 14:45:32  INFO      __main__ — Page  95/3230 — 20 reviews written [█░░░░░░░░░░░░░░░░░░░░░░░░░░░░░░░░░░░░░░░] 95/3230  (2.9%)
2026-03-30 14:46:42  INFO      __main__ — Page  96/3230 — 20 reviews written [█░░░░░░░░░░░░░░░░░░░░░░░░░░░░░░░░░░░░░░░] 96/3230  (3.0%)
2026-03-30 14:47:59  INFO      __main__ — Page  97/3230 — 20 reviews written [█░░░░░░░░░░░░░░░░░░░░░░░░░░░░░░░░░░░░░░░] 97/3230  (3.0%)
2026-03-30 14:48:11  INFO      __main__ — Page  98/3230 — 20 reviews written [█░░░░░░░░░░░░░░░░░░░░░░░░░░░░░░░░░░░░░░░] 98/3230  (3.0%)
2026-03-30 14:50:00  INFO      __main__ — Page  99/3230 — 20 reviews written [█░░░░░░░░░░░░░░░░░░░░░░░░░░░░░░░░░░░░░░░] 99/3230  (3.1%)
2026-03-30 14:50:11  INFO      __main__ — Page 100/3230 — 20 reviews written [█░░░░░░░░░░░░░░░░░░░░░░░░░░░░░░░░░░░░░░░] 100/3230  (3.1%)
2026-03-30 14:50:24  INFO      __main__ — Page 101/3230 — 20 reviews written [█░░░░░░░░░░░░░░░░░░░░░░░░░░░░░░░░░░░░░░░] 101/3230  (3.1%)
2026-03-30 14:50:38  INFO      __main__ — Page 102/3230 — 20 reviews written [█░░░░░░░░░░░░░░░░░░░░░░░░░░░░░░░░░░░░░░░] 102/3230  (3.2%)
2026-03-30 14:50:52  INFO      __main__ — Page 103/3230 — 20 reviews written [█░░░░░░░░░░░░░░░░░░░░░░░░░░░░░░░░░░░░░░░] 103/3230  (3.2%)
2026-03-30 14:51:45  INFO      __main__ — Page 104/3230 — 20 reviews written [█░░░░░░░░░░░░░░░░░░░░░░░░░░░░░░░░░░░░░░░] 104/3230  (3.2%)
2026-03-30 14:52:00  INFO      __main__ — Page 105/3230 — 20 reviews written [█░░░░░░░░░░░░░░░░░░░░░░░░░░░░░░░░░░░░░░░] 105/3230  (3.3%)
2026-03-30 14:52:11  INFO      __main__ — Page 106/3230 — 20 reviews written [█░░░░░░░░░░░░░░░░░░░░░░░░░░░░░░░░░░░░░░░] 106/3230  (3.3%)
2026-03-30 14:52:25  INFO      __main__ — Page 107/3230 — 20 reviews written [█░░░░░░░░░░░░░░░░░░░░░░░░░░░░░░░░░░░░░░░] 107/3230  (3.3%)
2026-03-30 14:53:09  INFO      __main__ — Page 108/3230 — 20 reviews written [█░░░░░░░░░░░░░░░░░░░░░░░░░░░░░░░░░░░░░░░] 108/3230  (3.3%)
2026-03-30 14:53:52  INFO      __main__ — Page 109/3230 — 20 reviews written [█░░░░░░░░░░░░░░░░░░░░░░░░░░░░░░░░░░░░░░░] 109/3230  (3.4%)
2026-03-30 14:54:04  INFO      __main__ — Page 110/3230 — 20 reviews written [█░░░░░░░░░░░░░░░░░░░░░░░░░░░░░░░░░░░░░░░] 110/3230  (3.4%)
2026-03-30 14:54:17  INFO      __main__ — Page 111/3230 — 20 reviews written [█░░░░░░░░░░░░░░░░░░░░░░░░░░░░░░░░░░░░░░░] 111/3230  (3.4%)
2026-03-30 14:54:28  INFO      __main__ — Page 112/3230 — 20 reviews written [█░░░░░░░░░░░░░░░░░░░░░░░░░░░░░░░░░░░░░░░] 112/3230  (3.5%)
2026-03-30 14:55:13  INFO      __main__ — Page 113/3230 — 20 reviews written [█░░░░░░░░░░░░░░░░░░░░░░░░░░░░░░░░░░░░░░░] 113/3230  (3.5%)
2026-03-30 14:55:26  INFO      __main__ — Page 114/3230 — 20 reviews written [█░░░░░░░░░░░░░░░░░░░░░░░░░░░░░░░░░░░░░░░] 114/3230  (3.5%)
2026-03-30 14:56:09  INFO      __main__ — Page 115/3230 — 20 reviews written [█░░░░░░░░░░░░░░░░░░░░░░░░░░░░░░░░░░░░░░░] 115/3230  (3.6%)
2026-03-30 14:56:18  INFO      __main__ — Page 116/3230 — 20 reviews written [█░░░░░░░░░░░░░░░░░░░░░░░░░░░░░░░░░░░░░░░] 116/3230  (3.6%)
2026-03-30 14:56:29  INFO      __main__ — Page 117/3230 — 20 reviews written [█░░░░░░░░░░░░░░░░░░░░░░░░░░░░░░░░░░░░░░░] 117/3230  (3.6%)
2026-03-30 14:57:47  INFO      __main__ — Page 118/3230 — 20 reviews written [█░░░░░░░░░░░░░░░░░░░░░░░░░░░░░░░░░░░░░░░] 118/3230  (3.7%)
2026-03-30 14:57:57  INFO      __main__ — Page 119/3230 — 20 reviews written [█░░░░░░░░░░░░░░░░░░░░░░░░░░░░░░░░░░░░░░░] 119/3230  (3.7%)
2026-03-30 14:58:37  INFO      __main__ — Page 120/3230 — 20 reviews written [█░░░░░░░░░░░░░░░░░░░░░░░░░░░░░░░░░░░░░░░] 120/3230  (3.7%)
2026-03-30 14:59:20  INFO      __main__ — Page 121/3230 — 20 reviews written [█░░░░░░░░░░░░░░░░░░░░░░░░░░░░░░░░░░░░░░░] 121/3230  (3.7%)
2026-03-30 14:59:32  INFO      __main__ — Page 122/3230 — 20 reviews written [█░░░░░░░░░░░░░░░░░░░░░░░░░░░░░░░░░░░░░░░] 122/3230  (3.8%)
2026-03-30 14:59:44  INFO      __main__ — Page 123/3230 — 20 reviews written [█░░░░░░░░░░░░░░░░░░░░░░░░░░░░░░░░░░░░░░░] 123/3230  (3.8%)
2026-03-30 14:59:58  INFO      __main__ — Page 124/3230 — 20 reviews written [█░░░░░░░░░░░░░░░░░░░░░░░░░░░░░░░░░░░░░░░] 124/3230  (3.8%)
2026-03-30 15:00:08  INFO      __main__ — Page 125/3230 — 20 reviews written [█░░░░░░░░░░░░░░░░░░░░░░░░░░░░░░░░░░░░░░░] 125/3230  (3.9%)
2026-03-30 15:00:20  INFO      __main__ — Page 126/3230 — 20 reviews written [█░░░░░░░░░░░░░░░░░░░░░░░░░░░░░░░░░░░░░░░] 126/3230  (3.9%)
2026-03-30 15:00:33  INFO      __main__ — Page 127/3230 — 20 reviews written [█░░░░░░░░░░░░░░░░░░░░░░░░░░░░░░░░░░░░░░░] 127/3230  (3.9%)
2026-03-30 15:00:45  INFO      __main__ — Page 128/3230 — 20 reviews written [█░░░░░░░░░░░░░░░░░░░░░░░░░░░░░░░░░░░░░░░] 128/3230  (4.0%)
2026-03-30 15:00:59  INFO      __main__ — Page 129/3230 — 20 reviews written [█░░░░░░░░░░░░░░░░░░░░░░░░░░░░░░░░░░░░░░░] 129/3230  (4.0%)
2026-03-30 15:01:10  INFO      __main__ — Page 130/3230 — 20 reviews written [█░░░░░░░░░░░░░░░░░░░░░░░░░░░░░░░░░░░░░░░] 130/3230  (4.0%)
2026-03-30 15:01:51  INFO      __main__ — Page 131/3230 — 20 reviews written [█░░░░░░░░░░░░░░░░░░░░░░░░░░░░░░░░░░░░░░░] 131/3230  (4.1%)
2026-03-30 15:02:04  INFO      __main__ — Page 132/3230 — 20 reviews written [█░░░░░░░░░░░░░░░░░░░░░░░░░░░░░░░░░░░░░░░] 132/3230  (4.1%)
2026-03-30 15:02:44  INFO      __main__ — Page 133/3230 — 20 reviews written [█░░░░░░░░░░░░░░░░░░░░░░░░░░░░░░░░░░░░░░░] 133/3230  (4.1%)
2026-03-30 15:02:56  INFO      __main__ — Page 134/3230 — 20 reviews written [█░░░░░░░░░░░░░░░░░░░░░░░░░░░░░░░░░░░░░░░] 134/3230  (4.1%)
2026-03-30 15:03:07  INFO      __main__ — Page 135/3230 — 20 reviews written [█░░░░░░░░░░░░░░░░░░░░░░░░░░░░░░░░░░░░░░░] 135/3230  (4.2%)
2026-03-30 15:03:18  INFO      __main__ — Page 136/3230 — 20 reviews written [█░░░░░░░░░░░░░░░░░░░░░░░░░░░░░░░░░░░░░░░] 136/3230  (4.2%)
2026-03-30 15:03:36  INFO      __main__ — Page 137/3230 — 20 reviews written [█░░░░░░░░░░░░░░░░░░░░░░░░░░░░░░░░░░░░░░░] 137/3230  (4.2%)
2026-03-30 15:03:48  INFO      __main__ — Page 138/3230 — 20 reviews written [█░░░░░░░░░░░░░░░░░░░░░░░░░░░░░░░░░░░░░░░] 138/3230  (4.3%)
2026-03-30 15:04:00  INFO      __main__ — Page 139/3230 — 20 reviews written [█░░░░░░░░░░░░░░░░░░░░░░░░░░░░░░░░░░░░░░░] 139/3230  (4.3%)
2026-03-30 15:04:10  INFO      __main__ — Page 140/3230 — 20 reviews written [█░░░░░░░░░░░░░░░░░░░░░░░░░░░░░░░░░░░░░░░] 140/3230  (4.3%)
2026-03-30 15:04:54  INFO      __main__ — Page 141/3230 — 20 reviews written [█░░░░░░░░░░░░░░░░░░░░░░░░░░░░░░░░░░░░░░░] 141/3230  (4.4%)
2026-03-30 15:05:37  INFO      __main__ — Page 142/3230 — 20 reviews written [█░░░░░░░░░░░░░░░░░░░░░░░░░░░░░░░░░░░░░░░] 142/3230  (4.4%)
2026-03-30 15:05:49  INFO      __main__ — Page 143/3230 — 20 reviews written [█░░░░░░░░░░░░░░░░░░░░░░░░░░░░░░░░░░░░░░░] 143/3230  (4.4%)
2026-03-30 15:07:02  INFO      __main__ — Page 144/3230 — 20 reviews written [█░░░░░░░░░░░░░░░░░░░░░░░░░░░░░░░░░░░░░░░] 144/3230  (4.5%)
2026-03-30 15:07:18  INFO      __main__ — Page 145/3230 — 20 reviews written [█░░░░░░░░░░░░░░░░░░░░░░░░░░░░░░░░░░░░░░░] 145/3230  (4.5%)
2026-03-30 15:07:32  INFO      __main__ — Page 146/3230 — 20 reviews written [█░░░░░░░░░░░░░░░░░░░░░░░░░░░░░░░░░░░░░░░] 146/3230  (4.5%)
2026-03-30 15:08:14  INFO      __main__ — Page 147/3230 — 20 reviews written [█░░░░░░░░░░░░░░░░░░░░░░░░░░░░░░░░░░░░░░░] 147/3230  (4.6%)
2026-03-30 15:08:25  INFO      __main__ — Page 148/3230 — 20 reviews written [█░░░░░░░░░░░░░░░░░░░░░░░░░░░░░░░░░░░░░░░] 148/3230  (4.6%)
2026-03-30 15:08:35  INFO      __main__ — Page 149/3230 — 20 reviews written [█░░░░░░░░░░░░░░░░░░░░░░░░░░░░░░░░░░░░░░░] 149/3230  (4.6%)
2026-03-30 15:08:48  INFO      __main__ — Page 150/3230 — 20 reviews written [█░░░░░░░░░░░░░░░░░░░░░░░░░░░░░░░░░░░░░░░] 150/3230  (4.6%)
2026-03-30 15:09:01  INFO      __main__ — Page 151/3230 — 20 reviews written [█░░░░░░░░░░░░░░░░░░░░░░░░░░░░░░░░░░░░░░░] 151/3230  (4.7%)
2026-03-30 15:09:13  INFO      __main__ — Page 152/3230 — 20 reviews written [█░░░░░░░░░░░░░░░░░░░░░░░░░░░░░░░░░░░░░░░] 152/3230  (4.7%)
2026-03-30 15:09:26  INFO      __main__ — Page 153/3230 — 20 reviews written [█░░░░░░░░░░░░░░░░░░░░░░░░░░░░░░░░░░░░░░░] 153/3230  (4.7%)
2026-03-30 15:09:40  INFO      __main__ — Page 154/3230 — 20 reviews written [█░░░░░░░░░░░░░░░░░░░░░░░░░░░░░░░░░░░░░░░] 154/3230  (4.8%)
2026-03-30 15:09:53  INFO      __main__ — Page 155/3230 — 20 reviews written [█░░░░░░░░░░░░░░░░░░░░░░░░░░░░░░░░░░░░░░░] 155/3230  (4.8%)
2026-03-30 15:10:36  INFO      __main__ — Page 156/3230 — 20 reviews written [█░░░░░░░░░░░░░░░░░░░░░░░░░░░░░░░░░░░░░░░] 156/3230  (4.8%)
2026-03-30 15:10:50  INFO      __main__ — Page 157/3230 — 20 reviews written [█░░░░░░░░░░░░░░░░░░░░░░░░░░░░░░░░░░░░░░░] 157/3230  (4.9%)
2026-03-30 15:11:01  INFO      __main__ — Page 158/3230 — 20 reviews written [█░░░░░░░░░░░░░░░░░░░░░░░░░░░░░░░░░░░░░░░] 158/3230  (4.9%)
2026-03-30 15:11:13  INFO      __main__ — Page 159/3230 — 20 reviews written [█░░░░░░░░░░░░░░░░░░░░░░░░░░░░░░░░░░░░░░░] 159/3230  (4.9%)
2026-03-30 15:11:25  INFO      __main__ — Page 160/3230 — 20 reviews written [█░░░░░░░░░░░░░░░░░░░░░░░░░░░░░░░░░░░░░░░] 160/3230  (5.0%)
2026-03-30 15:11:39  INFO      __main__ — Page 161/3230 — 20 reviews written [█░░░░░░░░░░░░░░░░░░░░░░░░░░░░░░░░░░░░░░░] 161/3230  (5.0%)
2026-03-30 15:11:53  INFO      __main__ — Page 162/3230 — 20 reviews written [██░░░░░░░░░░░░░░░░░░░░░░░░░░░░░░░░░░░░░░] 162/3230  (5.0%)
2026-03-30 15:13:07  INFO      __main__ — Page 163/3230 — 20 reviews written [██░░░░░░░░░░░░░░░░░░░░░░░░░░░░░░░░░░░░░░] 163/3230  (5.0%)
2026-03-30 15:13:19  INFO      __main__ — Page 164/3230 — 20 reviews written [██░░░░░░░░░░░░░░░░░░░░░░░░░░░░░░░░░░░░░░] 164/3230  (5.1%)
2026-03-30 15:13:31  INFO      __main__ — Page 165/3230 — 20 reviews written [██░░░░░░░░░░░░░░░░░░░░░░░░░░░░░░░░░░░░░░] 165/3230  (5.1%)
2026-03-30 15:14:11  INFO      __main__ — Page 166/3230 — 20 reviews written [██░░░░░░░░░░░░░░░░░░░░░░░░░░░░░░░░░░░░░░] 166/3230  (5.1%)
2026-03-30 15:15:55  INFO      __main__ — Page 167/3230 — 20 reviews written [██░░░░░░░░░░░░░░░░░░░░░░░░░░░░░░░░░░░░░░] 167/3230  (5.2%)
2026-03-30 15:16:09  INFO      __main__ — Page 168/3230 — 20 reviews written [██░░░░░░░░░░░░░░░░░░░░░░░░░░░░░░░░░░░░░░] 168/3230  (5.2%)
2026-03-30 15:16:55  INFO      __main__ — Page 169/3230 — 20 reviews written [██░░░░░░░░░░░░░░░░░░░░░░░░░░░░░░░░░░░░░░] 169/3230  (5.2%)
2026-03-30 15:17:42  INFO      __main__ — Page 170/3230 — 20 reviews written [██░░░░░░░░░░░░░░░░░░░░░░░░░░░░░░░░░░░░░░] 170/3230  (5.3%)
2026-03-30 15:18:28  INFO      __main__ — Page 171/3230 — 20 reviews written [██░░░░░░░░░░░░░░░░░░░░░░░░░░░░░░░░░░░░░░] 171/3230  (5.3%)
2026-03-30 15:18:40  INFO      __main__ — Page 172/3230 — 20 reviews written [██░░░░░░░░░░░░░░░░░░░░░░░░░░░░░░░░░░░░░░] 172/3230  (5.3%)
2026-03-30 15:19:23  INFO      __main__ — Page 173/3230 — 20 reviews written [██░░░░░░░░░░░░░░░░░░░░░░░░░░░░░░░░░░░░░░] 173/3230  (5.4%)
2026-03-30 15:19:34  INFO      __main__ — Page 174/3230 — 20 reviews written [██░░░░░░░░░░░░░░░░░░░░░░░░░░░░░░░░░░░░░░] 174/3230  (5.4%)
2026-03-30 15:20:17  INFO      __main__ — Page 175/3230 — 20 reviews written [██░░░░░░░░░░░░░░░░░░░░░░░░░░░░░░░░░░░░░░] 175/3230  (5.4%)
2026-03-30 15:20:38  INFO      __main__ — Page 176/3230 — 20 reviews written [██░░░░░░░░░░░░░░░░░░░░░░░░░░░░░░░░░░░░░░] 176/3230  (5.4%)
2026-03-30 15:20:55  INFO      __main__ — Page 177/3230 — 20 reviews written [██░░░░░░░░░░░░░░░░░░░░░░░░░░░░░░░░░░░░░░] 177/3230  (5.5%)
2026-03-30 15:21:11  INFO      __main__ — Page 178/3230 — 20 reviews written [██░░░░░░░░░░░░░░░░░░░░░░░░░░░░░░░░░░░░░░] 178/3230  (5.5%)
2026-03-30 15:22:00  WARNING   __main__ — Attempt 1/3 failed (Page.goto: Timeout 45000ms exceeded.
Call log:
  - navigating to "https://www.ambitionbox.com/reviews/wipro-reviews?page=179", waiting until "domcontentloaded"
) — retrying in 6.1s
2026-03-30 15:22:16  INFO      __main__ — Page 179/3230 — 20 reviews written [██░░░░░░░░░░░░░░░░░░░░░░░░░░░░░░░░░░░░░░] 179/3230  (5.5%)
2026-03-30 15:22:32  INFO      __main__ — Page 180/3230 — 20 reviews written [██░░░░░░░░░░░░░░░░░░░░░░░░░░░░░░░░░░░░░░] 180/3230  (5.6%)
2026-03-30 15:22:47  INFO      __main__ — Page 181/3230 — 20 reviews written [██░░░░░░░░░░░░░░░░░░░░░░░░░░░░░░░░░░░░░░] 181/3230  (5.6%)
2026-03-30 15:23:01  INFO      __main__ — Page 182/3230 — 20 reviews written [██░░░░░░░░░░░░░░░░░░░░░░░░░░░░░░░░░░░░░░] 182/3230  (5.6%)
2026-03-30 15:23:16  INFO      __main__ — Page 183/3230 — 20 reviews written [██░░░░░░░░░░░░░░░░░░░░░░░░░░░░░░░░░░░░░░] 183/3230  (5.7%)
2026-03-30 15:23:30  INFO      __main__ — Page 184/3230 — 20 reviews written [██░░░░░░░░░░░░░░░░░░░░░░░░░░░░░░░░░░░░░░] 184/3230  (5.7%)
2026-03-30 15:23:50  INFO      __main__ — Page 185/3230 — 20 reviews written [██░░░░░░░░░░░░░░░░░░░░░░░░░░░░░░░░░░░░░░] 185/3230  (5.7%)
2026-03-30 15:24:05  INFO      __main__ — Page 186/3230 — 20 reviews written [██░░░░░░░░░░░░░░░░░░░░░░░░░░░░░░░░░░░░░░] 186/3230  (5.8%)
2026-03-30 15:24:18  INFO      __main__ — Page 187/3230 — 20 reviews written [██░░░░░░░░░░░░░░░░░░░░░░░░░░░░░░░░░░░░░░] 187/3230  (5.8%)
2026-03-30 15:24:46  INFO      __main__ — Page 188/3230 — 20 reviews written [██░░░░░░░░░░░░░░░░░░░░░░░░░░░░░░░░░░░░░░] 188/3230  (5.8%)
2026-03-30 15:25:00  INFO      __main__ — Page 189/3230 — 20 reviews written [██░░░░░░░░░░░░░░░░░░░░░░░░░░░░░░░░░░░░░░] 189/3230  (5.9%)
2026-03-30 15:25:11  INFO      __main__ — Page 190/3230 — 20 reviews written [██░░░░░░░░░░░░░░░░░░░░░░░░░░░░░░░░░░░░░░] 190/3230  (5.9%)
2026-03-30 15:25:31  INFO      __main__ — Page 191/3230 — 20 reviews written [██░░░░░░░░░░░░░░░░░░░░░░░░░░░░░░░░░░░░░░] 191/3230  (5.9%)
2026-03-30 15:26:20  WARNING   __main__ — Attempt 1/3 failed (Page.goto: Timeout 45000ms exceeded.
Call log:
  - navigating to "https://www.ambitionbox.com/reviews/wipro-reviews?page=192", waiting until "domcontentloaded"
) — retrying in 7.1s
2026-03-30 15:26:38  WARNING   __main__ — Attempt 2/3 failed (Page.goto: net::ERR_INTERNET_DISCONNECTED at https://www.ambitionbox.com/reviews/wipro-reviews?page=192
Call log:
  - navigating to "https://www.ambitionbox.com/reviews/wipro-reviews?page=192", waiting until "domcontentloaded"
) — retrying in 11.3s
2026-03-30 15:26:53  WARNING   __main__ — Attempt 3/3 failed (Page.goto: net::ERR_NAME_NOT_RESOLVED at https://www.ambitionbox.com/reviews/wipro-reviews?page=192
Call log:
  - navigating to "https://www.ambitionbox.com/reviews/wipro-reviews?page=192", waiting until "domcontentloaded"
) — retrying in 21.5s
2026-03-30 15:27:15  ERROR     __main__ — Skipping page 192 after retries: Page.goto: net::ERR_NAME_NOT_RESOLVED at https://www.ambitionbox.com/reviews/wipro-reviews?page=192
Call log:
  - navigating to "https://www.ambitionbox.com/reviews/wipro-reviews?page=192", waiting until "domcontentloaded"

2026-03-30 15:27:35  INFO      __main__ — Page 193/3230 — 20 reviews written [██░░░░░░░░░░░░░░░░░░░░░░░░░░░░░░░░░░░░░░] 193/3230  (6.0%)
2026-03-30 15:27:52  INFO      __main__ — Page 194/3230 — 20 reviews written [██░░░░░░░░░░░░░░░░░░░░░░░░░░░░░░░░░░░░░░] 194/3230  (6.0%)
2026-03-30 15:28:07  INFO      __main__ — Page 195/3230 — 20 reviews written [██░░░░░░░░░░░░░░░░░░░░░░░░░░░░░░░░░░░░░░] 195/3230  (6.0%)
2026-03-30 15:28:50  INFO      __main__ — Page 196/3230 — 20 reviews written [██░░░░░░░░░░░░░░░░░░░░░░░░░░░░░░░░░░░░░░] 196/3230  (6.1%)
2026-03-30 15:29:05  INFO      __main__ — Page 197/3230 — 20 reviews written [██░░░░░░░░░░░░░░░░░░░░░░░░░░░░░░░░░░░░░░] 197/3230  (6.1%)
2026-03-30 15:29:19  INFO      __main__ — Page 198/3230 — 20 reviews written [██░░░░░░░░░░░░░░░░░░░░░░░░░░░░░░░░░░░░░░] 198/3230  (6.1%)
2026-03-30 15:30:03  INFO      __main__ — Page 199/3230 — 20 reviews written [██░░░░░░░░░░░░░░░░░░░░░░░░░░░░░░░░░░░░░░] 199/3230  (6.2%)
2026-03-30 15:30:17  INFO      __main__ — Page 200/3230 — 20 reviews written [██░░░░░░░░░░░░░░░░░░░░░░░░░░░░░░░░░░░░░░] 200/3230  (6.2%)
2026-03-30 15:30:34  INFO      __main__ — Page 201/3230 — 20 reviews written [██░░░░░░░░░░░░░░░░░░░░░░░░░░░░░░░░░░░░░░] 201/3230  (6.2%)
2026-03-30 15:30:47  INFO      __main__ — Page 202/3230 — 20 reviews written [██░░░░░░░░░░░░░░░░░░░░░░░░░░░░░░░░░░░░░░] 202/3230  (6.3%)
2026-03-30 15:31:28  INFO      __main__ — Page 203/3230 — 20 reviews written [██░░░░░░░░░░░░░░░░░░░░░░░░░░░░░░░░░░░░░░] 203/3230  (6.3%)
2026-03-30 15:31:38  INFO      __main__ — Page 204/3230 — 20 reviews written [██░░░░░░░░░░░░░░░░░░░░░░░░░░░░░░░░░░░░░░] 204/3230  (6.3%)
2026-03-30 15:31:51  INFO      __main__ — Page 205/3230 — 20 reviews written [██░░░░░░░░░░░░░░░░░░░░░░░░░░░░░░░░░░░░░░] 205/3230  (6.3%)
2026-03-30 15:32:03  INFO      __main__ — Page 206/3230 — 20 reviews written [██░░░░░░░░░░░░░░░░░░░░░░░░░░░░░░░░░░░░░░] 206/3230  (6.4%)
2026-03-30 15:32:15  INFO      __main__ — Page 207/3230 — 20 reviews written [██░░░░░░░░░░░░░░░░░░░░░░░░░░░░░░░░░░░░░░] 207/3230  (6.4%)
2026-03-30 15:32:24  INFO      __main__ — Page 208/3230 — 20 reviews written [██░░░░░░░░░░░░░░░░░░░░░░░░░░░░░░░░░░░░░░] 208/3230  (6.4%)
2026-03-30 15:32:38  INFO      __main__ — Page 209/3230 — 20 reviews written [██░░░░░░░░░░░░░░░░░░░░░░░░░░░░░░░░░░░░░░] 209/3230  (6.5%)
2026-03-30 15:32:50  INFO      __main__ — Page 210/3230 — 20 reviews written [██░░░░░░░░░░░░░░░░░░░░░░░░░░░░░░░░░░░░░░] 210/3230  (6.5%)
2026-03-30 15:33:01  INFO      __main__ — Page 211/3230 — 20 reviews written [██░░░░░░░░░░░░░░░░░░░░░░░░░░░░░░░░░░░░░░] 211/3230  (6.5%)
2026-03-30 15:33:10  INFO      __main__ — Page 212/3230 — 20 reviews written [██░░░░░░░░░░░░░░░░░░░░░░░░░░░░░░░░░░░░░░] 212/3230  (6.6%)
2026-03-30 15:33:20  INFO      __main__ — Page 213/3230 — 20 reviews written [██░░░░░░░░░░░░░░░░░░░░░░░░░░░░░░░░░░░░░░] 213/3230  (6.6%)
2026-03-30 15:34:02  INFO      __main__ — Page 214/3230 — 20 reviews written [██░░░░░░░░░░░░░░░░░░░░░░░░░░░░░░░░░░░░░░] 214/3230  (6.6%)
2026-03-30 15:34:11  INFO      __main__ — Page 215/3230 — 20 reviews written [██░░░░░░░░░░░░░░░░░░░░░░░░░░░░░░░░░░░░░░] 215/3230  (6.7%)
2026-03-30 15:34:22  INFO      __main__ — Page 216/3230 — 20 reviews written [██░░░░░░░░░░░░░░░░░░░░░░░░░░░░░░░░░░░░░░] 216/3230  (6.7%)
2026-03-30 15:34:37  INFO      __main__ — Page 217/3230 — 20 reviews written [██░░░░░░░░░░░░░░░░░░░░░░░░░░░░░░░░░░░░░░] 217/3230  (6.7%)
2026-03-30 15:34:46  INFO      __main__ — Page 218/3230 — 20 reviews written [██░░░░░░░░░░░░░░░░░░░░░░░░░░░░░░░░░░░░░░] 218/3230  (6.7%)
2026-03-30 15:34:57  INFO      __main__ — Page 219/3230 — 20 reviews written [██░░░░░░░░░░░░░░░░░░░░░░░░░░░░░░░░░░░░░░] 219/3230  (6.8%)
2026-03-30 15:35:09  INFO      __main__ — Page 220/3230 — 20 reviews written [██░░░░░░░░░░░░░░░░░░░░░░░░░░░░░░░░░░░░░░] 220/3230  (6.8%)
2026-03-30 15:35:19  INFO      __main__ — Page 221/3230 — 20 reviews written [██░░░░░░░░░░░░░░░░░░░░░░░░░░░░░░░░░░░░░░] 221/3230  (6.8%)
2026-03-30 15:35:31  INFO      __main__ — Page 222/3230 — 20 reviews written [██░░░░░░░░░░░░░░░░░░░░░░░░░░░░░░░░░░░░░░] 222/3230  (6.9%)
2026-03-30 15:35:40  INFO      __main__ — Page 223/3230 — 20 reviews written [██░░░░░░░░░░░░░░░░░░░░░░░░░░░░░░░░░░░░░░] 223/3230  (6.9%)
2026-03-30 15:35:49  INFO      __main__ — Page 224/3230 — 20 reviews written [██░░░░░░░░░░░░░░░░░░░░░░░░░░░░░░░░░░░░░░] 224/3230  (6.9%)
2026-03-30 15:36:31  INFO      __main__ — Page 225/3230 — 20 reviews written [██░░░░░░░░░░░░░░░░░░░░░░░░░░░░░░░░░░░░░░] 225/3230  (7.0%)
2026-03-30 15:36:40  INFO      __main__ — Page 226/3230 — 20 reviews written [██░░░░░░░░░░░░░░░░░░░░░░░░░░░░░░░░░░░░░░] 226/3230  (7.0%)
2026-03-30 15:36:50  INFO      __main__ — Page 227/3230 — 20 reviews written [██░░░░░░░░░░░░░░░░░░░░░░░░░░░░░░░░░░░░░░] 227/3230  (7.0%)
2026-03-30 15:37:00  INFO      __main__ — Page 228/3230 — 20 reviews written [██░░░░░░░░░░░░░░░░░░░░░░░░░░░░░░░░░░░░░░] 228/3230  (7.1%)
2026-03-30 15:37:16  INFO      __main__ — Page 229/3230 — 20 reviews written [██░░░░░░░░░░░░░░░░░░░░░░░░░░░░░░░░░░░░░░] 229/3230  (7.1%)
2026-03-30 15:37:28  INFO      __main__ — Page 230/3230 — 20 reviews written [██░░░░░░░░░░░░░░░░░░░░░░░░░░░░░░░░░░░░░░] 230/3230  (7.1%)
2026-03-30 15:38:07  INFO      __main__ — Page 231/3230 — 20 reviews written [██░░░░░░░░░░░░░░░░░░░░░░░░░░░░░░░░░░░░░░] 231/3230  (7.2%)
2026-03-30 15:38:20  INFO      __main__ — Page 232/3230 — 20 reviews written [██░░░░░░░░░░░░░░░░░░░░░░░░░░░░░░░░░░░░░░] 232/3230  (7.2%)
2026-03-30 15:38:31  INFO      __main__ — Page 233/3230 — 20 reviews written [██░░░░░░░░░░░░░░░░░░░░░░░░░░░░░░░░░░░░░░] 233/3230  (7.2%)
2026-03-30 15:38:45  INFO      __main__ — Page 234/3230 — 20 reviews written [██░░░░░░░░░░░░░░░░░░░░░░░░░░░░░░░░░░░░░░] 234/3230  (7.2%)
2026-03-30 15:38:54  INFO      __main__ — Page 235/3230 — 20 reviews written [██░░░░░░░░░░░░░░░░░░░░░░░░░░░░░░░░░░░░░░] 235/3230  (7.3%)
2026-03-30 15:39:04  INFO      __main__ — Page 236/3230 — 20 reviews written [██░░░░░░░░░░░░░░░░░░░░░░░░░░░░░░░░░░░░░░] 236/3230  (7.3%)
2026-03-30 15:39:12  INFO      __main__ — Page 237/3230 — 20 reviews written [██░░░░░░░░░░░░░░░░░░░░░░░░░░░░░░░░░░░░░░] 237/3230  (7.3%)
2026-03-30 15:39:22  INFO      __main__ — Page 238/3230 — 20 reviews written [██░░░░░░░░░░░░░░░░░░░░░░░░░░░░░░░░░░░░░░] 238/3230  (7.4%)
2026-03-30 15:41:00  INFO      __main__ — Page 239/3230 — 20 reviews written [██░░░░░░░░░░░░░░░░░░░░░░░░░░░░░░░░░░░░░░] 239/3230  (7.4%)
2026-03-30 15:41:09  INFO      __main__ — Page 240/3230 — 20 reviews written [██░░░░░░░░░░░░░░░░░░░░░░░░░░░░░░░░░░░░░░] 240/3230  (7.4%)
2026-03-30 15:41:20  INFO      __main__ — Page 241/3230 — 20 reviews written [██░░░░░░░░░░░░░░░░░░░░░░░░░░░░░░░░░░░░░░] 241/3230  (7.5%)
2026-03-30 15:41:30  INFO      __main__ — Page 242/3230 — 20 reviews written [██░░░░░░░░░░░░░░░░░░░░░░░░░░░░░░░░░░░░░░] 242/3230  (7.5%)
2026-03-30 15:41:42  INFO      __main__ — Page 243/3230 — 20 reviews written [███░░░░░░░░░░░░░░░░░░░░░░░░░░░░░░░░░░░░░] 243/3230  (7.5%)
2026-03-30 15:42:53  INFO      __main__ — Page 244/3230 — 20 reviews written [███░░░░░░░░░░░░░░░░░░░░░░░░░░░░░░░░░░░░░] 244/3230  (7.6%)
2026-03-30 15:44:03  INFO      __main__ — Page 245/3230 — 20 reviews written [███░░░░░░░░░░░░░░░░░░░░░░░░░░░░░░░░░░░░░] 245/3230  (7.6%)
2026-03-30 15:44:45  INFO      __main__ — Page 246/3230 — 20 reviews written [███░░░░░░░░░░░░░░░░░░░░░░░░░░░░░░░░░░░░░] 246/3230  (7.6%)
2026-03-30 15:44:57  INFO      __main__ — Page 247/3230 — 20 reviews written [███░░░░░░░░░░░░░░░░░░░░░░░░░░░░░░░░░░░░░] 247/3230  (7.6%)
2026-03-30 15:45:08  INFO      __main__ — Page 248/3230 — 20 reviews written [███░░░░░░░░░░░░░░░░░░░░░░░░░░░░░░░░░░░░░] 248/3230  (7.7%)
2026-03-30 15:45:50  INFO      __main__ — Page 249/3230 — 20 reviews written [███░░░░░░░░░░░░░░░░░░░░░░░░░░░░░░░░░░░░░] 249/3230  (7.7%)
2026-03-30 15:46:23  INFO      __main__ — Page 250/3230 — 20 reviews written [███░░░░░░░░░░░░░░░░░░░░░░░░░░░░░░░░░░░░░] 250/3230  (7.7%)
2026-03-30 15:47:04  INFO      __main__ — Page 251/3230 — 20 reviews written [███░░░░░░░░░░░░░░░░░░░░░░░░░░░░░░░░░░░░░] 251/3230  (7.8%)
2026-03-30 15:47:17  INFO      __main__ — Page 252/3230 — 20 reviews written [███░░░░░░░░░░░░░░░░░░░░░░░░░░░░░░░░░░░░░] 252/3230  (7.8%)
2026-03-30 15:47:27  INFO      __main__ — Page 253/3230 — 20 reviews written [███░░░░░░░░░░░░░░░░░░░░░░░░░░░░░░░░░░░░░] 253/3230  (7.8%)
2026-03-30 15:47:38  INFO      __main__ — Page 254/3230 — 20 reviews written [███░░░░░░░░░░░░░░░░░░░░░░░░░░░░░░░░░░░░░] 254/3230  (7.9%)
2026-03-30 15:47:49  INFO      __main__ — Page 255/3230 — 20 reviews written [███░░░░░░░░░░░░░░░░░░░░░░░░░░░░░░░░░░░░░] 255/3230  (7.9%)
2026-03-30 15:48:31  INFO      __main__ — Page 256/3230 — 20 reviews written [███░░░░░░░░░░░░░░░░░░░░░░░░░░░░░░░░░░░░░] 256/3230  (7.9%)
2026-03-30 15:48:43  INFO      __main__ — Page 257/3230 — 20 reviews written [███░░░░░░░░░░░░░░░░░░░░░░░░░░░░░░░░░░░░░] 257/3230  (8.0%)
2026-03-30 15:48:55  INFO      __main__ — Page 258/3230 — 20 reviews written [███░░░░░░░░░░░░░░░░░░░░░░░░░░░░░░░░░░░░░] 258/3230  (8.0%)
2026-03-30 15:49:37  INFO      __main__ — Page 259/3230 — 20 reviews written [███░░░░░░░░░░░░░░░░░░░░░░░░░░░░░░░░░░░░░] 259/3230  (8.0%)
2026-03-30 15:49:48  INFO      __main__ — Page 260/3230 — 20 reviews written [███░░░░░░░░░░░░░░░░░░░░░░░░░░░░░░░░░░░░░] 260/3230  (8.0%)
2026-03-30 15:50:32  INFO      __main__ — Page 261/3230 — 20 reviews written [███░░░░░░░░░░░░░░░░░░░░░░░░░░░░░░░░░░░░░] 261/3230  (8.1%)
2026-03-30 15:50:43  INFO      __main__ — Page 262/3230 — 20 reviews written [███░░░░░░░░░░░░░░░░░░░░░░░░░░░░░░░░░░░░░] 262/3230  (8.1%)
2026-03-30 15:50:55  INFO      __main__ — Page 263/3230 — 20 reviews written [███░░░░░░░░░░░░░░░░░░░░░░░░░░░░░░░░░░░░░] 263/3230  (8.1%)
2026-03-30 15:51:05  INFO      __main__ — Page 264/3230 — 20 reviews written [███░░░░░░░░░░░░░░░░░░░░░░░░░░░░░░░░░░░░░] 264/3230  (8.2%)
2026-03-30 15:51:15  INFO      __main__ — Page 265/3230 — 20 reviews written [███░░░░░░░░░░░░░░░░░░░░░░░░░░░░░░░░░░░░░] 265/3230  (8.2%)
2026-03-30 15:51:24  INFO      __main__ — Page 266/3230 — 20 reviews written [███░░░░░░░░░░░░░░░░░░░░░░░░░░░░░░░░░░░░░] 266/3230  (8.2%)
2026-03-30 15:51:36  INFO      __main__ — Page 267/3230 — 20 reviews written [███░░░░░░░░░░░░░░░░░░░░░░░░░░░░░░░░░░░░░] 267/3230  (8.3%)
2026-03-30 15:51:46  INFO      __main__ — Page 268/3230 — 20 reviews written [███░░░░░░░░░░░░░░░░░░░░░░░░░░░░░░░░░░░░░] 268/3230  (8.3%)
2026-03-30 15:51:58  INFO      __main__ — Page 269/3230 — 20 reviews written [███░░░░░░░░░░░░░░░░░░░░░░░░░░░░░░░░░░░░░] 269/3230  (8.3%)
2026-03-30 15:52:09  INFO      __main__ — Page 270/3230 — 20 reviews written [███░░░░░░░░░░░░░░░░░░░░░░░░░░░░░░░░░░░░░] 270/3230  (8.4%)
2026-03-30 15:52:18  INFO      __main__ — Page 271/3230 — 20 reviews written [███░░░░░░░░░░░░░░░░░░░░░░░░░░░░░░░░░░░░░] 271/3230  (8.4%)
2026-03-30 15:52:26  INFO      __main__ — Page 272/3230 — 20 reviews written [███░░░░░░░░░░░░░░░░░░░░░░░░░░░░░░░░░░░░░] 272/3230  (8.4%)
2026-03-30 15:52:55  INFO      __main__ — Page 273/3230 — 20 reviews written [███░░░░░░░░░░░░░░░░░░░░░░░░░░░░░░░░░░░░░] 273/3230  (8.5%)
2026-03-30 15:53:06  INFO      __main__ — Page 274/3230 — 20 reviews written [███░░░░░░░░░░░░░░░░░░░░░░░░░░░░░░░░░░░░░] 274/3230  (8.5%)
2026-03-30 15:53:35  INFO      __main__ — Page 275/3230 — 20 reviews written [███░░░░░░░░░░░░░░░░░░░░░░░░░░░░░░░░░░░░░] 275/3230  (8.5%)
2026-03-30 15:53:46  INFO      __main__ — Page 276/3230 — 20 reviews written [███░░░░░░░░░░░░░░░░░░░░░░░░░░░░░░░░░░░░░] 276/3230  (8.5%)
2026-03-30 15:53:56  INFO      __main__ — Page 277/3230 — 20 reviews written [███░░░░░░░░░░░░░░░░░░░░░░░░░░░░░░░░░░░░░] 277/3230  (8.6%)
2026-03-30 15:54:07  INFO      __main__ — Page 278/3230 — 20 reviews written [███░░░░░░░░░░░░░░░░░░░░░░░░░░░░░░░░░░░░░] 278/3230  (8.6%)
2026-03-30 15:54:18  INFO      __main__ — Page 279/3230 — 20 reviews written [███░░░░░░░░░░░░░░░░░░░░░░░░░░░░░░░░░░░░░] 279/3230  (8.6%)
2026-03-30 15:54:26  INFO      __main__ — Page 280/3230 — 20 reviews written [███░░░░░░░░░░░░░░░░░░░░░░░░░░░░░░░░░░░░░] 280/3230  (8.7%)
2026-03-30 15:54:36  INFO      __main__ — Page 281/3230 — 20 reviews written [███░░░░░░░░░░░░░░░░░░░░░░░░░░░░░░░░░░░░░] 281/3230  (8.7%)
2026-03-30 15:54:48  INFO      __main__ — Page 282/3230 — 20 reviews written [███░░░░░░░░░░░░░░░░░░░░░░░░░░░░░░░░░░░░░] 282/3230  (8.7%)
2026-03-30 15:55:12  INFO      __main__ — Page 283/3230 — 20 reviews written [███░░░░░░░░░░░░░░░░░░░░░░░░░░░░░░░░░░░░░] 283/3230  (8.8%)
2026-03-30 15:55:24  INFO      __main__ — Page 284/3230 — 20 reviews written [███░░░░░░░░░░░░░░░░░░░░░░░░░░░░░░░░░░░░░] 284/3230  (8.8%)
2026-03-30 15:55:35  INFO      __main__ — Page 285/3230 — 20 reviews written [███░░░░░░░░░░░░░░░░░░░░░░░░░░░░░░░░░░░░░] 285/3230  (8.8%)
2026-03-30 15:55:44  INFO      __main__ — Page 286/3230 — 20 reviews written [███░░░░░░░░░░░░░░░░░░░░░░░░░░░░░░░░░░░░░] 286/3230  (8.9%)
2026-03-30 15:55:54  INFO      __main__ — Page 287/3230 — 20 reviews written [███░░░░░░░░░░░░░░░░░░░░░░░░░░░░░░░░░░░░░] 287/3230  (8.9%)
2026-03-30 15:56:05  INFO      __main__ — Page 288/3230 — 20 reviews written [███░░░░░░░░░░░░░░░░░░░░░░░░░░░░░░░░░░░░░] 288/3230  (8.9%)
2026-03-30 15:56:16  INFO      __main__ — Page 289/3230 — 20 reviews written [███░░░░░░░░░░░░░░░░░░░░░░░░░░░░░░░░░░░░░] 289/3230  (8.9%)
2026-03-30 15:56:27  INFO      __main__ — Page 290/3230 — 20 reviews written [███░░░░░░░░░░░░░░░░░░░░░░░░░░░░░░░░░░░░░] 290/3230  (9.0%)
2026-03-30 15:56:37  INFO      __main__ — Page 291/3230 — 20 reviews written [███░░░░░░░░░░░░░░░░░░░░░░░░░░░░░░░░░░░░░] 291/3230  (9.0%)
2026-03-30 15:56:46  INFO      __main__ — Page 292/3230 — 20 reviews written [███░░░░░░░░░░░░░░░░░░░░░░░░░░░░░░░░░░░░░] 292/3230  (9.0%)
2026-03-30 15:57:26  INFO      __main__ — Page 293/3230 — 20 reviews written [███░░░░░░░░░░░░░░░░░░░░░░░░░░░░░░░░░░░░░] 293/3230  (9.1%)
2026-03-30 15:57:35  INFO      __main__ — Page 294/3230 — 20 reviews written [███░░░░░░░░░░░░░░░░░░░░░░░░░░░░░░░░░░░░░] 294/3230  (9.1%)
2026-03-30 15:57:43  INFO      __main__ — Page 295/3230 — 20 reviews written [███░░░░░░░░░░░░░░░░░░░░░░░░░░░░░░░░░░░░░] 295/3230  (9.1%)
2026-03-30 15:58:52  INFO      __main__ — Page 296/3230 — 20 reviews written [███░░░░░░░░░░░░░░░░░░░░░░░░░░░░░░░░░░░░░] 296/3230  (9.2%)
2026-03-30 15:59:03  INFO      __main__ — Page 297/3230 — 20 reviews written [███░░░░░░░░░░░░░░░░░░░░░░░░░░░░░░░░░░░░░] 297/3230  (9.2%)
2026-03-30 15:59:45  INFO      __main__ — Page 298/3230 — 20 reviews written [███░░░░░░░░░░░░░░░░░░░░░░░░░░░░░░░░░░░░░] 298/3230  (9.2%)
2026-03-30 15:59:55  INFO      __main__ — Page 299/3230 — 20 reviews written [███░░░░░░░░░░░░░░░░░░░░░░░░░░░░░░░░░░░░░] 299/3230  (9.3%)
2026-03-30 16:00:06  INFO      __main__ — Page 300/3230 — 20 reviews written [███░░░░░░░░░░░░░░░░░░░░░░░░░░░░░░░░░░░░░] 300/3230  (9.3%)
2026-03-30 16:00:40  INFO      __main__ — Page 301/3230 — 20 reviews written [███░░░░░░░░░░░░░░░░░░░░░░░░░░░░░░░░░░░░░] 301/3230  (9.3%)
2026-03-30 16:01:53  INFO      __main__ — Page 302/3230 — 20 reviews written [███░░░░░░░░░░░░░░░░░░░░░░░░░░░░░░░░░░░░░] 302/3230  (9.3%)
2026-03-30 16:02:04  INFO      __main__ — Page 303/3230 — 20 reviews written [███░░░░░░░░░░░░░░░░░░░░░░░░░░░░░░░░░░░░░] 303/3230  (9.4%)
2026-03-30 16:02:14  INFO      __main__ — Page 304/3230 — 20 reviews written [███░░░░░░░░░░░░░░░░░░░░░░░░░░░░░░░░░░░░░] 304/3230  (9.4%)
2026-03-30 16:02:26  INFO      __main__ — Page 305/3230 — 20 reviews written [███░░░░░░░░░░░░░░░░░░░░░░░░░░░░░░░░░░░░░] 305/3230  (9.4%)
2026-03-30 16:02:38  INFO      __main__ — Page 306/3230 — 20 reviews written [███░░░░░░░░░░░░░░░░░░░░░░░░░░░░░░░░░░░░░] 306/3230  (9.5%)
2026-03-30 16:02:50  INFO      __main__ — Page 307/3230 — 20 reviews written [███░░░░░░░░░░░░░░░░░░░░░░░░░░░░░░░░░░░░░] 307/3230  (9.5%)
2026-03-30 16:03:01  INFO      __main__ — Page 308/3230 — 20 reviews written [███░░░░░░░░░░░░░░░░░░░░░░░░░░░░░░░░░░░░░] 308/3230  (9.5%)
2026-03-30 16:03:27  INFO      __main__ — Page 309/3230 — 20 reviews written [███░░░░░░░░░░░░░░░░░░░░░░░░░░░░░░░░░░░░░] 309/3230  (9.6%)
2026-03-30 16:03:39  INFO      __main__ — Page 310/3230 — 20 reviews written [███░░░░░░░░░░░░░░░░░░░░░░░░░░░░░░░░░░░░░] 310/3230  (9.6%)
2026-03-30 16:03:47  INFO      __main__ — Page 311/3230 — 20 reviews written [███░░░░░░░░░░░░░░░░░░░░░░░░░░░░░░░░░░░░░] 311/3230  (9.6%)
2026-03-30 16:03:59  INFO      __main__ — Page 312/3230 — 20 reviews written [███░░░░░░░░░░░░░░░░░░░░░░░░░░░░░░░░░░░░░] 312/3230  (9.7%)
2026-03-30 16:04:27  INFO      __main__ — Page 313/3230 — 20 reviews written [███░░░░░░░░░░░░░░░░░░░░░░░░░░░░░░░░░░░░░] 313/3230  (9.7%)
2026-03-30 16:04:38  INFO      __main__ — Page 314/3230 — 20 reviews written [███░░░░░░░░░░░░░░░░░░░░░░░░░░░░░░░░░░░░░] 314/3230  (9.7%)
2026-03-30 16:04:48  INFO      __main__ — Page 315/3230 — 20 reviews written [███░░░░░░░░░░░░░░░░░░░░░░░░░░░░░░░░░░░░░] 315/3230  (9.8%)
2026-03-30 16:05:00  INFO      __main__ — Page 316/3230 — 20 reviews written [███░░░░░░░░░░░░░░░░░░░░░░░░░░░░░░░░░░░░░] 316/3230  (9.8%)
2026-03-30 16:05:30  INFO      __main__ — Page 317/3230 — 20 reviews written [███░░░░░░░░░░░░░░░░░░░░░░░░░░░░░░░░░░░░░] 317/3230  (9.8%)
2026-03-30 16:05:39  INFO      __main__ — Page 318/3230 — 20 reviews written [███░░░░░░░░░░░░░░░░░░░░░░░░░░░░░░░░░░░░░] 318/3230  (9.8%)
2026-03-30 16:06:04  INFO      __main__ — Page 319/3230 — 20 reviews written [███░░░░░░░░░░░░░░░░░░░░░░░░░░░░░░░░░░░░░] 319/3230  (9.9%)
2026-03-30 16:06:12  INFO      __main__ — Page 320/3230 — 20 reviews written [███░░░░░░░░░░░░░░░░░░░░░░░░░░░░░░░░░░░░░] 320/3230  (9.9%)
2026-03-30 16:06:23  INFO      __main__ — Page 321/3230 — 20 reviews written [███░░░░░░░░░░░░░░░░░░░░░░░░░░░░░░░░░░░░░] 321/3230  (9.9%)
2026-03-30 16:06:35  INFO      __main__ — Page 322/3230 — 20 reviews written [███░░░░░░░░░░░░░░░░░░░░░░░░░░░░░░░░░░░░░] 322/3230  (10.0%)
2026-03-30 16:06:46  INFO      __main__ — Page 323/3230 — 20 reviews written [████░░░░░░░░░░░░░░░░░░░░░░░░░░░░░░░░░░░░] 323/3230  (10.0%)
2026-03-30 16:07:13  INFO      __main__ — Page 324/3230 — 20 reviews written [████░░░░░░░░░░░░░░░░░░░░░░░░░░░░░░░░░░░░] 324/3230  (10.0%)
2026-03-30 16:07:21  INFO      __main__ — Page 325/3230 — 20 reviews written [████░░░░░░░░░░░░░░░░░░░░░░░░░░░░░░░░░░░░] 325/3230  (10.1%)
2026-03-30 16:07:32  INFO      __main__ — Page 326/3230 — 20 reviews written [████░░░░░░░░░░░░░░░░░░░░░░░░░░░░░░░░░░░░] 326/3230  (10.1%)
2026-03-30 16:07:55  INFO      __main__ — Page 327/3230 — 20 reviews written [████░░░░░░░░░░░░░░░░░░░░░░░░░░░░░░░░░░░░] 327/3230  (10.1%)
2026-03-30 16:08:06  INFO      __main__ — Page 328/3230 — 20 reviews written [████░░░░░░░░░░░░░░░░░░░░░░░░░░░░░░░░░░░░] 328/3230  (10.2%)
2026-03-30 16:08:17  INFO      __main__ — Page 329/3230 — 20 reviews written [████░░░░░░░░░░░░░░░░░░░░░░░░░░░░░░░░░░░░] 329/3230  (10.2%)
2026-03-30 16:08:27  INFO      __main__ — Page 330/3230 — 20 reviews written [████░░░░░░░░░░░░░░░░░░░░░░░░░░░░░░░░░░░░] 330/3230  (10.2%)
2026-03-30 16:09:07  INFO      __main__ — Page 331/3230 — 20 reviews written [████░░░░░░░░░░░░░░░░░░░░░░░░░░░░░░░░░░░░] 331/3230  (10.2%)
2026-03-30 16:09:40  INFO      __main__ — Page 332/3230 — 20 reviews written [████░░░░░░░░░░░░░░░░░░░░░░░░░░░░░░░░░░░░] 332/3230  (10.3%)
2026-03-30 16:09:49  INFO      __main__ — Page 333/3230 — 20 reviews written [████░░░░░░░░░░░░░░░░░░░░░░░░░░░░░░░░░░░░] 333/3230  (10.3%)
2026-03-30 16:09:58  INFO      __main__ — Page 334/3230 — 20 reviews written [████░░░░░░░░░░░░░░░░░░░░░░░░░░░░░░░░░░░░] 334/3230  (10.3%)
2026-03-30 16:10:10  INFO      __main__ — Page 335/3230 — 20 reviews written [████░░░░░░░░░░░░░░░░░░░░░░░░░░░░░░░░░░░░] 335/3230  (10.4%)
2026-03-30 16:10:20  INFO      __main__ — Page 336/3230 — 20 reviews written [████░░░░░░░░░░░░░░░░░░░░░░░░░░░░░░░░░░░░] 336/3230  (10.4%)
2026-03-30 16:10:33  INFO      __main__ — Page 337/3230 — 20 reviews written [████░░░░░░░░░░░░░░░░░░░░░░░░░░░░░░░░░░░░] 337/3230  (10.4%)
2026-03-30 16:11:12  INFO      __main__ — Page 338/3230 — 20 reviews written [████░░░░░░░░░░░░░░░░░░░░░░░░░░░░░░░░░░░░] 338/3230  (10.5%)
2026-03-30 16:11:51  INFO      __main__ — Page 339/3230 — 20 reviews written [████░░░░░░░░░░░░░░░░░░░░░░░░░░░░░░░░░░░░] 339/3230  (10.5%)
2026-03-30 16:12:00  INFO      __main__ — Page 340/3230 — 20 reviews written [████░░░░░░░░░░░░░░░░░░░░░░░░░░░░░░░░░░░░] 340/3230  (10.5%)
2026-03-30 16:12:12  INFO      __main__ — Page 341/3230 — 20 reviews written [████░░░░░░░░░░░░░░░░░░░░░░░░░░░░░░░░░░░░] 341/3230  (10.6%)
2026-03-30 16:12:24  INFO      __main__ — Page 342/3230 — 20 reviews written [████░░░░░░░░░░░░░░░░░░░░░░░░░░░░░░░░░░░░] 342/3230  (10.6%)
2026-03-30 16:12:33  INFO      __main__ — Page 343/3230 — 20 reviews written [████░░░░░░░░░░░░░░░░░░░░░░░░░░░░░░░░░░░░] 343/3230  (10.6%)
2026-03-30 16:12:44  INFO      __main__ — Page 344/3230 — 20 reviews written [████░░░░░░░░░░░░░░░░░░░░░░░░░░░░░░░░░░░░] 344/3230  (10.7%)
2026-03-30 16:12:56  INFO      __main__ — Page 345/3230 — 20 reviews written [████░░░░░░░░░░░░░░░░░░░░░░░░░░░░░░░░░░░░] 345/3230  (10.7%)
2026-03-30 16:13:05  INFO      __main__ — Page 346/3230 — 20 reviews written [████░░░░░░░░░░░░░░░░░░░░░░░░░░░░░░░░░░░░] 346/3230  (10.7%)
2026-03-30 16:13:51  INFO      __main__ — Page 347/3230 — 20 reviews written [████░░░░░░░░░░░░░░░░░░░░░░░░░░░░░░░░░░░░] 347/3230  (10.7%)
2026-03-30 16:13:59  INFO      __main__ — Page 348/3230 — 20 reviews written [████░░░░░░░░░░░░░░░░░░░░░░░░░░░░░░░░░░░░] 348/3230  (10.8%)
2026-03-30 16:15:33  INFO      __main__ — Page 349/3230 — 20 reviews written [████░░░░░░░░░░░░░░░░░░░░░░░░░░░░░░░░░░░░] 349/3230  (10.8%)
2026-03-30 16:15:45  INFO      __main__ — Page 350/3230 — 20 reviews written [████░░░░░░░░░░░░░░░░░░░░░░░░░░░░░░░░░░░░] 350/3230  (10.8%)
2026-03-30 16:16:25  INFO      __main__ — Page 351/3230 — 20 reviews written [████░░░░░░░░░░░░░░░░░░░░░░░░░░░░░░░░░░░░] 351/3230  (10.9%)
2026-03-30 16:16:35  INFO      __main__ — Page 352/3230 — 20 reviews written [████░░░░░░░░░░░░░░░░░░░░░░░░░░░░░░░░░░░░] 352/3230  (10.9%)
2026-03-30 16:16:46  INFO      __main__ — Page 353/3230 — 20 reviews written [████░░░░░░░░░░░░░░░░░░░░░░░░░░░░░░░░░░░░] 353/3230  (10.9%)
2026-03-30 16:16:57  INFO      __main__ — Page 354/3230 — 20 reviews written [████░░░░░░░░░░░░░░░░░░░░░░░░░░░░░░░░░░░░] 354/3230  (11.0%)
2026-03-30 16:18:06  INFO      __main__ — Page 355/3230 — 20 reviews written [████░░░░░░░░░░░░░░░░░░░░░░░░░░░░░░░░░░░░] 355/3230  (11.0%)
2026-03-30 16:18:45  INFO      __main__ — Page 356/3230 — 20 reviews written [████░░░░░░░░░░░░░░░░░░░░░░░░░░░░░░░░░░░░] 356/3230  (11.0%)
2026-03-30 16:18:55  INFO      __main__ — Page 357/3230 — 20 reviews written [████░░░░░░░░░░░░░░░░░░░░░░░░░░░░░░░░░░░░] 357/3230  (11.1%)
2026-03-30 16:19:06  INFO      __main__ — Page 358/3230 — 20 reviews written [████░░░░░░░░░░░░░░░░░░░░░░░░░░░░░░░░░░░░] 358/3230  (11.1%)
2026-03-30 16:19:18  INFO      __main__ — Page 359/3230 — 20 reviews written [████░░░░░░░░░░░░░░░░░░░░░░░░░░░░░░░░░░░░] 359/3230  (11.1%)
2026-03-30 16:19:59  INFO      __main__ — Page 360/3230 — 20 reviews written [████░░░░░░░░░░░░░░░░░░░░░░░░░░░░░░░░░░░░] 360/3230  (11.1%)
2026-03-30 16:20:37  INFO      __main__ — Page 361/3230 — 20 reviews written [████░░░░░░░░░░░░░░░░░░░░░░░░░░░░░░░░░░░░] 361/3230  (11.2%)
2026-03-30 16:20:47  INFO      __main__ — Page 362/3230 — 20 reviews written [████░░░░░░░░░░░░░░░░░░░░░░░░░░░░░░░░░░░░] 362/3230  (11.2%)
2026-03-30 16:20:58  INFO      __main__ — Page 363/3230 — 20 reviews written [████░░░░░░░░░░░░░░░░░░░░░░░░░░░░░░░░░░░░] 363/3230  (11.2%)
2026-03-30 16:21:07  INFO      __main__ — Page 364/3230 — 20 reviews written [████░░░░░░░░░░░░░░░░░░░░░░░░░░░░░░░░░░░░] 364/3230  (11.3%)
2026-03-30 16:21:18  INFO      __main__ — Page 365/3230 — 20 reviews written [████░░░░░░░░░░░░░░░░░░░░░░░░░░░░░░░░░░░░] 365/3230  (11.3%)
2026-03-30 16:22:01  INFO      __main__ — Page 366/3230 — 20 reviews written [████░░░░░░░░░░░░░░░░░░░░░░░░░░░░░░░░░░░░] 366/3230  (11.3%)
2026-03-30 16:22:11  INFO      __main__ — Page 367/3230 — 20 reviews written [████░░░░░░░░░░░░░░░░░░░░░░░░░░░░░░░░░░░░] 367/3230  (11.4%)
2026-03-30 16:22:57  INFO      __main__ — Page 368/3230 — 20 reviews written [████░░░░░░░░░░░░░░░░░░░░░░░░░░░░░░░░░░░░] 368/3230  (11.4%)
2026-03-30 16:23:22  INFO      __main__ — Page 369/3230 — 20 reviews written [████░░░░░░░░░░░░░░░░░░░░░░░░░░░░░░░░░░░░] 369/3230  (11.4%)
2026-03-30 16:24:02  INFO      __main__ — Page 370/3230 — 20 reviews written [████░░░░░░░░░░░░░░░░░░░░░░░░░░░░░░░░░░░░] 370/3230  (11.5%)
2026-03-30 16:24:13  INFO      __main__ — Page 371/3230 — 20 reviews written [████░░░░░░░░░░░░░░░░░░░░░░░░░░░░░░░░░░░░] 371/3230  (11.5%)
2026-03-30 16:24:55  INFO      __main__ — Page 372/3230 — 20 reviews written [████░░░░░░░░░░░░░░░░░░░░░░░░░░░░░░░░░░░░] 372/3230  (11.5%)
2026-03-30 16:25:04  INFO      __main__ — Page 373/3230 — 20 reviews written [████░░░░░░░░░░░░░░░░░░░░░░░░░░░░░░░░░░░░] 373/3230  (11.5%)
2026-03-30 16:25:16  INFO      __main__ — Page 374/3230 — 20 reviews written [████░░░░░░░░░░░░░░░░░░░░░░░░░░░░░░░░░░░░] 374/3230  (11.6%)
2026-03-30 16:25:55  INFO      __main__ — Page 375/3230 — 20 reviews written [████░░░░░░░░░░░░░░░░░░░░░░░░░░░░░░░░░░░░] 375/3230  (11.6%)
2026-03-30 16:26:06  INFO      __main__ — Page 376/3230 — 20 reviews written [████░░░░░░░░░░░░░░░░░░░░░░░░░░░░░░░░░░░░] 376/3230  (11.6%)
2026-03-30 16:26:21  INFO      __main__ — Page 377/3230 — 20 reviews written [████░░░░░░░░░░░░░░░░░░░░░░░░░░░░░░░░░░░░] 377/3230  (11.7%)
2026-03-30 16:26:31  INFO      __main__ — Page 378/3230 — 20 reviews written [████░░░░░░░░░░░░░░░░░░░░░░░░░░░░░░░░░░░░] 378/3230  (11.7%)
2026-03-30 16:26:40  INFO      __main__ — Page 379/3230 — 20 reviews written [████░░░░░░░░░░░░░░░░░░░░░░░░░░░░░░░░░░░░] 379/3230  (11.7%)
2026-03-30 16:27:20  INFO      __main__ — Page 380/3230 — 20 reviews written [████░░░░░░░░░░░░░░░░░░░░░░░░░░░░░░░░░░░░] 380/3230  (11.8%)
2026-03-30 16:27:30  INFO      __main__ — Page 381/3230 — 20 reviews written [████░░░░░░░░░░░░░░░░░░░░░░░░░░░░░░░░░░░░] 381/3230  (11.8%)
2026-03-30 16:27:39  INFO      __main__ — Page 382/3230 — 20 reviews written [████░░░░░░░░░░░░░░░░░░░░░░░░░░░░░░░░░░░░] 382/3230  (11.8%)
2026-03-30 16:27:49  INFO      __main__ — Page 383/3230 — 20 reviews written [████░░░░░░░░░░░░░░░░░░░░░░░░░░░░░░░░░░░░] 383/3230  (11.9%)
2026-03-30 16:28:31  INFO      __main__ — Page 384/3230 — 20 reviews written [████░░░░░░░░░░░░░░░░░░░░░░░░░░░░░░░░░░░░] 384/3230  (11.9%)
2026-03-30 16:28:44  INFO      __main__ — Page 385/3230 — 20 reviews written [████░░░░░░░░░░░░░░░░░░░░░░░░░░░░░░░░░░░░] 385/3230  (11.9%)
2026-03-30 16:29:09  INFO      __main__ — Page 386/3230 — 20 reviews written [████░░░░░░░░░░░░░░░░░░░░░░░░░░░░░░░░░░░░] 386/3230  (12.0%)
2026-03-30 16:29:48  INFO      __main__ — Page 387/3230 — 20 reviews written [████░░░░░░░░░░░░░░░░░░░░░░░░░░░░░░░░░░░░] 387/3230  (12.0%)
2026-03-30 16:30:09  INFO      __main__ — Page 388/3230 — 20 reviews written [████░░░░░░░░░░░░░░░░░░░░░░░░░░░░░░░░░░░░] 388/3230  (12.0%)
2026-03-30 16:30:18  INFO      __main__ — Page 389/3230 — 20 reviews written [████░░░░░░░░░░░░░░░░░░░░░░░░░░░░░░░░░░░░] 389/3230  (12.0%)
2026-03-30 16:30:28  INFO      __main__ — Page 390/3230 — 20 reviews written [████░░░░░░░░░░░░░░░░░░░░░░░░░░░░░░░░░░░░] 390/3230  (12.1%)
2026-03-30 16:30:36  INFO      __main__ — Page 391/3230 — 20 reviews written [████░░░░░░░░░░░░░░░░░░░░░░░░░░░░░░░░░░░░] 391/3230  (12.1%)
2026-03-30 16:30:48  INFO      __main__ — Page 392/3230 — 20 reviews written [████░░░░░░░░░░░░░░░░░░░░░░░░░░░░░░░░░░░░] 392/3230  (12.1%)
2026-03-30 16:30:59  INFO      __main__ — Page 393/3230 — 20 reviews written [████░░░░░░░░░░░░░░░░░░░░░░░░░░░░░░░░░░░░] 393/3230  (12.2%)
2026-03-30 16:31:19  INFO      __main__ — Page 394/3230 — 20 reviews written [████░░░░░░░░░░░░░░░░░░░░░░░░░░░░░░░░░░░░] 394/3230  (12.2%)
2026-03-30 16:31:29  INFO      __main__ — Page 395/3230 — 20 reviews written [████░░░░░░░░░░░░░░░░░░░░░░░░░░░░░░░░░░░░] 395/3230  (12.2%)
2026-03-30 16:31:39  INFO      __main__ — Page 396/3230 — 20 reviews written [████░░░░░░░░░░░░░░░░░░░░░░░░░░░░░░░░░░░░] 396/3230  (12.3%)
2026-03-30 16:31:59  INFO      __main__ — Page 397/3230 — 20 reviews written [████░░░░░░░░░░░░░░░░░░░░░░░░░░░░░░░░░░░░] 397/3230  (12.3%)
2026-03-30 16:32:38  INFO      __main__ — Page 398/3230 — 20 reviews written [████░░░░░░░░░░░░░░░░░░░░░░░░░░░░░░░░░░░░] 398/3230  (12.3%)
2026-03-30 16:32:49  INFO      __main__ — Page 399/3230 — 20 reviews written [████░░░░░░░░░░░░░░░░░░░░░░░░░░░░░░░░░░░░] 399/3230  (12.4%)
2026-03-30 16:32:59  INFO      __main__ — Page 400/3230 — 20 reviews written [████░░░░░░░░░░░░░░░░░░░░░░░░░░░░░░░░░░░░] 400/3230  (12.4%)
2026-03-30 16:33:10  INFO      __main__ — Page 401/3230 — 20 reviews written [████░░░░░░░░░░░░░░░░░░░░░░░░░░░░░░░░░░░░] 401/3230  (12.4%)
2026-03-30 16:33:19  INFO      __main__ — Page 402/3230 — 20 reviews written [████░░░░░░░░░░░░░░░░░░░░░░░░░░░░░░░░░░░░] 402/3230  (12.4%)
2026-03-30 16:33:28  INFO      __main__ — Page 403/3230 — 20 reviews written [████░░░░░░░░░░░░░░░░░░░░░░░░░░░░░░░░░░░░] 403/3230  (12.5%)
2026-03-30 16:33:38  INFO      __main__ — Page 404/3230 — 20 reviews written [█████░░░░░░░░░░░░░░░░░░░░░░░░░░░░░░░░░░░] 404/3230  (12.5%)
2026-03-30 16:34:20  INFO      __main__ — Page 405/3230 — 20 reviews written [█████░░░░░░░░░░░░░░░░░░░░░░░░░░░░░░░░░░░] 405/3230  (12.5%)
2026-03-30 16:35:00  INFO      __main__ — Page 406/3230 — 20 reviews written [█████░░░░░░░░░░░░░░░░░░░░░░░░░░░░░░░░░░░] 406/3230  (12.6%)
2026-03-30 16:35:08  INFO      __main__ — Page 407/3230 — 20 reviews written [█████░░░░░░░░░░░░░░░░░░░░░░░░░░░░░░░░░░░] 407/3230  (12.6%)
2026-03-30 16:35:19  INFO      __main__ — Page 408/3230 — 20 reviews written [█████░░░░░░░░░░░░░░░░░░░░░░░░░░░░░░░░░░░] 408/3230  (12.6%)
2026-03-30 16:35:32  INFO      __main__ — Page 409/3230 — 20 reviews written [█████░░░░░░░░░░░░░░░░░░░░░░░░░░░░░░░░░░░] 409/3230  (12.7%)
2026-03-30 16:35:43  INFO      __main__ — Page 410/3230 — 20 reviews written [█████░░░░░░░░░░░░░░░░░░░░░░░░░░░░░░░░░░░] 410/3230  (12.7%)
2026-03-30 16:36:23  INFO      __main__ — Page 411/3230 — 20 reviews written [█████░░░░░░░░░░░░░░░░░░░░░░░░░░░░░░░░░░░] 411/3230  (12.7%)
2026-03-30 16:36:35  INFO      __main__ — Page 412/3230 — 20 reviews written [█████░░░░░░░░░░░░░░░░░░░░░░░░░░░░░░░░░░░] 412/3230  (12.8%)
2026-03-30 16:36:57  INFO      __main__ — Page 413/3230 — 20 reviews written [█████░░░░░░░░░░░░░░░░░░░░░░░░░░░░░░░░░░░] 413/3230  (12.8%)
2026-03-30 16:37:05  INFO      __main__ — Page 414/3230 — 20 reviews written [█████░░░░░░░░░░░░░░░░░░░░░░░░░░░░░░░░░░░] 414/3230  (12.8%)
2026-03-30 16:37:13  INFO      __main__ — Page 415/3230 — 20 reviews written [█████░░░░░░░░░░░░░░░░░░░░░░░░░░░░░░░░░░░] 415/3230  (12.8%)
2026-03-30 16:37:59  INFO      __main__ — Page 416/3230 — 20 reviews written [█████░░░░░░░░░░░░░░░░░░░░░░░░░░░░░░░░░░░] 416/3230  (12.9%)
2026-03-30 16:38:09  INFO      __main__ — Page 417/3230 — 20 reviews written [█████░░░░░░░░░░░░░░░░░░░░░░░░░░░░░░░░░░░] 417/3230  (12.9%)
2026-03-30 16:38:21  INFO      __main__ — Page 418/3230 — 20 reviews written [█████░░░░░░░░░░░░░░░░░░░░░░░░░░░░░░░░░░░] 418/3230  (12.9%)
2026-03-30 16:38:46  INFO      __main__ — Page 419/3230 — 20 reviews written [█████░░░░░░░░░░░░░░░░░░░░░░░░░░░░░░░░░░░] 419/3230  (13.0%)
2026-03-30 16:38:55  INFO      __main__ — Page 420/3230 — 20 reviews written [█████░░░░░░░░░░░░░░░░░░░░░░░░░░░░░░░░░░░] 420/3230  (13.0%)
2026-03-30 16:39:37  INFO      __main__ — Page 421/3230 — 20 reviews written [█████░░░░░░░░░░░░░░░░░░░░░░░░░░░░░░░░░░░] 421/3230  (13.0%)
2026-03-30 16:40:19  INFO      __main__ — Page 422/3230 — 20 reviews written [█████░░░░░░░░░░░░░░░░░░░░░░░░░░░░░░░░░░░] 422/3230  (13.1%)
2026-03-30 16:41:17  INFO      __main__ — Page 423/3230 — 20 reviews written [█████░░░░░░░░░░░░░░░░░░░░░░░░░░░░░░░░░░░] 423/3230  (13.1%)
2026-03-30 16:41:55  INFO      __main__ — Page 424/3230 — 20 reviews written [█████░░░░░░░░░░░░░░░░░░░░░░░░░░░░░░░░░░░] 424/3230  (13.1%)
2026-03-30 16:42:30  INFO      __main__ — Page 425/3230 — 20 reviews written [█████░░░░░░░░░░░░░░░░░░░░░░░░░░░░░░░░░░░] 425/3230  (13.2%)
2026-03-30 16:42:58  INFO      __main__ — Page 426/3230 — 20 reviews written [█████░░░░░░░░░░░░░░░░░░░░░░░░░░░░░░░░░░░] 426/3230  (13.2%)
2026-03-30 16:43:40  INFO      __main__ — Page 427/3230 — 20 reviews written [█████░░░░░░░░░░░░░░░░░░░░░░░░░░░░░░░░░░░] 427/3230  (13.2%)
2026-03-30 16:43:51  INFO      __main__ — Page 428/3230 — 20 reviews written [█████░░░░░░░░░░░░░░░░░░░░░░░░░░░░░░░░░░░] 428/3230  (13.3%)
2026-03-30 16:44:01  INFO      __main__ — Page 429/3230 — 20 reviews written [█████░░░░░░░░░░░░░░░░░░░░░░░░░░░░░░░░░░░] 429/3230  (13.3%)
2026-03-30 16:44:10  INFO      __main__ — Page 430/3230 — 20 reviews written [█████░░░░░░░░░░░░░░░░░░░░░░░░░░░░░░░░░░░] 430/3230  (13.3%)
2026-03-30 16:44:22  INFO      __main__ — Page 431/3230 — 20 reviews written [█████░░░░░░░░░░░░░░░░░░░░░░░░░░░░░░░░░░░] 431/3230  (13.3%)
2026-03-30 16:44:31  INFO      __main__ — Page 432/3230 — 20 reviews written [█████░░░░░░░░░░░░░░░░░░░░░░░░░░░░░░░░░░░] 432/3230  (13.4%)
2026-03-30 16:45:18  INFO      __main__ — Page 433/3230 — 20 reviews written [█████░░░░░░░░░░░░░░░░░░░░░░░░░░░░░░░░░░░] 433/3230  (13.4%)
2026-03-30 16:45:57  INFO      __main__ — Page 434/3230 — 20 reviews written [█████░░░░░░░░░░░░░░░░░░░░░░░░░░░░░░░░░░░] 434/3230  (13.4%)
2026-03-30 16:46:08  INFO      __main__ — Page 435/3230 — 20 reviews written [█████░░░░░░░░░░░░░░░░░░░░░░░░░░░░░░░░░░░] 435/3230  (13.5%)
2026-03-30 16:46:16  INFO      __main__ — Page 436/3230 — 20 reviews written [█████░░░░░░░░░░░░░░░░░░░░░░░░░░░░░░░░░░░] 436/3230  (13.5%)
2026-03-30 16:46:55  INFO      __main__ — Page 437/3230 — 20 reviews written [█████░░░░░░░░░░░░░░░░░░░░░░░░░░░░░░░░░░░] 437/3230  (13.5%)
2026-03-30 16:48:07  INFO      __main__ — Page 438/3230 — 20 reviews written [█████░░░░░░░░░░░░░░░░░░░░░░░░░░░░░░░░░░░] 438/3230  (13.6%)
2026-03-30 16:48:18  INFO      __main__ — Page 439/3230 — 20 reviews written [█████░░░░░░░░░░░░░░░░░░░░░░░░░░░░░░░░░░░] 439/3230  (13.6%)
2026-03-30 16:48:59  INFO      __main__ — Page 440/3230 — 20 reviews written [█████░░░░░░░░░░░░░░░░░░░░░░░░░░░░░░░░░░░] 440/3230  (13.6%)
2026-03-30 16:50:14  INFO      __main__ — Page 441/3230 — 20 reviews written [█████░░░░░░░░░░░░░░░░░░░░░░░░░░░░░░░░░░░] 441/3230  (13.7%)
2026-03-30 16:50:26  INFO      __main__ — Page 442/3230 — 20 reviews written [█████░░░░░░░░░░░░░░░░░░░░░░░░░░░░░░░░░░░] 442/3230  (13.7%)
2026-03-30 16:51:07  INFO      __main__ — Page 443/3230 — 20 reviews written [█████░░░░░░░░░░░░░░░░░░░░░░░░░░░░░░░░░░░] 443/3230  (13.7%)
2026-03-30 16:51:21  INFO      __main__ — Page 444/3230 — 20 reviews written [█████░░░░░░░░░░░░░░░░░░░░░░░░░░░░░░░░░░░] 444/3230  (13.7%)
2026-03-30 16:52:34  INFO      __main__ — Page 445/3230 — 20 reviews written [█████░░░░░░░░░░░░░░░░░░░░░░░░░░░░░░░░░░░] 445/3230  (13.8%)
2026-03-30 16:53:12  INFO      __main__ — Page 446/3230 — 20 reviews written [█████░░░░░░░░░░░░░░░░░░░░░░░░░░░░░░░░░░░] 446/3230  (13.8%)
2026-03-30 16:53:22  INFO      __main__ — Page 447/3230 — 20 reviews written [█████░░░░░░░░░░░░░░░░░░░░░░░░░░░░░░░░░░░] 447/3230  (13.8%)
2026-03-30 16:54:03  INFO      __main__ — Page 448/3230 — 20 reviews written [█████░░░░░░░░░░░░░░░░░░░░░░░░░░░░░░░░░░░] 448/3230  (13.9%)
2026-03-30 16:54:43  INFO      __main__ — Page 449/3230 — 20 reviews written [█████░░░░░░░░░░░░░░░░░░░░░░░░░░░░░░░░░░░] 449/3230  (13.9%)
2026-03-30 16:54:54  INFO      __main__ — Page 450/3230 — 20 reviews written [█████░░░░░░░░░░░░░░░░░░░░░░░░░░░░░░░░░░░] 450/3230  (13.9%)
2026-03-30 16:55:06  INFO      __main__ — Page 451/3230 — 20 reviews written [█████░░░░░░░░░░░░░░░░░░░░░░░░░░░░░░░░░░░] 451/3230  (14.0%)
2026-03-30 16:55:17  INFO      __main__ — Page 452/3230 — 20 reviews written [█████░░░░░░░░░░░░░░░░░░░░░░░░░░░░░░░░░░░] 452/3230  (14.0%)
2026-03-30 16:55:28  INFO      __main__ — Page 453/3230 — 20 reviews written [█████░░░░░░░░░░░░░░░░░░░░░░░░░░░░░░░░░░░] 453/3230  (14.0%)
2026-03-30 16:56:16  INFO      __main__ — Page 454/3230 — 20 reviews written [█████░░░░░░░░░░░░░░░░░░░░░░░░░░░░░░░░░░░] 454/3230  (14.1%)
2026-03-30 16:57:28  INFO      __main__ — Page 455/3230 — 20 reviews written [█████░░░░░░░░░░░░░░░░░░░░░░░░░░░░░░░░░░░] 455/3230  (14.1%)
2026-03-30 16:57:36  INFO      __main__ — Page 456/3230 — 20 reviews written [█████░░░░░░░░░░░░░░░░░░░░░░░░░░░░░░░░░░░] 456/3230  (14.1%)
2026-03-30 16:58:19  INFO      __main__ — Page 457/3230 — 20 reviews written [█████░░░░░░░░░░░░░░░░░░░░░░░░░░░░░░░░░░░] 457/3230  (14.1%)
2026-03-30 16:59:28  INFO      __main__ — Page 458/3230 — 20 reviews written [█████░░░░░░░░░░░░░░░░░░░░░░░░░░░░░░░░░░░] 458/3230  (14.2%)
2026-03-30 16:59:38  INFO      __main__ — Page 459/3230 — 20 reviews written [█████░░░░░░░░░░░░░░░░░░░░░░░░░░░░░░░░░░░] 459/3230  (14.2%)
2026-03-30 17:00:48  INFO      __main__ — Page 460/3230 — 20 reviews written [█████░░░░░░░░░░░░░░░░░░░░░░░░░░░░░░░░░░░] 460/3230  (14.2%)
2026-03-30 17:00:57  INFO      __main__ — Page 461/3230 — 20 reviews written [█████░░░░░░░░░░░░░░░░░░░░░░░░░░░░░░░░░░░] 461/3230  (14.3%)
2026-03-30 17:01:39  INFO      __main__ — Page 462/3230 — 20 reviews written [█████░░░░░░░░░░░░░░░░░░░░░░░░░░░░░░░░░░░] 462/3230  (14.3%)
2026-03-30 17:01:47  INFO      __main__ — Page 463/3230 — 20 reviews written [█████░░░░░░░░░░░░░░░░░░░░░░░░░░░░░░░░░░░] 463/3230  (14.3%)
2026-03-30 17:01:55  INFO      __main__ — Page 464/3230 — 20 reviews written [█████░░░░░░░░░░░░░░░░░░░░░░░░░░░░░░░░░░░] 464/3230  (14.4%)
2026-03-30 17:02:07  INFO      __main__ — Page 465/3230 — 20 reviews written [█████░░░░░░░░░░░░░░░░░░░░░░░░░░░░░░░░░░░] 465/3230  (14.4%)
2026-03-30 17:02:17  INFO      __main__ — Page 466/3230 — 20 reviews written [█████░░░░░░░░░░░░░░░░░░░░░░░░░░░░░░░░░░░] 466/3230  (14.4%)
2026-03-30 17:02:27  INFO      __main__ — Page 467/3230 — 20 reviews written [█████░░░░░░░░░░░░░░░░░░░░░░░░░░░░░░░░░░░] 467/3230  (14.5%)
2026-03-30 17:02:38  INFO      __main__ — Page 468/3230 — 20 reviews written [█████░░░░░░░░░░░░░░░░░░░░░░░░░░░░░░░░░░░] 468/3230  (14.5%)
2026-03-30 17:03:22  INFO      __main__ — Page 469/3230 — 20 reviews written [█████░░░░░░░░░░░░░░░░░░░░░░░░░░░░░░░░░░░] 469/3230  (14.5%)
2026-03-30 17:04:01  INFO      __main__ — Page 470/3230 — 20 reviews written [█████░░░░░░░░░░░░░░░░░░░░░░░░░░░░░░░░░░░] 470/3230  (14.6%)
2026-03-30 17:04:09  INFO      __main__ — Page 471/3230 — 20 reviews written [█████░░░░░░░░░░░░░░░░░░░░░░░░░░░░░░░░░░░] 471/3230  (14.6%)
2026-03-30 17:04:19  INFO      __main__ — Page 472/3230 — 20 reviews written [█████░░░░░░░░░░░░░░░░░░░░░░░░░░░░░░░░░░░] 472/3230  (14.6%)
2026-03-30 17:04:31  INFO      __main__ — Page 473/3230 — 20 reviews written [█████░░░░░░░░░░░░░░░░░░░░░░░░░░░░░░░░░░░] 473/3230  (14.6%)
2026-03-30 17:04:40  INFO      __main__ — Page 474/3230 — 20 reviews written [█████░░░░░░░░░░░░░░░░░░░░░░░░░░░░░░░░░░░] 474/3230  (14.7%)
2026-03-30 17:04:48  INFO      __main__ — Page 475/3230 — 20 reviews written [█████░░░░░░░░░░░░░░░░░░░░░░░░░░░░░░░░░░░] 475/3230  (14.7%)
2026-03-30 17:05:28  INFO      __main__ — Page 476/3230 — 20 reviews written [█████░░░░░░░░░░░░░░░░░░░░░░░░░░░░░░░░░░░] 476/3230  (14.7%)
2026-03-30 17:06:09  INFO      __main__ — Page 477/3230 — 20 reviews written [█████░░░░░░░░░░░░░░░░░░░░░░░░░░░░░░░░░░░] 477/3230  (14.8%)
2026-03-30 17:06:19  INFO      __main__ — Page 478/3230 — 20 reviews written [█████░░░░░░░░░░░░░░░░░░░░░░░░░░░░░░░░░░░] 478/3230  (14.8%)
2026-03-30 17:06:31  INFO      __main__ — Page 479/3230 — 20 reviews written [█████░░░░░░░░░░░░░░░░░░░░░░░░░░░░░░░░░░░] 479/3230  (14.8%)
2026-03-30 17:06:44  INFO      __main__ — Page 480/3230 — 20 reviews written [█████░░░░░░░░░░░░░░░░░░░░░░░░░░░░░░░░░░░] 480/3230  (14.9%)
2026-03-30 17:06:57  INFO      __main__ — Page 481/3230 — 20 reviews written [█████░░░░░░░░░░░░░░░░░░░░░░░░░░░░░░░░░░░] 481/3230  (14.9%)
2026-03-30 17:08:08  INFO      __main__ — Page 482/3230 — 20 reviews written [█████░░░░░░░░░░░░░░░░░░░░░░░░░░░░░░░░░░░] 482/3230  (14.9%)
2026-03-30 17:08:16  INFO      __main__ — Page 483/3230 — 20 reviews written [█████░░░░░░░░░░░░░░░░░░░░░░░░░░░░░░░░░░░] 483/3230  (15.0%)
2026-03-30 17:08:28  INFO      __main__ — Page 484/3230 — 20 reviews written [█████░░░░░░░░░░░░░░░░░░░░░░░░░░░░░░░░░░░] 484/3230  (15.0%)
2026-03-30 17:08:39  INFO      __main__ — Page 485/3230 — 20 reviews written [██████░░░░░░░░░░░░░░░░░░░░░░░░░░░░░░░░░░] 485/3230  (15.0%)
2026-03-30 17:08:50  INFO      __main__ — Page 486/3230 — 20 reviews written [██████░░░░░░░░░░░░░░░░░░░░░░░░░░░░░░░░░░] 486/3230  (15.0%)
2026-03-30 17:09:00  INFO      __main__ — Page 487/3230 — 20 reviews written [██████░░░░░░░░░░░░░░░░░░░░░░░░░░░░░░░░░░] 487/3230  (15.1%)
2026-03-30 17:09:09  INFO      __main__ — Page 488/3230 — 20 reviews written [██████░░░░░░░░░░░░░░░░░░░░░░░░░░░░░░░░░░] 488/3230  (15.1%)
2026-03-30 17:09:53  INFO      __main__ — Page 489/3230 — 20 reviews written [██████░░░░░░░░░░░░░░░░░░░░░░░░░░░░░░░░░░] 489/3230  (15.1%)
2026-03-30 17:10:04  INFO      __main__ — Page 490/3230 — 20 reviews written [██████░░░░░░░░░░░░░░░░░░░░░░░░░░░░░░░░░░] 490/3230  (15.2%)
2026-03-30 17:10:15  INFO      __main__ — Page 491/3230 — 20 reviews written [██████░░░░░░░░░░░░░░░░░░░░░░░░░░░░░░░░░░] 491/3230  (15.2%)
2026-03-30 17:10:26  INFO      __main__ — Page 492/3230 — 20 reviews written [██████░░░░░░░░░░░░░░░░░░░░░░░░░░░░░░░░░░] 492/3230  (15.2%)
2026-03-30 17:10:35  INFO      __main__ — Page 493/3230 — 20 reviews written [██████░░░░░░░░░░░░░░░░░░░░░░░░░░░░░░░░░░] 493/3230  (15.3%)
2026-03-30 17:11:17  INFO      __main__ — Page 494/3230 — 20 reviews written [██████░░░░░░░░░░░░░░░░░░░░░░░░░░░░░░░░░░] 494/3230  (15.3%)
2026-03-30 17:11:56  INFO      __main__ — Page 495/3230 — 20 reviews written [██████░░░░░░░░░░░░░░░░░░░░░░░░░░░░░░░░░░] 495/3230  (15.3%)
2026-03-30 17:12:05  INFO      __main__ — Page 496/3230 — 20 reviews written [██████░░░░░░░░░░░░░░░░░░░░░░░░░░░░░░░░░░] 496/3230  (15.4%)
2026-03-30 17:12:47  INFO      __main__ — Page 497/3230 — 20 reviews written [██████░░░░░░░░░░░░░░░░░░░░░░░░░░░░░░░░░░] 497/3230  (15.4%)
2026-03-30 17:12:59  INFO      __main__ — Page 498/3230 — 20 reviews written [██████░░░░░░░░░░░░░░░░░░░░░░░░░░░░░░░░░░] 498/3230  (15.4%)
2026-03-30 17:13:07  INFO      __main__ — Page 499/3230 — 20 reviews written [██████░░░░░░░░░░░░░░░░░░░░░░░░░░░░░░░░░░] 499/3230  (15.4%)
2026-03-30 17:13:17  INFO      __main__ — Page 500/3230 — 20 reviews written [██████░░░░░░░░░░░░░░░░░░░░░░░░░░░░░░░░░░] 500/3230  (15.5%)
2026-03-30 17:13:43  WARNING   __main__ — Timed out waiting for review cards.
2026-03-30 17:13:45  WARNING   __main__ — No reviews found on page 501 (streak: 1)
2026-03-30 17:14:12  WARNING   __main__ — Timed out waiting for review cards.
2026-03-30 17:14:14  WARNING   __main__ — No reviews found on page 502 (streak: 2)
2026-03-30 17:14:14  INFO      __main__ — 2 consecutive empty pages. Assuming end of dataset.
2026-03-30 17:14:15  INFO      __main__ — === Done! 9160 new reviews written ===
